ARM GAS  /tmp/ccGK7wM9.s 			page 1


   1              		.cpu cortex-m4
   2              		.arch armv7e-m
   3              		.fpu fpv4-sp-d16
   4              		.eabi_attribute 27, 1
   5              		.eabi_attribute 28, 1
   6              		.eabi_attribute 20, 1
   7              		.eabi_attribute 21, 1
   8              		.eabi_attribute 23, 3
   9              		.eabi_attribute 24, 1
  10              		.eabi_attribute 25, 1
  11              		.eabi_attribute 26, 1
  12              		.eabi_attribute 30, 1
  13              		.eabi_attribute 34, 1
  14              		.eabi_attribute 18, 4
  15              		.file	"Buzzer.c"
  16              		.text
  17              	.Ltext0:
  18              		.cfi_sections	.debug_frame
  19              		.file 1 "MyHardWare/Src/Buzzer.c"
  20              		.section	.text.Buzzer_Init,"ax",%progbits
  21              		.align	1
  22              		.global	Buzzer_Init
  23              		.syntax unified
  24              		.thumb
  25              		.thumb_func
  27              	Buzzer_Init:
  28              	.LFB123:
   1:MyHardWare/Src/Buzzer.c **** #include "Buzzer.h"
   2:MyHardWare/Src/Buzzer.c **** void Buzzer_Init(void) {
  29              		.loc 1 2 24 view -0
  30              		.cfi_startproc
  31              		@ args = 0, pretend = 0, frame = 8
  32              		@ frame_needed = 0, uses_anonymous_args = 0
  33 0000 00B5     		push	{lr}
  34              	.LCFI0:
  35              		.cfi_def_cfa_offset 4
  36              		.cfi_offset 14, -4
  37 0002 83B0     		sub	sp, sp, #12
  38              	.LCFI1:
  39              		.cfi_def_cfa_offset 16
   3:MyHardWare/Src/Buzzer.c ****   RCC_AHB1PeriphClockCmd(RCC_AHB1Periph_GPIOC, ENABLE);
  40              		.loc 1 3 3 view .LVU1
  41 0004 0121     		movs	r1, #1
  42 0006 0420     		movs	r0, #4
  43 0008 FFF7FEFF 		bl	RCC_AHB1PeriphClockCmd
  44              	.LVL0:
   4:MyHardWare/Src/Buzzer.c ****   GPIO_InitTypeDef GPIO_InitStructure;
  45              		.loc 1 4 3 view .LVU2
   5:MyHardWare/Src/Buzzer.c ****   GPIO_InitStructure.GPIO_Mode = GPIO_Mode_OUT;
  46              		.loc 1 5 3 view .LVU3
  47              		.loc 1 5 32 is_stmt 0 view .LVU4
  48 000c 0123     		movs	r3, #1
  49 000e 8DF80430 		strb	r3, [sp, #4]
   6:MyHardWare/Src/Buzzer.c ****   GPIO_InitStructure.GPIO_OType = GPIO_OType_PP;
  50              		.loc 1 6 3 is_stmt 1 view .LVU5
  51              		.loc 1 6 33 is_stmt 0 view .LVU6
  52 0012 0023     		movs	r3, #0
ARM GAS  /tmp/ccGK7wM9.s 			page 2


  53 0014 8DF80630 		strb	r3, [sp, #6]
   7:MyHardWare/Src/Buzzer.c ****   GPIO_InitStructure.GPIO_Pin = GPIO_Pin_6;
  54              		.loc 1 7 3 is_stmt 1 view .LVU7
  55              		.loc 1 7 31 is_stmt 0 view .LVU8
  56 0018 4023     		movs	r3, #64
  57 001a 0093     		str	r3, [sp]
   8:MyHardWare/Src/Buzzer.c ****   GPIO_InitStructure.GPIO_Speed = GPIO_High_Speed;
  58              		.loc 1 8 3 is_stmt 1 view .LVU9
  59              		.loc 1 8 33 is_stmt 0 view .LVU10
  60 001c 0323     		movs	r3, #3
  61 001e 8DF80530 		strb	r3, [sp, #5]
   9:MyHardWare/Src/Buzzer.c ****   GPIO_Init(GPIOC, &GPIO_InitStructure);
  62              		.loc 1 9 3 is_stmt 1 view .LVU11
  63 0022 6946     		mov	r1, sp
  64 0024 0248     		ldr	r0, .L3
  65 0026 FFF7FEFF 		bl	GPIO_Init
  66              	.LVL1:
  10:MyHardWare/Src/Buzzer.c **** }
  67              		.loc 1 10 1 is_stmt 0 view .LVU12
  68 002a 03B0     		add	sp, sp, #12
  69              	.LCFI2:
  70              		.cfi_def_cfa_offset 4
  71              		@ sp needed
  72 002c 5DF804FB 		ldr	pc, [sp], #4
  73              	.L4:
  74              		.align	2
  75              	.L3:
  76 0030 00080240 		.word	1073874944
  77              		.cfi_endproc
  78              	.LFE123:
  80              		.text
  81              	.Letext0:
  82              		.file 2 "/usr/lib/gcc/arm-none-eabi/13.2.1/include/stdint.h"
  83              		.file 3 "CMSIS/stm32f4xx.h"
  84              		.file 4 "Lib/StdPeriphs/inc/stm32f4xx_gpio.h"
  85              		.file 5 "Lib/StdPeriphs/inc/stm32f4xx_rcc.h"
ARM GAS  /tmp/ccGK7wM9.s 			page 3


DEFINED SYMBOLS
                            *ABS*:00000000 Buzzer.c
     /tmp/ccGK7wM9.s:21     .text.Buzzer_Init:00000000 $t
     /tmp/ccGK7wM9.s:27     .text.Buzzer_Init:00000000 Buzzer_Init
     /tmp/ccGK7wM9.s:76     .text.Buzzer_Init:00000030 $d

UNDEFINED SYMBOLS
RCC_AHB1PeriphClockCmd
GPIO_Init
