ARM GAS  /tmp/ccbhhCvX.s 			page 1


   1              		.cpu cortex-m4
   2              		.arch armv7e-m
   3              		.fpu fpv4-sp-d16
   4              		.eabi_attribute 27, 1
   5              		.eabi_attribute 28, 1
   6              		.eabi_attribute 20, 1
   7              		.eabi_attribute 21, 1
   8              		.eabi_attribute 23, 3
   9              		.eabi_attribute 24, 1
  10              		.eabi_attribute 25, 1
  11              		.eabi_attribute 26, 1
  12              		.eabi_attribute 30, 1
  13              		.eabi_attribute 34, 1
  14              		.eabi_attribute 18, 4
  15              		.file	"DAC.c"
  16              		.text
  17              	.Ltext0:
  18              		.cfi_sections	.debug_frame
  19              		.file 1 "MyHardWare/Src/DAC.c"
  20              		.section	.text.DAC_GPIO_Config,"ax",%progbits
  21              		.align	1
  22              		.global	DAC_GPIO_Config
  23              		.syntax unified
  24              		.thumb
  25              		.thumb_func
  27              	DAC_GPIO_Config:
  28              	.LFB123:
   1:MyHardWare/Src/DAC.c **** #include "DAC.h"
   2:MyHardWare/Src/DAC.c **** void DAC_GPIO_Config(void) {
  29              		.loc 1 2 28 view -0
  30              		.cfi_startproc
  31              		@ args = 0, pretend = 0, frame = 8
  32              		@ frame_needed = 0, uses_anonymous_args = 0
  33 0000 00B5     		push	{lr}
  34              	.LCFI0:
  35              		.cfi_def_cfa_offset 4
  36              		.cfi_offset 14, -4
  37 0002 83B0     		sub	sp, sp, #12
  38              	.LCFI1:
  39              		.cfi_def_cfa_offset 16
   3:MyHardWare/Src/DAC.c ****   RCC_AHB1PeriphClockCmd(RCC_AHB1Periph_GPIOA, ENABLE);
  40              		.loc 1 3 3 view .LVU1
  41 0004 0121     		movs	r1, #1
  42 0006 0846     		mov	r0, r1
  43 0008 FFF7FEFF 		bl	RCC_AHB1PeriphClockCmd
  44              	.LVL0:
   4:MyHardWare/Src/DAC.c ****   GPIO_InitTypeDef GPIO_InitStructre;
  45              		.loc 1 4 3 view .LVU2
   5:MyHardWare/Src/DAC.c ****   GPIO_InitStructre.GPIO_Mode = GPIO_Mode_AN;
  46              		.loc 1 5 3 view .LVU3
  47              		.loc 1 5 31 is_stmt 0 view .LVU4
  48 000c 0323     		movs	r3, #3
  49 000e 8DF80430 		strb	r3, [sp, #4]
   6:MyHardWare/Src/DAC.c ****   GPIO_InitStructre.GPIO_Pin = GPIO_Pin_4;
  50              		.loc 1 6 3 is_stmt 1 view .LVU5
  51              		.loc 1 6 30 is_stmt 0 view .LVU6
  52 0012 1022     		movs	r2, #16
ARM GAS  /tmp/ccbhhCvX.s 			page 2


  53 0014 0092     		str	r2, [sp]
   7:MyHardWare/Src/DAC.c ****   GPIO_InitStructre.GPIO_Speed = GPIO_Speed_100MHz;
  54              		.loc 1 7 3 is_stmt 1 view .LVU7
  55              		.loc 1 7 32 is_stmt 0 view .LVU8
  56 0016 8DF80530 		strb	r3, [sp, #5]
   8:MyHardWare/Src/DAC.c ****   GPIO_InitStructre.GPIO_PuPd = GPIO_PuPd_NOPULL;
  57              		.loc 1 8 3 is_stmt 1 view .LVU9
  58              		.loc 1 8 31 is_stmt 0 view .LVU10
  59 001a 0023     		movs	r3, #0
  60 001c 8DF80730 		strb	r3, [sp, #7]
   9:MyHardWare/Src/DAC.c ****   GPIO_Init(GPIOA, &GPIO_InitStructre);
  61              		.loc 1 9 3 is_stmt 1 view .LVU11
  62 0020 6946     		mov	r1, sp
  63 0022 0348     		ldr	r0, .L3
  64 0024 FFF7FEFF 		bl	GPIO_Init
  65              	.LVL1:
  10:MyHardWare/Src/DAC.c **** }
  66              		.loc 1 10 1 is_stmt 0 view .LVU12
  67 0028 03B0     		add	sp, sp, #12
  68              	.LCFI2:
  69              		.cfi_def_cfa_offset 4
  70              		@ sp needed
  71 002a 5DF804FB 		ldr	pc, [sp], #4
  72              	.L4:
  73 002e 00BF     		.align	2
  74              	.L3:
  75 0030 00000240 		.word	1073872896
  76              		.cfi_endproc
  77              	.LFE123:
  79              		.section	.text.DAC_Time_Config,"ax",%progbits
  80              		.align	1
  81              		.global	DAC_Time_Config
  82              		.syntax unified
  83              		.thumb
  84              		.thumb_func
  86              	DAC_Time_Config:
  87              	.LFB124:
  11:MyHardWare/Src/DAC.c **** void DAC_Time_Config(void) {
  88              		.loc 1 11 28 is_stmt 1 view -0
  89              		.cfi_startproc
  90              		@ args = 0, pretend = 0, frame = 16
  91              		@ frame_needed = 0, uses_anonymous_args = 0
  92 0000 10B5     		push	{r4, lr}
  93              	.LCFI3:
  94              		.cfi_def_cfa_offset 8
  95              		.cfi_offset 4, -8
  96              		.cfi_offset 14, -4
  97 0002 84B0     		sub	sp, sp, #16
  98              	.LCFI4:
  99              		.cfi_def_cfa_offset 24
  12:MyHardWare/Src/DAC.c ****   RCC_APB1PeriphClockCmd(RCC_APB1Periph_TIM6, ENABLE);
 100              		.loc 1 12 3 view .LVU14
 101 0004 0121     		movs	r1, #1
 102 0006 1020     		movs	r0, #16
 103 0008 FFF7FEFF 		bl	RCC_APB1PeriphClockCmd
 104              	.LVL2:
  13:MyHardWare/Src/DAC.c ****   TIM_TimeBaseInitTypeDef TIM_TimeBaseInitStructre;
ARM GAS  /tmp/ccbhhCvX.s 			page 3


 105              		.loc 1 13 3 view .LVU15
  14:MyHardWare/Src/DAC.c ****   TIM_TimeBaseInitStructre.TIM_ClockDivision = TIM_CKD_DIV1;
 106              		.loc 1 14 3 view .LVU16
 107              		.loc 1 14 46 is_stmt 0 view .LVU17
 108 000c 0023     		movs	r3, #0
 109 000e ADF80C30 		strh	r3, [sp, #12]	@ movhi
  15:MyHardWare/Src/DAC.c ****   TIM_TimeBaseInitStructre.TIM_CounterMode = TIM_CounterMode_Up;
 110              		.loc 1 15 3 is_stmt 1 view .LVU18
 111              		.loc 1 15 44 is_stmt 0 view .LVU19
 112 0012 ADF80630 		strh	r3, [sp, #6]	@ movhi
  16:MyHardWare/Src/DAC.c ****   TIM_TimeBaseInitStructre.TIM_Period = TIM6_ARR;
 113              		.loc 1 16 3 is_stmt 1 view .LVU20
 114              		.loc 1 16 39 is_stmt 0 view .LVU21
 115 0016 0923     		movs	r3, #9
 116 0018 0293     		str	r3, [sp, #8]
  17:MyHardWare/Src/DAC.c ****   TIM_TimeBaseInitStructre.TIM_Prescaler = TIM6_PSC;
 117              		.loc 1 17 3 is_stmt 1 view .LVU22
 118              		.loc 1 17 42 is_stmt 0 view .LVU23
 119 001a 42F2CF03 		movw	r3, #8399
 120 001e ADF80430 		strh	r3, [sp, #4]	@ movhi
 121              		.loc 1 17 52 is_stmt 1 view .LVU24
  18:MyHardWare/Src/DAC.c ****   TIM_TimeBaseInit(TIM6, &TIM_TimeBaseInitStructre);
 122              		.loc 1 18 3 view .LVU25
 123 0022 074C     		ldr	r4, .L7
 124 0024 01A9     		add	r1, sp, #4
 125 0026 2046     		mov	r0, r4
 126 0028 FFF7FEFF 		bl	TIM_TimeBaseInit
 127              	.LVL3:
  19:MyHardWare/Src/DAC.c ****   TIM_SelectOutputTrigger(TIM6, TIM_TRGOSource_Update);
 128              		.loc 1 19 3 view .LVU26
 129 002c 2021     		movs	r1, #32
 130 002e 2046     		mov	r0, r4
 131 0030 FFF7FEFF 		bl	TIM_SelectOutputTrigger
 132              	.LVL4:
  20:MyHardWare/Src/DAC.c ****   TIM_Cmd(TIM6, ENABLE);
 133              		.loc 1 20 3 view .LVU27
 134 0034 0121     		movs	r1, #1
 135 0036 2046     		mov	r0, r4
 136 0038 FFF7FEFF 		bl	TIM_Cmd
 137              	.LVL5:
  21:MyHardWare/Src/DAC.c **** }
 138              		.loc 1 21 1 is_stmt 0 view .LVU28
 139 003c 04B0     		add	sp, sp, #16
 140              	.LCFI5:
 141              		.cfi_def_cfa_offset 8
 142              		@ sp needed
 143 003e 10BD     		pop	{r4, pc}
 144              	.L8:
 145              		.align	2
 146              	.L7:
 147 0040 00100040 		.word	1073745920
 148              		.cfi_endproc
 149              	.LFE124:
 151              		.section	.text.DAC_TIM6_Trigger_Config,"ax",%progbits
 152              		.align	1
 153              		.global	DAC_TIM6_Trigger_Config
 154              		.syntax unified
ARM GAS  /tmp/ccbhhCvX.s 			page 4


 155              		.thumb
 156              		.thumb_func
 158              	DAC_TIM6_Trigger_Config:
 159              	.LFB125:
  22:MyHardWare/Src/DAC.c **** void DAC_TIM6_Trigger_Config(void) {
 160              		.loc 1 22 36 is_stmt 1 view -0
 161              		.cfi_startproc
 162              		@ args = 0, pretend = 0, frame = 16
 163              		@ frame_needed = 0, uses_anonymous_args = 0
 164 0000 10B5     		push	{r4, lr}
 165              	.LCFI6:
 166              		.cfi_def_cfa_offset 8
 167              		.cfi_offset 4, -8
 168              		.cfi_offset 14, -4
 169 0002 84B0     		sub	sp, sp, #16
 170              	.LCFI7:
 171              		.cfi_def_cfa_offset 24
  23:MyHardWare/Src/DAC.c ****   DAC_InitTypeDef DAC_InitStructre;
 172              		.loc 1 23 3 view .LVU30
  24:MyHardWare/Src/DAC.c ****   RCC_APB1PeriphClockCmd(RCC_APB1Periph_DAC, ENABLE);
 173              		.loc 1 24 3 view .LVU31
 174 0004 0121     		movs	r1, #1
 175 0006 4FF00050 		mov	r0, #536870912
 176 000a FFF7FEFF 		bl	RCC_APB1PeriphClockCmd
 177              	.LVL6:
  25:MyHardWare/Src/DAC.c ****   DAC_InitStructre.DAC_LFSRUnmask_TriangleAmplitude = DAC_LFSRUnmask_Bit0;
 178              		.loc 1 25 3 view .LVU32
 179              		.loc 1 25 53 is_stmt 0 view .LVU33
 180 000e 0024     		movs	r4, #0
 181 0010 0294     		str	r4, [sp, #8]
  26:MyHardWare/Src/DAC.c ****   DAC_InitStructre.DAC_OutputBuffer = DAC_OutputBuffer_Disable;
 182              		.loc 1 26 3 is_stmt 1 view .LVU34
 183              		.loc 1 26 37 is_stmt 0 view .LVU35
 184 0012 0223     		movs	r3, #2
 185 0014 0393     		str	r3, [sp, #12]
  27:MyHardWare/Src/DAC.c ****   DAC_InitStructre.DAC_Trigger = DAC_Trigger_T6_TRGO;
 186              		.loc 1 27 3 is_stmt 1 view .LVU36
 187              		.loc 1 27 32 is_stmt 0 view .LVU37
 188 0016 0423     		movs	r3, #4
 189 0018 0093     		str	r3, [sp]
  28:MyHardWare/Src/DAC.c ****   DAC_InitStructre.DAC_WaveGeneration = DAC_WaveGeneration_None;
 190              		.loc 1 28 3 is_stmt 1 view .LVU38
 191              		.loc 1 28 39 is_stmt 0 view .LVU39
 192 001a 0194     		str	r4, [sp, #4]
  29:MyHardWare/Src/DAC.c ****   DAC_Init(DAC_CHANNEL, &DAC_InitStructre);
 193              		.loc 1 29 3 is_stmt 1 view .LVU40
 194 001c 6946     		mov	r1, sp
 195 001e 2046     		mov	r0, r4
 196 0020 FFF7FEFF 		bl	DAC_Init
 197              	.LVL7:
  30:MyHardWare/Src/DAC.c ****   DAC_Cmd(DAC_CHANNEL, ENABLE);
 198              		.loc 1 30 3 view .LVU41
 199 0024 0121     		movs	r1, #1
 200 0026 2046     		mov	r0, r4
 201 0028 FFF7FEFF 		bl	DAC_Cmd
 202              	.LVL8:
  31:MyHardWare/Src/DAC.c **** }
ARM GAS  /tmp/ccbhhCvX.s 			page 5


 203              		.loc 1 31 1 is_stmt 0 view .LVU42
 204 002c 04B0     		add	sp, sp, #16
 205              	.LCFI8:
 206              		.cfi_def_cfa_offset 8
 207              		@ sp needed
 208 002e 10BD     		pop	{r4, pc}
 209              		.cfi_endproc
 210              	.LFE125:
 212              		.section	.text.DAC_Config,"ax",%progbits
 213              		.align	1
 214              		.global	DAC_Config
 215              		.syntax unified
 216              		.thumb
 217              		.thumb_func
 219              	DAC_Config:
 220              	.LFB126:
  32:MyHardWare/Src/DAC.c **** void DAC_Config(void) {
 221              		.loc 1 32 23 is_stmt 1 view -0
 222              		.cfi_startproc
 223              		@ args = 0, pretend = 0, frame = 0
 224              		@ frame_needed = 0, uses_anonymous_args = 0
 225 0000 08B5     		push	{r3, lr}
 226              	.LCFI9:
 227              		.cfi_def_cfa_offset 8
 228              		.cfi_offset 3, -8
 229              		.cfi_offset 14, -4
  33:MyHardWare/Src/DAC.c ****   DAC_GPIO_Config();
 230              		.loc 1 33 3 view .LVU44
 231 0002 FFF7FEFF 		bl	DAC_GPIO_Config
 232              	.LVL9:
  34:MyHardWare/Src/DAC.c ****   DAC_Time_Config();
 233              		.loc 1 34 3 view .LVU45
 234 0006 FFF7FEFF 		bl	DAC_Time_Config
 235              	.LVL10:
  35:MyHardWare/Src/DAC.c ****   DAC_TIM6_Trigger_Config();
 236              		.loc 1 35 3 view .LVU46
 237 000a FFF7FEFF 		bl	DAC_TIM6_Trigger_Config
 238              	.LVL11:
  36:MyHardWare/Src/DAC.c **** }
 239              		.loc 1 36 1 is_stmt 0 view .LVU47
 240 000e 08BD     		pop	{r3, pc}
 241              		.cfi_endproc
 242              	.LFE126:
 244              		.section	.text.DAC_SetValue,"ax",%progbits
 245              		.align	1
 246              		.global	DAC_SetValue
 247              		.syntax unified
 248              		.thumb
 249              		.thumb_func
 251              	DAC_SetValue:
 252              	.LVL12:
 253              	.LFB127:
  37:MyHardWare/Src/DAC.c **** void DAC_SetValue(uint16_t dac_value) {
 254              		.loc 1 37 39 is_stmt 1 view -0
 255              		.cfi_startproc
 256              		@ args = 0, pretend = 0, frame = 0
 257              		@ frame_needed = 0, uses_anonymous_args = 0
ARM GAS  /tmp/ccbhhCvX.s 			page 6


 258              		.loc 1 37 39 is_stmt 0 view .LVU49
 259 0000 08B5     		push	{r3, lr}
 260              	.LCFI10:
 261              		.cfi_def_cfa_offset 8
 262              		.cfi_offset 3, -8
 263              		.cfi_offset 14, -4
 264 0002 0146     		mov	r1, r0
  38:MyHardWare/Src/DAC.c ****   // 设置DAC输出值，范围0-4095 (12位精度)
  39:MyHardWare/Src/DAC.c ****   DAC_SetChannel1Data(DAC_Align_12b_R, dac_value);
 265              		.loc 1 39 3 is_stmt 1 view .LVU50
 266 0004 0020     		movs	r0, #0
 267              	.LVL13:
 268              		.loc 1 39 3 is_stmt 0 view .LVU51
 269 0006 FFF7FEFF 		bl	DAC_SetChannel1Data
 270              	.LVL14:
  40:MyHardWare/Src/DAC.c **** }
 271              		.loc 1 40 1 view .LVU52
 272 000a 08BD     		pop	{r3, pc}
 273              		.cfi_endproc
 274              	.LFE127:
 276              		.text
 277              	.Letext0:
 278              		.file 2 "/usr/lib/gcc/arm-none-eabi/13.2.1/include/stdint.h"
 279              		.file 3 "CMSIS/stm32f4xx.h"
 280              		.file 4 "Lib/StdPeriphs/inc/stm32f4xx_gpio.h"
 281              		.file 5 "Lib/StdPeriphs/inc/stm32f4xx_tim.h"
 282              		.file 6 "Lib/StdPeriphs/inc/stm32f4xx_dac.h"
 283              		.file 7 "Lib/StdPeriphs/inc/stm32f4xx_rcc.h"
ARM GAS  /tmp/ccbhhCvX.s 			page 7


DEFINED SYMBOLS
                            *ABS*:00000000 DAC.c
     /tmp/ccbhhCvX.s:21     .text.DAC_GPIO_Config:00000000 $t
     /tmp/ccbhhCvX.s:27     .text.DAC_GPIO_Config:00000000 DAC_GPIO_Config
     /tmp/ccbhhCvX.s:75     .text.DAC_GPIO_Config:00000030 $d
     /tmp/ccbhhCvX.s:80     .text.DAC_Time_Config:00000000 $t
     /tmp/ccbhhCvX.s:86     .text.DAC_Time_Config:00000000 DAC_Time_Config
     /tmp/ccbhhCvX.s:147    .text.DAC_Time_Config:00000040 $d
     /tmp/ccbhhCvX.s:152    .text.DAC_TIM6_Trigger_Config:00000000 $t
     /tmp/ccbhhCvX.s:158    .text.DAC_TIM6_Trigger_Config:00000000 DAC_TIM6_Trigger_Config
     /tmp/ccbhhCvX.s:213    .text.DAC_Config:00000000 $t
     /tmp/ccbhhCvX.s:219    .text.DAC_Config:00000000 DAC_Config
     /tmp/ccbhhCvX.s:245    .text.DAC_SetValue:00000000 $t
     /tmp/ccbhhCvX.s:251    .text.DAC_SetValue:00000000 DAC_SetValue

UNDEFINED SYMBOLS
RCC_AHB1PeriphClockCmd
GPIO_Init
RCC_APB1PeriphClockCmd
TIM_TimeBaseInit
TIM_SelectOutputTrigger
TIM_Cmd
DAC_Init
DAC_Cmd
DAC_SetChannel1Data
