ARM GAS  /tmp/ccoBY9Kk.s 			page 1


   1              		.cpu cortex-m4
   2              		.arch armv7e-m
   3              		.fpu fpv4-sp-d16
   4              		.eabi_attribute 27, 1
   5              		.eabi_attribute 28, 1
   6              		.eabi_attribute 20, 1
   7              		.eabi_attribute 21, 1
   8              		.eabi_attribute 23, 3
   9              		.eabi_attribute 24, 1
  10              		.eabi_attribute 25, 1
  11              		.eabi_attribute 26, 1
  12              		.eabi_attribute 30, 1
  13              		.eabi_attribute 34, 1
  14              		.eabi_attribute 18, 4
  15              		.file	"delay.c"
  16              		.text
  17              	.Ltext0:
  18              		.cfi_sections	.debug_frame
  19              		.file 1 "MyHardWare/Src/delay.c"
  20              		.section	.text.delay_init,"ax",%progbits
  21              		.align	1
  22              		.global	delay_init
  23              		.syntax unified
  24              		.thumb
  25              		.thumb_func
  27              	delay_init:
  28              	.LFB123:
   1:MyHardWare/Src/delay.c **** /**
   2:MyHardWare/Src/delay.c ****   ******************************************************************************
   3:MyHardWare/Src/delay.c ****   * @file    tim4_delay.c
   4:MyHardWare/Src/delay.c ****   * @brief   TIM4微秒级延时函数实现
   5:MyHardWare/Src/delay.c ****   ******************************************************************************
   6:MyHardWare/Src/delay.c ****   */
   7:MyHardWare/Src/delay.c **** 
   8:MyHardWare/Src/delay.c **** #include "delay.h"
   9:MyHardWare/Src/delay.c **** 
  10:MyHardWare/Src/delay.c **** /**
  11:MyHardWare/Src/delay.c ****   * @brief  初始化TIM4用于微秒级延时
  12:MyHardWare/Src/delay.c ****   * @param  None
  13:MyHardWare/Src/delay.c ****   * @retval None
  14:MyHardWare/Src/delay.c ****   */
  15:MyHardWare/Src/delay.c **** void delay_init(void)
  16:MyHardWare/Src/delay.c **** {
  29              		.loc 1 16 1 view -0
  30              		.cfi_startproc
  31              		@ args = 0, pretend = 0, frame = 16
  32              		@ frame_needed = 0, uses_anonymous_args = 0
  33 0000 10B5     		push	{r4, lr}
  34              	.LCFI0:
  35              		.cfi_def_cfa_offset 8
  36              		.cfi_offset 4, -8
  37              		.cfi_offset 14, -4
  38 0002 84B0     		sub	sp, sp, #16
  39              	.LCFI1:
  40              		.cfi_def_cfa_offset 24
  17:MyHardWare/Src/delay.c ****     TIM_TimeBaseInitTypeDef TIM_TimeBaseStructure;
  41              		.loc 1 17 5 view .LVU1
ARM GAS  /tmp/ccoBY9Kk.s 			page 2


  18:MyHardWare/Src/delay.c **** 
  19:MyHardWare/Src/delay.c ****     /* 使能TIM4时钟 */
  20:MyHardWare/Src/delay.c ****     RCC_APB1PeriphClockCmd(RCC_APB1Periph_TIM4, ENABLE);
  42              		.loc 1 20 5 view .LVU2
  43 0004 0121     		movs	r1, #1
  44 0006 0420     		movs	r0, #4
  45 0008 FFF7FEFF 		bl	RCC_APB1PeriphClockCmd
  46              	.LVL0:
  21:MyHardWare/Src/delay.c **** 
  22:MyHardWare/Src/delay.c ****     /* TIM4配置 */
  23:MyHardWare/Src/delay.c ****     /* 系统时钟为72MHz，APB1时钟为36MHz，TIM4时钟为72MHz */
  24:MyHardWare/Src/delay.c ****     /* 预分频器设置为72-1 = 71，这样定时器时钟为1MHz（1us计数一次） */
  25:MyHardWare/Src/delay.c ****     TIM_TimeBaseStructure.TIM_Period = 0xFFFFFFFF;  /* 自动重装载值设为最大 */
  47              		.loc 1 25 5 view .LVU3
  48              		.loc 1 25 38 is_stmt 0 view .LVU4
  49 000c 4FF0FF33 		mov	r3, #-1
  50 0010 0293     		str	r3, [sp, #8]
  26:MyHardWare/Src/delay.c ****     TIM_TimeBaseStructure.TIM_Prescaler = 72 - 1;    /* 72MHz/72 = 1MHz */
  51              		.loc 1 26 5 is_stmt 1 view .LVU5
  52              		.loc 1 26 41 is_stmt 0 view .LVU6
  53 0012 4723     		movs	r3, #71
  54 0014 ADF80430 		strh	r3, [sp, #4]	@ movhi
  27:MyHardWare/Src/delay.c ****     TIM_TimeBaseStructure.TIM_ClockDivision = 0;
  55              		.loc 1 27 5 is_stmt 1 view .LVU7
  56              		.loc 1 27 45 is_stmt 0 view .LVU8
  57 0018 0023     		movs	r3, #0
  58 001a ADF80C30 		strh	r3, [sp, #12]	@ movhi
  28:MyHardWare/Src/delay.c ****     TIM_TimeBaseStructure.TIM_CounterMode = TIM_CounterMode_Up;
  59              		.loc 1 28 5 is_stmt 1 view .LVU9
  60              		.loc 1 28 43 is_stmt 0 view .LVU10
  61 001e ADF80630 		strh	r3, [sp, #6]	@ movhi
  29:MyHardWare/Src/delay.c ****     TIM_TimeBaseInit(TIMx, &TIM_TimeBaseStructure);
  62              		.loc 1 29 5 is_stmt 1 view .LVU11
  63 0022 054C     		ldr	r4, .L3
  64 0024 01A9     		add	r1, sp, #4
  65 0026 2046     		mov	r0, r4
  66 0028 FFF7FEFF 		bl	TIM_TimeBaseInit
  67              	.LVL1:
  30:MyHardWare/Src/delay.c **** 
  31:MyHardWare/Src/delay.c ****     /* 使能TIM4 */
  32:MyHardWare/Src/delay.c ****     TIM_Cmd(TIMx, ENABLE);
  68              		.loc 1 32 5 view .LVU12
  69 002c 0121     		movs	r1, #1
  70 002e 2046     		mov	r0, r4
  71 0030 FFF7FEFF 		bl	TIM_Cmd
  72              	.LVL2:
  33:MyHardWare/Src/delay.c **** }
  73              		.loc 1 33 1 is_stmt 0 view .LVU13
  74 0034 04B0     		add	sp, sp, #16
  75              	.LCFI2:
  76              		.cfi_def_cfa_offset 8
  77              		@ sp needed
  78 0036 10BD     		pop	{r4, pc}
  79              	.L4:
  80              		.align	2
  81              	.L3:
  82 0038 00080040 		.word	1073743872
ARM GAS  /tmp/ccoBY9Kk.s 			page 3


  83              		.cfi_endproc
  84              	.LFE123:
  86              		.section	.text.delay_us,"ax",%progbits
  87              		.align	1
  88              		.global	delay_us
  89              		.syntax unified
  90              		.thumb
  91              		.thumb_func
  93              	delay_us:
  94              	.LVL3:
  95              	.LFB124:
  34:MyHardWare/Src/delay.c **** 
  35:MyHardWare/Src/delay.c **** /**
  36:MyHardWare/Src/delay.c ****   * @brief  微秒级延时函数
  37:MyHardWare/Src/delay.c ****   * @param  us: 延时的微秒数 (最大延时约4294秒)
  38:MyHardWare/Src/delay.c ****   * @retval None
  39:MyHardWare/Src/delay.c ****   */
  40:MyHardWare/Src/delay.c **** void delay_us(uint32_t us)
  41:MyHardWare/Src/delay.c **** {
  96              		.loc 1 41 1 is_stmt 1 view -0
  97              		.cfi_startproc
  98              		@ args = 0, pretend = 0, frame = 8
  99              		@ frame_needed = 0, uses_anonymous_args = 0
 100              		.loc 1 41 1 is_stmt 0 view .LVU15
 101 0000 70B5     		push	{r4, r5, r6, lr}
 102              	.LCFI3:
 103              		.cfi_def_cfa_offset 16
 104              		.cfi_offset 4, -16
 105              		.cfi_offset 5, -12
 106              		.cfi_offset 6, -8
 107              		.cfi_offset 14, -4
 108 0002 82B0     		sub	sp, sp, #8
 109              	.LCFI4:
 110              		.cfi_def_cfa_offset 24
 111 0004 0446     		mov	r4, r0
  42:MyHardWare/Src/delay.c ****     uint32_t start_counter, elapsed;
 112              		.loc 1 42 5 is_stmt 1 view .LVU16
  43:MyHardWare/Src/delay.c ****     uint32_t tick;
 113              		.loc 1 43 5 view .LVU17
  44:MyHardWare/Src/delay.c **** 
  45:MyHardWare/Src/delay.c ****     /* 如果延时时间小于10us，使用简单的循环延时 */
  46:MyHardWare/Src/delay.c ****     if (us < 10)
 114              		.loc 1 46 5 view .LVU18
 115              		.loc 1 46 8 is_stmt 0 view .LVU19
 116 0006 0928     		cmp	r0, #9
 117 0008 0AD8     		bhi	.L6
 118              	.LBB2:
  47:MyHardWare/Src/delay.c ****     {
  48:MyHardWare/Src/delay.c ****         /* 72MHz时钟下，每个while循环约4个时钟周期 */
  49:MyHardWare/Src/delay.c ****         volatile uint32_t count = us * 18;  /* 72MHz/4 = 18次循环/微秒 */
 119              		.loc 1 49 9 is_stmt 1 view .LVU20
 120              		.loc 1 49 38 is_stmt 0 view .LVU21
 121 000a 00EBC004 		add	r4, r0, r0, lsl #3
 122 000e 6400     		lsls	r4, r4, #1
 123              		.loc 1 49 27 view .LVU22
 124 0010 0194     		str	r4, [sp, #4]
  50:MyHardWare/Src/delay.c ****         while (count--);
ARM GAS  /tmp/ccoBY9Kk.s 			page 4


 125              		.loc 1 50 9 is_stmt 1 view .LVU23
 126              	.L7:
 127              		.loc 1 50 16 discriminator 1 view .LVU24
 128              		.loc 1 50 21 is_stmt 0 discriminator 1 view .LVU25
 129 0012 019B     		ldr	r3, [sp, #4]
 130 0014 5A1E     		subs	r2, r3, #1
 131 0016 0192     		str	r2, [sp, #4]
 132              		.loc 1 50 16 discriminator 1 view .LVU26
 133 0018 002B     		cmp	r3, #0
 134 001a FAD1     		bne	.L7
 135              	.LVL4:
 136              	.L5:
 137              		.loc 1 50 16 discriminator 1 view .LVU27
 138              	.LBE2:
  51:MyHardWare/Src/delay.c ****         return;
  52:MyHardWare/Src/delay.c ****     }
  53:MyHardWare/Src/delay.c **** 
  54:MyHardWare/Src/delay.c ****     /* 获取当前计数器值 */
  55:MyHardWare/Src/delay.c ****     start_counter = TIM_GetCounter(TIMx);
  56:MyHardWare/Src/delay.c ****     tick = start_counter;
  57:MyHardWare/Src/delay.c **** 
  58:MyHardWare/Src/delay.c ****     do {
  59:MyHardWare/Src/delay.c ****         uint32_t current = TIM_GetCounter(TIMx);
  60:MyHardWare/Src/delay.c **** 
  61:MyHardWare/Src/delay.c ****         /* 处理计数器溢出 */
  62:MyHardWare/Src/delay.c ****         if (current >= tick)
  63:MyHardWare/Src/delay.c ****         {
  64:MyHardWare/Src/delay.c ****             elapsed = current - start_counter;
  65:MyHardWare/Src/delay.c ****         }
  66:MyHardWare/Src/delay.c ****         else
  67:MyHardWare/Src/delay.c ****         {
  68:MyHardWare/Src/delay.c ****             /* 计数器溢出 */
  69:MyHardWare/Src/delay.c ****             elapsed = (0xFFFFFFFF - start_counter) + current + 1;
  70:MyHardWare/Src/delay.c ****         }
  71:MyHardWare/Src/delay.c **** 
  72:MyHardWare/Src/delay.c ****         tick = current;
  73:MyHardWare/Src/delay.c ****     } while (elapsed < us);
  74:MyHardWare/Src/delay.c **** }
 139              		.loc 1 74 1 view .LVU28
 140 001c 02B0     		add	sp, sp, #8
 141              	.LCFI5:
 142              		.cfi_remember_state
 143              		.cfi_def_cfa_offset 16
 144              		@ sp needed
 145 001e 70BD     		pop	{r4, r5, r6, pc}
 146              	.LVL5:
 147              	.L6:
 148              	.LCFI6:
 149              		.cfi_restore_state
  55:MyHardWare/Src/delay.c ****     tick = start_counter;
 150              		.loc 1 55 5 is_stmt 1 view .LVU29
  55:MyHardWare/Src/delay.c ****     tick = start_counter;
 151              		.loc 1 55 21 is_stmt 0 view .LVU30
 152 0020 0748     		ldr	r0, .L13
 153              	.LVL6:
  55:MyHardWare/Src/delay.c ****     tick = start_counter;
 154              		.loc 1 55 21 view .LVU31
ARM GAS  /tmp/ccoBY9Kk.s 			page 5


 155 0022 FFF7FEFF 		bl	TIM_GetCounter
 156              	.LVL7:
 157 0026 0646     		mov	r6, r0
 158              	.LVL8:
  56:MyHardWare/Src/delay.c **** 
 159              		.loc 1 56 5 is_stmt 1 view .LVU32
  56:MyHardWare/Src/delay.c **** 
 160              		.loc 1 56 5 is_stmt 0 view .LVU33
 161 0028 02E0     		b	.L11
 162              	.LVL9:
 163              	.L9:
 164              	.LBB3:
  69:MyHardWare/Src/delay.c ****         }
 165              		.loc 1 69 13 is_stmt 1 view .LVU34
  69:MyHardWare/Src/delay.c ****         }
 166              		.loc 1 69 21 is_stmt 0 view .LVU35
 167 002a 831B     		subs	r3, r0, r6
 168              	.LVL10:
 169              	.L10:
  72:MyHardWare/Src/delay.c ****     } while (elapsed < us);
 170              		.loc 1 72 9 is_stmt 1 view .LVU36
  72:MyHardWare/Src/delay.c ****     } while (elapsed < us);
 171              		.loc 1 72 9 is_stmt 0 view .LVU37
 172              	.LBE3:
  73:MyHardWare/Src/delay.c **** }
 173              		.loc 1 73 22 is_stmt 1 view .LVU38
 174 002c A342     		cmp	r3, r4
 175 002e F5D2     		bcs	.L5
 176              	.LVL11:
 177              	.L11:
  58:MyHardWare/Src/delay.c ****         uint32_t current = TIM_GetCounter(TIMx);
 178              		.loc 1 58 5 view .LVU39
 179              	.LBB4:
  59:MyHardWare/Src/delay.c **** 
 180              		.loc 1 59 9 view .LVU40
 181 0030 0546     		mov	r5, r0
  59:MyHardWare/Src/delay.c **** 
 182              		.loc 1 59 28 is_stmt 0 view .LVU41
 183 0032 0348     		ldr	r0, .L13
 184              	.LVL12:
  59:MyHardWare/Src/delay.c **** 
 185              		.loc 1 59 28 view .LVU42
 186 0034 FFF7FEFF 		bl	TIM_GetCounter
 187              	.LVL13:
  62:MyHardWare/Src/delay.c ****         {
 188              		.loc 1 62 9 is_stmt 1 view .LVU43
  62:MyHardWare/Src/delay.c ****         {
 189              		.loc 1 62 12 is_stmt 0 view .LVU44
 190 0038 8542     		cmp	r5, r0
 191 003a F6D8     		bhi	.L9
  64:MyHardWare/Src/delay.c ****         }
 192              		.loc 1 64 13 is_stmt 1 view .LVU45
  64:MyHardWare/Src/delay.c ****         }
 193              		.loc 1 64 21 is_stmt 0 view .LVU46
 194 003c 831B     		subs	r3, r0, r6
 195              	.LVL14:
  64:MyHardWare/Src/delay.c ****         }
ARM GAS  /tmp/ccoBY9Kk.s 			page 6


 196              		.loc 1 64 21 view .LVU47
 197 003e F5E7     		b	.L10
 198              	.L14:
 199              		.align	2
 200              	.L13:
 201 0040 00080040 		.word	1073743872
 202              	.LBE4:
 203              		.cfi_endproc
 204              	.LFE124:
 206              		.section	.text.delay_ms,"ax",%progbits
 207              		.align	1
 208              		.global	delay_ms
 209              		.syntax unified
 210              		.thumb
 211              		.thumb_func
 213              	delay_ms:
 214              	.LVL15:
 215              	.LFB125:
  75:MyHardWare/Src/delay.c **** 
  76:MyHardWare/Src/delay.c **** /**
  77:MyHardWare/Src/delay.c ****   * @brief  毫秒级延时函数（基于TIM4）
  78:MyHardWare/Src/delay.c ****   * @param  ms: 延时的毫秒数
  79:MyHardWare/Src/delay.c ****   * @retval None
  80:MyHardWare/Src/delay.c ****   */
  81:MyHardWare/Src/delay.c **** void delay_ms(uint32_t ms)
  82:MyHardWare/Src/delay.c **** {
 216              		.loc 1 82 1 is_stmt 1 view -0
 217              		.cfi_startproc
 218              		@ args = 0, pretend = 0, frame = 0
 219              		@ frame_needed = 0, uses_anonymous_args = 0
 220              		.loc 1 82 1 is_stmt 0 view .LVU49
 221 0000 10B5     		push	{r4, lr}
 222              	.LCFI7:
 223              		.cfi_def_cfa_offset 8
 224              		.cfi_offset 4, -8
 225              		.cfi_offset 14, -4
  83:MyHardWare/Src/delay.c ****     while(ms--)
 226              		.loc 1 83 5 is_stmt 1 view .LVU50
 227              		.loc 1 83 10 is_stmt 0 view .LVU51
 228 0002 04E0     		b	.L16
 229              	.LVL16:
 230              	.L17:
  84:MyHardWare/Src/delay.c ****     {
  85:MyHardWare/Src/delay.c ****         delay_us(1000);  /* 1ms = 1000us */
 231              		.loc 1 85 9 is_stmt 1 view .LVU52
 232 0004 4FF47A70 		mov	r0, #1000
 233 0008 FFF7FEFF 		bl	delay_us
 234              	.LVL17:
  83:MyHardWare/Src/delay.c ****     while(ms--)
 235              		.loc 1 83 13 is_stmt 0 view .LVU53
 236 000c 2046     		mov	r0, r4
 237              	.LVL18:
 238              	.L16:
  83:MyHardWare/Src/delay.c ****     while(ms--)
 239              		.loc 1 83 11 is_stmt 1 view .LVU54
  83:MyHardWare/Src/delay.c ****     while(ms--)
 240              		.loc 1 83 13 is_stmt 0 view .LVU55
ARM GAS  /tmp/ccoBY9Kk.s 			page 7


 241 000e 441E     		subs	r4, r0, #1
 242              	.LVL19:
  83:MyHardWare/Src/delay.c ****     while(ms--)
 243              		.loc 1 83 11 view .LVU56
 244 0010 0028     		cmp	r0, #0
 245 0012 F7D1     		bne	.L17
  86:MyHardWare/Src/delay.c ****     }
  87:MyHardWare/Src/delay.c **** }...
 246              		.loc 1 87 1 view .LVU57
 247 0014 10BD     		pop	{r4, pc}
 248              		.loc 1 87 1 view .LVU58
 249              		.cfi_endproc
 250              	.LFE125:
 252              		.text
 253              	.Letext0:
 254              		.file 2 "/usr/lib/gcc/arm-none-eabi/13.2.1/include/stdint.h"
 255              		.file 3 "CMSIS/stm32f4xx.h"
 256              		.file 4 "Lib/StdPeriphs/inc/stm32f4xx_tim.h"
 257              		.file 5 "Lib/StdPeriphs/inc/stm32f4xx_rcc.h"
ARM GAS  /tmp/ccoBY9Kk.s 			page 8


DEFINED SYMBOLS
                            *ABS*:00000000 delay.c
     /tmp/ccoBY9Kk.s:21     .text.delay_init:00000000 $t
     /tmp/ccoBY9Kk.s:27     .text.delay_init:00000000 delay_init
     /tmp/ccoBY9Kk.s:82     .text.delay_init:00000038 $d
     /tmp/ccoBY9Kk.s:87     .text.delay_us:00000000 $t
     /tmp/ccoBY9Kk.s:93     .text.delay_us:00000000 delay_us
     /tmp/ccoBY9Kk.s:201    .text.delay_us:00000040 $d
     /tmp/ccoBY9Kk.s:207    .text.delay_ms:00000000 $t
     /tmp/ccoBY9Kk.s:213    .text.delay_ms:00000000 delay_ms

UNDEFINED SYMBOLS
RCC_APB1PeriphClockCmd
TIM_TimeBaseInit
TIM_Cmd
TIM_GetCounter
