ARM GAS  C:\Users\asus\AppData\Local\Temp\ccyUcWg5.s 			page 1


   1              		.cpu cortex-m4
   2              		.arch armv7e-m
   3              		.fpu fpv4-sp-d16
   4              		.eabi_attribute 27, 1
   5              		.eabi_attribute 28, 1
   6              		.eabi_attribute 20, 1
   7              		.eabi_attribute 21, 1
   8              		.eabi_attribute 23, 3
   9              		.eabi_attribute 24, 1
  10              		.eabi_attribute 25, 1
  11              		.eabi_attribute 26, 1
  12              		.eabi_attribute 30, 1
  13              		.eabi_attribute 34, 1
  14              		.eabi_attribute 18, 4
  15              		.file	"key.c"
  16              		.text
  17              	.Ltext0:
  18              		.cfi_sections	.debug_frame
  19              		.file 1 "MyHardWare/Src/key.c"
  20              		.section	.text.KEY_Init,"ax",%progbits
  21              		.align	1
  22              		.global	KEY_Init
  23              		.syntax unified
  24              		.thumb
  25              		.thumb_func
  27              	KEY_Init:
  28              	.LFB123:
   1:MyHardWare/Src/key.c **** /***
   2:MyHardWare/Src/key.c **** 	*************************************************************************************************
   3:MyHardWare/Src/key.c **** 	*	@version V1.0
   4:MyHardWare/Src/key.c **** 	*  @date    2023-3-2
   5:MyHardWare/Src/key.c **** 	*	@author  反客科技	
   6:MyHardWare/Src/key.c **** 	*	@brief   按键接口相关函数
   7:MyHardWare/Src/key.c ****    ************************************************************************************************
   8:MyHardWare/Src/key.c ****    *  @description
   9:MyHardWare/Src/key.c **** 	*
  10:MyHardWare/Src/key.c **** 	*	实验平台：反客STM32F407ZGT6核心板 （型号：FK407M2）
  11:MyHardWare/Src/key.c **** 	*	淘宝地址：https://shop212360197.taobao.com
  12:MyHardWare/Src/key.c **** 	*	QQ交流群：536665479
  13:MyHardWare/Src/key.c **** 	*
  14:MyHardWare/Src/key.c **** >>>>> 文件说明：
  15:MyHardWare/Src/key.c **** 	*
  16:MyHardWare/Src/key.c **** 	*	初始化按键引脚，配置为上拉输入、速度等级2M。
  17:MyHardWare/Src/key.c **** 	*
  18:MyHardWare/Src/key.c **** 	************************************************************************************************
  19:MyHardWare/Src/key.c **** ***/
  20:MyHardWare/Src/key.c **** 
  21:MyHardWare/Src/key.c **** #include "key.h"  
  22:MyHardWare/Src/key.c **** 
  23:MyHardWare/Src/key.c **** /*************************************************************************************************
  24:MyHardWare/Src/key.c **** *	函 数 名:	KEY_Init
  25:MyHardWare/Src/key.c **** *
  26:MyHardWare/Src/key.c **** *	函数功能:	按键IO口初始化
  27:MyHardWare/Src/key.c **** *	 
  28:MyHardWare/Src/key.c **** *************************************************************************************************/
  29:MyHardWare/Src/key.c **** 
  30:MyHardWare/Src/key.c **** void KEY_Init(void)
ARM GAS  C:\Users\asus\AppData\Local\Temp\ccyUcWg5.s 			page 2


  31:MyHardWare/Src/key.c **** {		
  29              		.loc 1 31 1 view -0
  30              		.cfi_startproc
  31              		@ args = 0, pretend = 0, frame = 8
  32              		@ frame_needed = 0, uses_anonymous_args = 0
  33 0000 00B5     		push	{lr}
  34              	.LCFI0:
  35              		.cfi_def_cfa_offset 4
  36              		.cfi_offset 14, -4
  37 0002 83B0     		sub	sp, sp, #12
  38              	.LCFI1:
  39              		.cfi_def_cfa_offset 16
  32:MyHardWare/Src/key.c **** 	GPIO_InitTypeDef GPIO_InitStructure; //定义结构体
  40              		.loc 1 32 2 view .LVU1
  33:MyHardWare/Src/key.c **** 	RCC_AHB1PeriphClockCmd ( KEY_CLK, ENABLE); 	//初始化KEY时钟	
  41              		.loc 1 33 2 view .LVU2
  42 0004 0121     		movs	r1, #1
  43 0006 0846     		mov	r0, r1
  44 0008 FFF7FEFF 		bl	RCC_AHB1PeriphClockCmd
  45              	.LVL0:
  34:MyHardWare/Src/key.c **** 	
  35:MyHardWare/Src/key.c **** 	GPIO_InitStructure.GPIO_Mode  = GPIO_Mode_IN;   //输出模式
  46              		.loc 1 35 2 view .LVU3
  47              		.loc 1 35 32 is_stmt 0 view .LVU4
  48 000c 0023     		movs	r3, #0
  49 000e 8DF80430 		strb	r3, [sp, #4]
  36:MyHardWare/Src/key.c **** 	GPIO_InitStructure.GPIO_PuPd  = GPIO_PuPd_UP;	//上拉
  50              		.loc 1 36 2 is_stmt 1 view .LVU5
  51              		.loc 1 36 32 is_stmt 0 view .LVU6
  52 0012 0122     		movs	r2, #1
  53 0014 8DF80720 		strb	r2, [sp, #7]
  37:MyHardWare/Src/key.c **** 	GPIO_InitStructure.GPIO_Speed = GPIO_Speed_2MHz; //速度选择
  54              		.loc 1 37 2 is_stmt 1 view .LVU7
  55              		.loc 1 37 32 is_stmt 0 view .LVU8
  56 0018 8DF80530 		strb	r3, [sp, #5]
  38:MyHardWare/Src/key.c **** 	GPIO_InitStructure.GPIO_Pin   = KEY_PIN;	 
  57              		.loc 1 38 2 is_stmt 1 view .LVU9
  58              		.loc 1 38 32 is_stmt 0 view .LVU10
  59 001c 4FF40043 		mov	r3, #32768
  60 0020 0093     		str	r3, [sp]
  39:MyHardWare/Src/key.c **** 	
  40:MyHardWare/Src/key.c **** 	GPIO_Init(KEY_PORT, &GPIO_InitStructure);	
  61              		.loc 1 40 2 is_stmt 1 view .LVU11
  62 0022 6946     		mov	r1, sp
  63 0024 0248     		ldr	r0, .L3
  64 0026 FFF7FEFF 		bl	GPIO_Init
  65              	.LVL1:
  41:MyHardWare/Src/key.c **** 
  42:MyHardWare/Src/key.c **** }
  66              		.loc 1 42 1 is_stmt 0 view .LVU12
  67 002a 03B0     		add	sp, sp, #12
  68              	.LCFI2:
  69              		.cfi_def_cfa_offset 4
  70              		@ sp needed
  71 002c 5DF804FB 		ldr	pc, [sp], #4
  72              	.L4:
  73              		.align	2
ARM GAS  C:\Users\asus\AppData\Local\Temp\ccyUcWg5.s 			page 3


  74              	.L3:
  75 0030 00000240 		.word	1073872896
  76              		.cfi_endproc
  77              	.LFE123:
  79              		.section	.text.KEY_Scan,"ax",%progbits
  80              		.align	1
  81              		.global	KEY_Scan
  82              		.syntax unified
  83              		.thumb
  84              		.thumb_func
  86              	KEY_Scan:
  87              	.LFB124:
  43:MyHardWare/Src/key.c **** 
  44:MyHardWare/Src/key.c **** /*************************************************************************************************
  45:MyHardWare/Src/key.c **** *	函 数 名:	KEY_Scan
  46:MyHardWare/Src/key.c **** *
  47:MyHardWare/Src/key.c **** *	返 回 值:	KEY_ON - 按键按下，KEY_OFF - 按键放开
  48:MyHardWare/Src/key.c **** *
  49:MyHardWare/Src/key.c **** *	函数功能:	按键扫描
  50:MyHardWare/Src/key.c **** *	
  51:MyHardWare/Src/key.c **** *************************************************************************************************/
  52:MyHardWare/Src/key.c **** 		
  53:MyHardWare/Src/key.c **** uint8_t	KEY_Scan(void)
  54:MyHardWare/Src/key.c **** {
  88              		.loc 1 54 1 is_stmt 1 view -0
  89              		.cfi_startproc
  90              		@ args = 0, pretend = 0, frame = 0
  91              		@ frame_needed = 0, uses_anonymous_args = 0
  92 0000 10B5     		push	{r4, lr}
  93              	.LCFI3:
  94              		.cfi_def_cfa_offset 8
  95              		.cfi_offset 4, -8
  96              		.cfi_offset 14, -4
  55:MyHardWare/Src/key.c **** 	if( GPIO_ReadInputDataBit ( KEY_PORT,KEY_PIN) == 0 )	//检测按键是否被按下
  97              		.loc 1 55 2 view .LVU14
  98              		.loc 1 55 6 is_stmt 0 view .LVU15
  99 0002 4FF40041 		mov	r1, #32768
 100 0006 0D48     		ldr	r0, .L11
 101 0008 FFF7FEFF 		bl	GPIO_ReadInputDataBit
 102              	.LVL2:
 103              		.loc 1 55 4 discriminator 1 view .LVU16
 104 000c 10B1     		cbz	r0, .L10
  56:MyHardWare/Src/key.c **** 	{	
  57:MyHardWare/Src/key.c **** 		delay_ms(10);	//延时消抖
  58:MyHardWare/Src/key.c **** 		if(GPIO_ReadInputDataBit ( KEY_PORT,KEY_PIN) == 0)	//再次检测是否为低电平
  59:MyHardWare/Src/key.c **** 		{
  60:MyHardWare/Src/key.c **** 			while(GPIO_ReadInputDataBit ( KEY_PORT,KEY_PIN) == 0);	//等待按键放开
  61:MyHardWare/Src/key.c **** 			return KEY_ON;	//返回按键按下标志
  62:MyHardWare/Src/key.c **** 		}
  63:MyHardWare/Src/key.c **** 	}
  64:MyHardWare/Src/key.c **** 	return KEY_OFF;	
 105              		.loc 1 64 9 view .LVU17
 106 000e 0024     		movs	r4, #0
 107              	.L6:
  65:MyHardWare/Src/key.c **** }
 108              		.loc 1 65 1 view .LVU18
 109 0010 2046     		mov	r0, r4
ARM GAS  C:\Users\asus\AppData\Local\Temp\ccyUcWg5.s 			page 4


 110 0012 10BD     		pop	{r4, pc}
 111              	.L10:
 112 0014 0446     		mov	r4, r0
  57:MyHardWare/Src/key.c **** 		if(GPIO_ReadInputDataBit ( KEY_PORT,KEY_PIN) == 0)	//再次检测是否为低电平
 113              		.loc 1 57 3 is_stmt 1 view .LVU19
 114 0016 0A20     		movs	r0, #10
 115 0018 FFF7FEFF 		bl	delay_ms
 116              	.LVL3:
  58:MyHardWare/Src/key.c **** 		{
 117              		.loc 1 58 3 view .LVU20
  58:MyHardWare/Src/key.c **** 		{
 118              		.loc 1 58 6 is_stmt 0 view .LVU21
 119 001c 4FF40041 		mov	r1, #32768
 120 0020 0648     		ldr	r0, .L11
 121 0022 FFF7FEFF 		bl	GPIO_ReadInputDataBit
 122              	.LVL4:
  58:MyHardWare/Src/key.c **** 		{
 123              		.loc 1 58 5 discriminator 1 view .LVU22
 124 0026 0028     		cmp	r0, #0
 125 0028 F2D1     		bne	.L6
 126              	.L7:
  60:MyHardWare/Src/key.c **** 			return KEY_ON;	//返回按键按下标志
 127              		.loc 1 60 52 is_stmt 1 discriminator 1 view .LVU23
  60:MyHardWare/Src/key.c **** 			return KEY_ON;	//返回按键按下标志
 128              		.loc 1 60 10 is_stmt 0 discriminator 1 view .LVU24
 129 002a 4FF40041 		mov	r1, #32768
 130 002e 0348     		ldr	r0, .L11
 131 0030 FFF7FEFF 		bl	GPIO_ReadInputDataBit
 132              	.LVL5:
  60:MyHardWare/Src/key.c **** 			return KEY_ON;	//返回按键按下标志
 133              		.loc 1 60 52 discriminator 1 view .LVU25
 134 0034 0028     		cmp	r0, #0
 135 0036 F8D0     		beq	.L7
  61:MyHardWare/Src/key.c **** 		}
 136              		.loc 1 61 11 view .LVU26
 137 0038 0124     		movs	r4, #1
 138 003a E9E7     		b	.L6
 139              	.L12:
 140              		.align	2
 141              	.L11:
 142 003c 00000240 		.word	1073872896
 143              		.cfi_endproc
 144              	.LFE124:
 146              		.text
 147              	.Letext0:
 148              		.file 2 "C:/Program Files (x86)/Arm GNU Toolchain arm-none-eabi/13.2 Rel1/arm-none-eabi/include/ma
 149              		.file 3 "C:/Program Files (x86)/Arm GNU Toolchain arm-none-eabi/13.2 Rel1/arm-none-eabi/include/sy
 150              		.file 4 "CMSIS/stm32f4xx.h"
 151              		.file 5 "Lib/StdPeriphs/inc/stm32f4xx_gpio.h"
 152              		.file 6 "MyHardWare/Inc/delay.h"
 153              		.file 7 "Lib/StdPeriphs/inc/stm32f4xx_rcc.h"
ARM GAS  C:\Users\asus\AppData\Local\Temp\ccyUcWg5.s 			page 5


DEFINED SYMBOLS
                            *ABS*:00000000 key.c
C:\Users\asus\AppData\Local\Temp\ccyUcWg5.s:21     .text.KEY_Init:00000000 $t
C:\Users\asus\AppData\Local\Temp\ccyUcWg5.s:27     .text.KEY_Init:00000000 KEY_Init
C:\Users\asus\AppData\Local\Temp\ccyUcWg5.s:75     .text.KEY_Init:00000030 $d
C:\Users\asus\AppData\Local\Temp\ccyUcWg5.s:80     .text.KEY_Scan:00000000 $t
C:\Users\asus\AppData\Local\Temp\ccyUcWg5.s:86     .text.KEY_Scan:00000000 KEY_Scan
C:\Users\asus\AppData\Local\Temp\ccyUcWg5.s:142    .text.KEY_Scan:0000003c $d

UNDEFINED SYMBOLS
RCC_AHB1PeriphClockCmd
GPIO_Init
GPIO_ReadInputDataBit
delay_ms
