ARM GAS  C:\Users\asus\AppData\Local\Temp\ccpJRIBm.s 			page 1


   1              		.cpu cortex-m4
   2              		.arch armv7e-m
   3              		.fpu fpv4-sp-d16
   4              		.eabi_attribute 27, 1
   5              		.eabi_attribute 28, 1
   6              		.eabi_attribute 20, 1
   7              		.eabi_attribute 21, 1
   8              		.eabi_attribute 23, 3
   9              		.eabi_attribute 24, 1
  10              		.eabi_attribute 25, 1
  11              		.eabi_attribute 26, 1
  12              		.eabi_attribute 30, 1
  13              		.eabi_attribute 34, 1
  14              		.eabi_attribute 18, 4
  15              		.file	"Stack.c"
  16              		.text
  17              	.Ltext0:
  18              		.cfi_sections	.debug_frame
  19              		.file 1 "MyHardWare/Src/Stack.c"
  20              		.section	.text.Stack_Init,"ax",%progbits
  21              		.align	1
  22              		.global	Stack_Init
  23              		.syntax unified
  24              		.thumb
  25              		.thumb_func
  27              	Stack_Init:
  28              	.LVL0:
  29              	.LFB123:
   1:MyHardWare/Src/Stack.c **** #include "Stack.h"
   2:MyHardWare/Src/Stack.c **** #include "stdlib.h"
   3:MyHardWare/Src/Stack.c **** 
   4:MyHardWare/Src/Stack.c **** void Stack_Init( struct Stack *s , u8 MaxSize)
   5:MyHardWare/Src/Stack.c **** {
  30              		.loc 1 5 1 view -0
  31              		.cfi_startproc
  32              		@ args = 0, pretend = 0, frame = 0
  33              		@ frame_needed = 0, uses_anonymous_args = 0
  34              		.loc 1 5 1 is_stmt 0 view .LVU1
  35 0000 38B5     		push	{r3, r4, r5, lr}
  36              	.LCFI0:
  37              		.cfi_def_cfa_offset 16
  38              		.cfi_offset 3, -16
  39              		.cfi_offset 4, -12
  40              		.cfi_offset 5, -8
  41              		.cfi_offset 14, -4
  42 0002 0446     		mov	r4, r0
  43 0004 0D46     		mov	r5, r1
   6:MyHardWare/Src/Stack.c **** 	s->Data = malloc( MaxSize );
  44              		.loc 1 6 2 is_stmt 1 view .LVU2
  45              		.loc 1 6 12 is_stmt 0 view .LVU3
  46 0006 0846     		mov	r0, r1
  47              	.LVL1:
  48              		.loc 1 6 12 view .LVU4
  49 0008 FFF7FEFF 		bl	malloc
  50              	.LVL2:
  51              		.loc 1 6 10 discriminator 1 view .LVU5
  52 000c 2060     		str	r0, [r4]
ARM GAS  C:\Users\asus\AppData\Local\Temp\ccpJRIBm.s 			page 2


   7:MyHardWare/Src/Stack.c **** 	s->MaxSize = MaxSize;
  53              		.loc 1 7 2 is_stmt 1 view .LVU6
  54              		.loc 1 7 13 is_stmt 0 view .LVU7
  55 000e 6571     		strb	r5, [r4, #5]
   8:MyHardWare/Src/Stack.c **** 	s->SP = -1;
  56              		.loc 1 8 2 is_stmt 1 view .LVU8
  57              		.loc 1 8 8 is_stmt 0 view .LVU9
  58 0010 FF23     		movs	r3, #255
  59 0012 2371     		strb	r3, [r4, #4]
   9:MyHardWare/Src/Stack.c **** }
  60              		.loc 1 9 1 view .LVU10
  61 0014 38BD     		pop	{r3, r4, r5, pc}
  62              		.loc 1 9 1 view .LVU11
  63              		.cfi_endproc
  64              	.LFE123:
  66              		.section	.text.PUSH,"ax",%progbits
  67              		.align	1
  68              		.global	PUSH
  69              		.syntax unified
  70              		.thumb
  71              		.thumb_func
  73              	PUSH:
  74              	.LVL3:
  75              	.LFB124:
  10:MyHardWare/Src/Stack.c **** u8 PUSH( struct Stack *s , Stack_ElemType PushData )
  11:MyHardWare/Src/Stack.c **** {
  76              		.loc 1 11 1 is_stmt 1 view -0
  77              		.cfi_startproc
  78              		@ args = 0, pretend = 0, frame = 0
  79              		@ frame_needed = 0, uses_anonymous_args = 0
  80              		@ link register save eliminated.
  12:MyHardWare/Src/Stack.c **** 	if( s->SP >= s->MaxSize-1 )
  81              		.loc 1 12 2 view .LVU13
  82              		.loc 1 12 7 is_stmt 0 view .LVU14
  83 0000 90F90430 		ldrsb	r3, [r0, #4]
  84              		.loc 1 12 16 view .LVU15
  85 0004 4279     		ldrb	r2, [r0, #5]	@ zero_extendqisi2
  86              		.loc 1 12 25 view .LVU16
  87 0006 013A     		subs	r2, r2, #1
  88              		.loc 1 12 4 view .LVU17
  89 0008 9342     		cmp	r3, r2
  90 000a 06DA     		bge	.L5
  13:MyHardWare/Src/Stack.c **** 	{
  14:MyHardWare/Src/Stack.c **** 		return 0;
  15:MyHardWare/Src/Stack.c **** 	}
  16:MyHardWare/Src/Stack.c **** 	s->SP++;
  91              		.loc 1 16 2 is_stmt 1 view .LVU18
  92              		.loc 1 16 7 is_stmt 0 view .LVU19
  93 000c 0133     		adds	r3, r3, #1
  94 000e 5BB2     		sxtb	r3, r3
  95 0010 0371     		strb	r3, [r0, #4]
  17:MyHardWare/Src/Stack.c **** 	s->Data[s->SP] = PushData;
  96              		.loc 1 17 2 is_stmt 1 view .LVU20
  97              		.loc 1 17 3 is_stmt 0 view .LVU21
  98 0012 0268     		ldr	r2, [r0]
  99              		.loc 1 17 17 view .LVU22
 100 0014 D154     		strb	r1, [r2, r3]
ARM GAS  C:\Users\asus\AppData\Local\Temp\ccpJRIBm.s 			page 3


  18:MyHardWare/Src/Stack.c **** 	return 1;
 101              		.loc 1 18 2 is_stmt 1 view .LVU23
 102              		.loc 1 18 9 is_stmt 0 view .LVU24
 103 0016 0120     		movs	r0, #1
 104              	.LVL4:
 105              		.loc 1 18 9 view .LVU25
 106 0018 7047     		bx	lr
 107              	.LVL5:
 108              	.L5:
  14:MyHardWare/Src/Stack.c **** 	}
 109              		.loc 1 14 10 view .LVU26
 110 001a 0020     		movs	r0, #0
 111              	.LVL6:
  19:MyHardWare/Src/Stack.c **** }
 112              		.loc 1 19 1 view .LVU27
 113 001c 7047     		bx	lr
 114              		.cfi_endproc
 115              	.LFE124:
 117              		.section	.text.POP,"ax",%progbits
 118              		.align	1
 119              		.global	POP
 120              		.syntax unified
 121              		.thumb
 122              		.thumb_func
 124              	POP:
 125              	.LVL7:
 126              	.LFB125:
  20:MyHardWare/Src/Stack.c **** 
  21:MyHardWare/Src/Stack.c **** Stack_ElemType POP( struct Stack *s )
  22:MyHardWare/Src/Stack.c **** {
 127              		.loc 1 22 1 is_stmt 1 view -0
 128              		.cfi_startproc
 129              		@ args = 0, pretend = 0, frame = 0
 130              		@ frame_needed = 0, uses_anonymous_args = 0
 131              		@ link register save eliminated.
  23:MyHardWare/Src/Stack.c **** 	if( s->SP == -1 )
 132              		.loc 1 23 2 view .LVU29
 133              		.loc 1 23 7 is_stmt 0 view .LVU30
 134 0000 90F90430 		ldrsb	r3, [r0, #4]
 135              		.loc 1 23 4 view .LVU31
 136 0004 B3F1FF3F 		cmp	r3, #-1
 137 0008 07D0     		beq	.L8
  24:MyHardWare/Src/Stack.c **** 	{
  25:MyHardWare/Src/Stack.c **** 		return 0;
  26:MyHardWare/Src/Stack.c **** 	}
  27:MyHardWare/Src/Stack.c **** 	(s->SP)--;
 138              		.loc 1 27 2 is_stmt 1 view .LVU32
 139              		.loc 1 27 9 is_stmt 0 view .LVU33
 140 000a 013B     		subs	r3, r3, #1
 141 000c 5BB2     		sxtb	r3, r3
 142 000e 0371     		strb	r3, [r0, #4]
  28:MyHardWare/Src/Stack.c **** 	return s->Data[s->SP+1];
 143              		.loc 1 28 2 is_stmt 1 view .LVU34
 144              		.loc 1 28 10 is_stmt 0 view .LVU35
 145 0010 0268     		ldr	r2, [r0]
 146              		.loc 1 28 16 view .LVU36
 147 0012 1344     		add	r3, r3, r2
ARM GAS  C:\Users\asus\AppData\Local\Temp\ccpJRIBm.s 			page 4


 148 0014 93F90100 		ldrsb	r0, [r3, #1]
 149              	.LVL8:
 150              		.loc 1 28 16 view .LVU37
 151 0018 7047     		bx	lr
 152              	.LVL9:
 153              	.L8:
  25:MyHardWare/Src/Stack.c **** 	}
 154              		.loc 1 25 10 view .LVU38
 155 001a 0020     		movs	r0, #0
 156              	.LVL10:
  29:MyHardWare/Src/Stack.c **** }
 157              		.loc 1 29 1 view .LVU39
 158 001c 7047     		bx	lr
 159              		.cfi_endproc
 160              	.LFE125:
 162              		.section	.text.Stack_Empety,"ax",%progbits
 163              		.align	1
 164              		.global	Stack_Empety
 165              		.syntax unified
 166              		.thumb
 167              		.thumb_func
 169              	Stack_Empety:
 170              	.LVL11:
 171              	.LFB126:
  30:MyHardWare/Src/Stack.c **** 
  31:MyHardWare/Src/Stack.c **** FlagStatus Stack_Empety( struct Stack *s )
  32:MyHardWare/Src/Stack.c **** {
 172              		.loc 1 32 1 is_stmt 1 view -0
 173              		.cfi_startproc
 174              		@ args = 0, pretend = 0, frame = 0
 175              		@ frame_needed = 0, uses_anonymous_args = 0
 176              		@ link register save eliminated.
  33:MyHardWare/Src/Stack.c **** 	if( s->SP==-1 )
 177              		.loc 1 33 2 view .LVU41
 178              		.loc 1 33 7 is_stmt 0 view .LVU42
 179 0000 90F90430 		ldrsb	r3, [r0, #4]
 180              		.loc 1 33 4 view .LVU43
 181 0004 B3F1FF3F 		cmp	r3, #-1
 182 0008 01D0     		beq	.L12
  34:MyHardWare/Src/Stack.c **** 	{
  35:MyHardWare/Src/Stack.c **** 		return SET;
  36:MyHardWare/Src/Stack.c **** 	}
  37:MyHardWare/Src/Stack.c **** 	else
  38:MyHardWare/Src/Stack.c **** 	{
  39:MyHardWare/Src/Stack.c **** 		return RESET;
 183              		.loc 1 39 10 view .LVU44
 184 000a 0020     		movs	r0, #0
 185              	.LVL12:
  40:MyHardWare/Src/Stack.c **** 	}
  41:MyHardWare/Src/Stack.c **** }
 186              		.loc 1 41 1 view .LVU45
 187 000c 7047     		bx	lr
 188              	.LVL13:
 189              	.L12:
  35:MyHardWare/Src/Stack.c **** 	}
 190              		.loc 1 35 10 view .LVU46
 191 000e 0120     		movs	r0, #1
ARM GAS  C:\Users\asus\AppData\Local\Temp\ccpJRIBm.s 			page 5


 192              	.LVL14:
  35:MyHardWare/Src/Stack.c **** 	}
 193              		.loc 1 35 10 view .LVU47
 194 0010 7047     		bx	lr
 195              		.cfi_endproc
 196              	.LFE126:
 198              		.text
 199              	.Letext0:
 200              		.file 2 "C:/Program Files (x86)/Arm GNU Toolchain arm-none-eabi/13.2 Rel1/arm-none-eabi/include/ma
 201              		.file 3 "C:/Program Files (x86)/Arm GNU Toolchain arm-none-eabi/13.2 Rel1/arm-none-eabi/include/sy
 202              		.file 4 "CMSIS/stm32f4xx.h"
 203              		.file 5 "MyHardWare/Inc/Stack.h"
 204              		.file 6 "C:/Program Files (x86)/Arm GNU Toolchain arm-none-eabi/13.2 Rel1/lib/gcc/arm-none-eabi/13
 205              		.file 7 "C:/Program Files (x86)/Arm GNU Toolchain arm-none-eabi/13.2 Rel1/arm-none-eabi/include/st
ARM GAS  C:\Users\asus\AppData\Local\Temp\ccpJRIBm.s 			page 6


DEFINED SYMBOLS
                            *ABS*:00000000 Stack.c
C:\Users\asus\AppData\Local\Temp\ccpJRIBm.s:21     .text.Stack_Init:00000000 $t
C:\Users\asus\AppData\Local\Temp\ccpJRIBm.s:27     .text.Stack_Init:00000000 Stack_Init
C:\Users\asus\AppData\Local\Temp\ccpJRIBm.s:67     .text.PUSH:00000000 $t
C:\Users\asus\AppData\Local\Temp\ccpJRIBm.s:73     .text.PUSH:00000000 PUSH
C:\Users\asus\AppData\Local\Temp\ccpJRIBm.s:118    .text.POP:00000000 $t
C:\Users\asus\AppData\Local\Temp\ccpJRIBm.s:124    .text.POP:00000000 POP
C:\Users\asus\AppData\Local\Temp\ccpJRIBm.s:163    .text.Stack_Empety:00000000 $t
C:\Users\asus\AppData\Local\Temp\ccpJRIBm.s:169    .text.Stack_Empety:00000000 Stack_Empety

UNDEFINED SYMBOLS
malloc
