ARM GAS  /tmp/ccbwbEv1.s 			page 1


   1              		.cpu cortex-m4
   2              		.arch armv7e-m
   3              		.fpu fpv4-sp-d16
   4              		.eabi_attribute 27, 1
   5              		.eabi_attribute 28, 1
   6              		.eabi_attribute 20, 1
   7              		.eabi_attribute 21, 1
   8              		.eabi_attribute 23, 3
   9              		.eabi_attribute 24, 1
  10              		.eabi_attribute 25, 1
  11              		.eabi_attribute 26, 1
  12              		.eabi_attribute 30, 1
  13              		.eabi_attribute 34, 1
  14              		.eabi_attribute 18, 4
  15              		.file	"stm32f4xx_it.c"
  16              		.text
  17              	.Ltext0:
  18              		.cfi_sections	.debug_frame
  19              		.file 1 "USER/Src/stm32f4xx_it.c"
  20              		.section	.text.NMI_Handler,"ax",%progbits
  21              		.align	1
  22              		.global	NMI_Handler
  23              		.syntax unified
  24              		.thumb
  25              		.thumb_func
  27              	NMI_Handler:
  28              	.LFB126:
   1:USER/Src/stm32f4xx_it.c **** /**
   2:USER/Src/stm32f4xx_it.c ****  ******************************************************************************
   3:USER/Src/stm32f4xx_it.c ****  * @file    Project/STM32F4xx_StdPeriph_Templates/stm32f4xx_it.c
   4:USER/Src/stm32f4xx_it.c ****  * @author  MCD Application Team
   5:USER/Src/stm32f4xx_it.c ****  * @version V1.8.1
   6:USER/Src/stm32f4xx_it.c ****  * @date    27-January-2022
   7:USER/Src/stm32f4xx_it.c ****  * @brief   Main Interrupt Service Routines.
   8:USER/Src/stm32f4xx_it.c ****  *          This file provides template for all exceptions handler and
   9:USER/Src/stm32f4xx_it.c ****  *          peripherals interrupt service routine.
  10:USER/Src/stm32f4xx_it.c ****  ******************************************************************************
  11:USER/Src/stm32f4xx_it.c ****  * @attention
  12:USER/Src/stm32f4xx_it.c ****  *
  13:USER/Src/stm32f4xx_it.c ****  * Copyright (c) 2016 STMicroelectronics.
  14:USER/Src/stm32f4xx_it.c ****  * All rights reserved.
  15:USER/Src/stm32f4xx_it.c ****  *
  16:USER/Src/stm32f4xx_it.c ****  * This software is licensed under terms that can be found in the LICENSE file
  17:USER/Src/stm32f4xx_it.c ****  * in the root directory of this software component.
  18:USER/Src/stm32f4xx_it.c ****  * If no LICENSE file comes with this software, it is provided AS-IS.
  19:USER/Src/stm32f4xx_it.c ****  *
  20:USER/Src/stm32f4xx_it.c ****  ******************************************************************************
  21:USER/Src/stm32f4xx_it.c ****  */
  22:USER/Src/stm32f4xx_it.c **** 
  23:USER/Src/stm32f4xx_it.c **** /* Includes ------------------------------------------------------------------*/
  24:USER/Src/stm32f4xx_it.c **** #include "stm32f4xx_it.h"
  25:USER/Src/stm32f4xx_it.c **** #include "sdio_sd.h"
  26:USER/Src/stm32f4xx_it.c **** #include "stm32f4xx.h"
  27:USER/Src/stm32f4xx_it.c **** #include "stm32f4xx_adc.h"
  28:USER/Src/stm32f4xx_it.c **** #include "stm32f4xx_dma.h"
  29:USER/Src/stm32f4xx_it.c **** #include "stm32f4xx_gpio.h"
  30:USER/Src/stm32f4xx_it.c **** #include "stm32f4xx_tim.h"
ARM GAS  /tmp/ccbwbEv1.s 			page 2


  31:USER/Src/stm32f4xx_it.c **** #include "task.h"
  32:USER/Src/stm32f4xx_it.c **** #include "usart.h"
  33:USER/Src/stm32f4xx_it.c **** #include <stdint.h>
  34:USER/Src/stm32f4xx_it.c **** 
  35:USER/Src/stm32f4xx_it.c **** /** @addtogroup Template_Project
  36:USER/Src/stm32f4xx_it.c ****  * @{
  37:USER/Src/stm32f4xx_it.c ****  */
  38:USER/Src/stm32f4xx_it.c **** 
  39:USER/Src/stm32f4xx_it.c **** /* Private typedef -----------------------------------------------------------*/
  40:USER/Src/stm32f4xx_it.c **** /* Private define ------------------------------------------------------------*/
  41:USER/Src/stm32f4xx_it.c **** /* Private macro -------------------------------------------------------------*/
  42:USER/Src/stm32f4xx_it.c **** /* Private variables ---------------------------------------------------------*/
  43:USER/Src/stm32f4xx_it.c **** /* Private function prototypes -----------------------------------------------*/
  44:USER/Src/stm32f4xx_it.c **** /* Private functions ---------------------------------------------------------*/
  45:USER/Src/stm32f4xx_it.c **** 
  46:USER/Src/stm32f4xx_it.c **** /******************************************************************************/
  47:USER/Src/stm32f4xx_it.c **** /*            Cortex-M4 Processor Exceptions Handlers                         */
  48:USER/Src/stm32f4xx_it.c **** /******************************************************************************/
  49:USER/Src/stm32f4xx_it.c **** 
  50:USER/Src/stm32f4xx_it.c **** /**
  51:USER/Src/stm32f4xx_it.c ****  * @brief  This function handles NMI exception.
  52:USER/Src/stm32f4xx_it.c ****  * @param  None
  53:USER/Src/stm32f4xx_it.c ****  * @retval None
  54:USER/Src/stm32f4xx_it.c ****  */
  55:USER/Src/stm32f4xx_it.c **** void NMI_Handler(void) {}
  29              		.loc 1 55 24 view -0
  30              		.cfi_startproc
  31              		@ args = 0, pretend = 0, frame = 0
  32              		@ frame_needed = 0, uses_anonymous_args = 0
  33              		@ link register save eliminated.
  34              		.loc 1 55 25 view .LVU1
  35 0000 7047     		bx	lr
  36              		.cfi_endproc
  37              	.LFE126:
  39              		.section	.rodata.HardFault_Handler.str1.4,"aMS",%progbits,1
  40              		.align	2
  41              	.LC0:
  42 0000 0D0A3D3D 		.ascii	"\015\012======= Hard Fault Occurred =======\015\000"
  42      3D3D3D3D 
  42      3D204861 
  42      72642046 
  42      61756C74 
  43 0027 00       		.align	2
  44              	.LC1:
  45 0028 52302020 		.ascii	"R0  = 0x%08X\015\012\000"
  45      3D203078 
  45      25303858 
  45      0D0A00
  46 0037 00       		.align	2
  47              	.LC2:
  48 0038 52312020 		.ascii	"R1  = 0x%08X\015\012\000"
  48      3D203078 
  48      25303858 
  48      0D0A00
  49 0047 00       		.align	2
  50              	.LC3:
  51 0048 52322020 		.ascii	"R2  = 0x%08X\015\012\000"
ARM GAS  /tmp/ccbwbEv1.s 			page 3


  51      3D203078 
  51      25303858 
  51      0D0A00
  52 0057 00       		.align	2
  53              	.LC4:
  54 0058 52332020 		.ascii	"R3  = 0x%08X\015\012\000"
  54      3D203078 
  54      25303858 
  54      0D0A00
  55 0067 00       		.align	2
  56              	.LC5:
  57 0068 52313220 		.ascii	"R12 = 0x%08X\015\012\000"
  57      3D203078 
  57      25303858 
  57      0D0A00
  58 0077 00       		.align	2
  59              	.LC6:
  60 0078 4C522020 		.ascii	"LR  = 0x%08X\015\012\000"
  60      3D203078 
  60      25303858 
  60      0D0A00
  61 0087 00       		.align	2
  62              	.LC7:
  63 0088 50432020 		.ascii	"PC  = 0x%08X\015\012\000"
  63      3D203078 
  63      25303858 
  63      0D0A00
  64 0097 00       		.align	2
  65              	.LC8:
  66 0098 50535220 		.ascii	"PSR = 0x%08X\015\012\000"
  66      3D203078 
  66      25303858 
  66      0D0A00
  67 00a7 00       		.align	2
  68              	.LC9:
  69 00a8 0D00     		.ascii	"\015\000"
  70 00aa 0000     		.align	2
  71              	.LC10:
  72 00ac 43465352 		.ascii	"CFSR = 0x%08X\015\012\000"
  72      203D2030 
  72      78253038 
  72      580D0A00 
  73              		.align	2
  74              	.LC11:
  75 00bc 48465352 		.ascii	"HFSR = 0x%08X\015\012\000"
  75      203D2030 
  75      78253038 
  75      580D0A00 
  76              		.align	2
  77              	.LC12:
  78 00cc 44465352 		.ascii	"DFSR = 0x%08X\015\012\000"
  78      203D2030 
  78      78253038 
  78      580D0A00 
  79              		.align	2
  80              	.LC13:
  81 00dc 41465352 		.ascii	"AFSR = 0x%08X\015\012\000"
ARM GAS  /tmp/ccbwbEv1.s 			page 4


  81      203D2030 
  81      78253038 
  81      580D0A00 
  82              		.align	2
  83              	.LC14:
  84 00ec 4661756C 		.ascii	"Fault Address = 0x%08X\015\012\000"
  84      74204164 
  84      64726573 
  84      73203D20 
  84      30782530 
  85 0105 000000   		.align	2
  86              	.LC15:
  87 0108 0D0A2D2D 		.ascii	"\015\012--- Fault Analysis ---\015\000"
  87      2D204661 
  87      756C7420 
  87      416E616C 
  87      79736973 
  88 0122 0000     		.align	2
  89              	.LC16:
  90 0124 496E7374 		.ascii	"Instruction Misaligned Access\015\000"
  90      72756374 
  90      696F6E20 
  90      4D697361 
  90      6C69676E 
  91 0143 00       		.align	2
  92              	.LC17:
  93 0144 44617461 		.ascii	"Data Misaligned Access\015\000"
  93      204D6973 
  93      616C6967 
  93      6E656420 
  93      41636365 
  94              		.align	2
  95              	.LC18:
  96 015c 496E7661 		.ascii	"Invalid Instruction Execution\015\000"
  96      6C696420 
  96      496E7374 
  96      72756374 
  96      696F6E20 
  97 017b 00       		.align	2
  98              	.LC19:
  99 017c 496E7661 		.ascii	"Invalid State Usage\015\000"
  99      6C696420 
  99      53746174 
  99      65205573 
  99      6167650D 
 100 0191 000000   		.align	2
 101              	.LC20:
 102 0194 4D656D6F 		.ascii	"Memory Management Fault\015\000"
 102      7279204D 
 102      616E6167 
 102      656D656E 
 102      74204661 
 103 01ad 000000   		.align	2
 104              	.LC21:
 105 01b0 42757320 		.ascii	"Bus Fault on Instruction Fetch\015\000"
 105      4661756C 
 105      74206F6E 
ARM GAS  /tmp/ccbwbEv1.s 			page 5


 105      20496E73 
 105      74727563 
 106              		.align	2
 107              	.LC22:
 108 01d0 42757320 		.ascii	"Bus Fault on Precise Data Access\015\000"
 108      4661756C 
 108      74206F6E 
 108      20507265 
 108      63697365 
 109 01f2 0000     		.align	2
 110              	.LC23:
 111 01f4 42757320 		.ascii	"Bus Fault on Imprecise Data Access\015\000"
 111      4661756C 
 111      74206F6E 
 111      20496D70 
 111      72656369 
 112              		.align	2
 113              	.LC24:
 114 0218 556E6465 		.ascii	"Undefined Instruction Usage\015\000"
 114      66696E65 
 114      6420496E 
 114      73747275 
 114      6374696F 
 115 0235 000000   		.align	2
 116              	.LC25:
 117 0238 496E7661 		.ascii	"Invalid EPSR Usage\015\000"
 117      6C696420 
 117      45505352 
 117      20557361 
 117      67650D00 
 118              		.align	2
 119              	.LC26:
 120 024c 496E7661 		.ascii	"Invalid PC Load Usage\015\000"
 120      6C696420 
 120      5043204C 
 120      6F616420 
 120      55736167 
 121 0263 00       		.align	2
 122              	.LC27:
 123 0264 4E6F2043 		.ascii	"No Coprocessor Usage\015\000"
 123      6F70726F 
 123      63657373 
 123      6F722055 
 123      73616765 
 124 027a 0000     		.align	2
 125              	.LC28:
 126 027c 466F7263 		.ascii	"Forced Hard Fault\015\000"
 126      65642048 
 126      61726420 
 126      4661756C 
 126      740D00
 127 028f 00       		.align	2
 128              	.LC29:
 129 0290 56656374 		.ascii	"Vector Table Read Fault\015\000"
 129      6F722054 
 129      61626C65 
 129      20526561 
ARM GAS  /tmp/ccbwbEv1.s 			page 6


 129      64204661 
 130 02a9 000000   		.align	2
 131              	.LC30:
 132 02ac 3D3D3D3D 		.ascii	"===============================\015\000"
 132      3D3D3D3D 
 132      3D3D3D3D 
 132      3D3D3D3D 
 132      3D3D3D3D 
 133              		.section	.text.HardFault_Handler,"ax",%progbits
 134              		.align	1
 135              		.global	HardFault_Handler
 136              		.syntax unified
 137              		.thumb
 138              		.thumb_func
 140              	HardFault_Handler:
 141              	.LFB127:
  56:USER/Src/stm32f4xx_it.c **** 
  57:USER/Src/stm32f4xx_it.c **** /**
  58:USER/Src/stm32f4xx_it.c ****  * @brief  This function handles Hard Fault exception.
  59:USER/Src/stm32f4xx_it.c ****  * @param  None
  60:USER/Src/stm32f4xx_it.c ****  * @retval None
  61:USER/Src/stm32f4xx_it.c ****  */
  62:USER/Src/stm32f4xx_it.c **** void HardFault_Handler(void) {
 142              		.loc 1 62 30 view -0
 143              		.cfi_startproc
 144              		@ args = 0, pretend = 0, frame = 24
 145              		@ frame_needed = 0, uses_anonymous_args = 0
 146 0000 2DE9F04F 		push	{r4, r5, r6, r7, r8, r9, r10, fp, lr}
 147              	.LCFI0:
 148              		.cfi_def_cfa_offset 36
 149              		.cfi_offset 4, -36
 150              		.cfi_offset 5, -32
 151              		.cfi_offset 6, -28
 152              		.cfi_offset 7, -24
 153              		.cfi_offset 8, -20
 154              		.cfi_offset 9, -16
 155              		.cfi_offset 10, -12
 156              		.cfi_offset 11, -8
 157              		.cfi_offset 14, -4
 158 0004 87B0     		sub	sp, sp, #28
 159              	.LCFI1:
 160              		.cfi_def_cfa_offset 64
  63:USER/Src/stm32f4xx_it.c ****   /* 获取故障发生时的寄存器状态 */
  64:USER/Src/stm32f4xx_it.c ****   uint32_t r0, r1, r2, r3, r12, lr, pc, psr;
 161              		.loc 1 64 3 view .LVU3
  65:USER/Src/stm32f4xx_it.c ****   uint32_t fault_addr;
 162              		.loc 1 65 3 view .LVU4
  66:USER/Src/stm32f4xx_it.c ****   uint32_t cfsr, hfsr, dfsr, afsr;
 163              		.loc 1 66 3 view .LVU5
  67:USER/Src/stm32f4xx_it.c **** 
  68:USER/Src/stm32f4xx_it.c ****   /* 内联汇编获取寄存器值 */
  69:USER/Src/stm32f4xx_it.c ****   __asm volatile("TST lr, #4\n\t"
 164              		.loc 1 69 3 view .LVU6
 165              		.syntax unified
 166              	@ 69 "USER/Src/stm32f4xx_it.c" 1
 167 0006 1EF0040F 		TST lr, #4
 168 000a 0CBF     		ITE EQ
ARM GAS  /tmp/ccbwbEv1.s 			page 7


 169 000c EFF30883 		MRSEQ r3, MSP
 170 0010 EFF30983 		MRSNE r3, PSP
 171 0014 1A46     		MOV r2, r3
 172              		
 173              	@ 0 "" 2
 174              	.LVL0:
  70:USER/Src/stm32f4xx_it.c ****                  "ITE EQ\n\t"
  71:USER/Src/stm32f4xx_it.c ****                  "MRSEQ %0, MSP\n\t"
  72:USER/Src/stm32f4xx_it.c ****                  "MRSNE %0, PSP\n\t"
  73:USER/Src/stm32f4xx_it.c ****                  "MOV %1, %0\n\t"
  74:USER/Src/stm32f4xx_it.c ****                  : "=r"(r0), "=r"(r1)
  75:USER/Src/stm32f4xx_it.c ****                  :
  76:USER/Src/stm32f4xx_it.c ****                  : "memory");
  77:USER/Src/stm32f4xx_it.c **** 
  78:USER/Src/stm32f4xx_it.c ****   /* 从堆栈中提取寄存器值 */
  79:USER/Src/stm32f4xx_it.c ****   r0 = ((uint32_t *)r0)[0];
 175              		.loc 1 79 3 view .LVU7
 176              		.loc 1 79 6 is_stmt 0 view .LVU8
 177              		.thumb
 178              		.syntax unified
 179 0016 1D68     		ldr	r5, [r3]
 180              	.LVL1:
  80:USER/Src/stm32f4xx_it.c ****   r1 = ((uint32_t *)r0)[1];
 181              		.loc 1 80 3 is_stmt 1 view .LVU9
 182              		.loc 1 80 6 is_stmt 0 view .LVU10
 183 0018 D5F804B0 		ldr	fp, [r5, #4]
 184              	.LVL2:
  81:USER/Src/stm32f4xx_it.c ****   r2 = ((uint32_t *)r0)[2];
 185              		.loc 1 81 3 is_stmt 1 view .LVU11
 186              		.loc 1 81 6 is_stmt 0 view .LVU12
 187 001c D5F808A0 		ldr	r10, [r5, #8]
 188              	.LVL3:
  82:USER/Src/stm32f4xx_it.c ****   r3 = ((uint32_t *)r0)[3];
 189              		.loc 1 82 3 is_stmt 1 view .LVU13
 190              		.loc 1 82 6 is_stmt 0 view .LVU14
 191 0020 D5F80C90 		ldr	r9, [r5, #12]
 192              	.LVL4:
  83:USER/Src/stm32f4xx_it.c ****   r12 = ((uint32_t *)r0)[4];
 193              		.loc 1 83 3 is_stmt 1 view .LVU15
 194              		.loc 1 83 7 is_stmt 0 view .LVU16
 195 0024 D5F81080 		ldr	r8, [r5, #16]
 196              	.LVL5:
  84:USER/Src/stm32f4xx_it.c ****   lr = ((uint32_t *)r0)[5];
 197              		.loc 1 84 3 is_stmt 1 view .LVU17
 198              		.loc 1 84 6 is_stmt 0 view .LVU18
 199 0028 6B69     		ldr	r3, [r5, #20]
 200 002a 0193     		str	r3, [sp, #4]
 201              	.LVL6:
  85:USER/Src/stm32f4xx_it.c ****   pc = ((uint32_t *)r0)[6];
 202              		.loc 1 85 3 is_stmt 1 view .LVU19
 203              		.loc 1 85 6 is_stmt 0 view .LVU20
 204 002c AB69     		ldr	r3, [r5, #24]
 205              	.LVL7:
 206              		.loc 1 85 6 view .LVU21
 207 002e 0293     		str	r3, [sp, #8]
 208              	.LVL8:
  86:USER/Src/stm32f4xx_it.c ****   psr = ((uint32_t *)r0)[7];
ARM GAS  /tmp/ccbwbEv1.s 			page 8


 209              		.loc 1 86 3 is_stmt 1 view .LVU22
 210              		.loc 1 86 7 is_stmt 0 view .LVU23
 211 0030 EB69     		ldr	r3, [r5, #28]
 212              	.LVL9:
 213              		.loc 1 86 7 view .LVU24
 214 0032 0393     		str	r3, [sp, #12]
 215              	.LVL10:
  87:USER/Src/stm32f4xx_it.c **** 
  88:USER/Src/stm32f4xx_it.c ****   /* 获取故障相关信息寄存器 */
  89:USER/Src/stm32f4xx_it.c ****   cfsr = SCB->CFSR; /* Configurable Fault Status Register */
 216              		.loc 1 89 3 is_stmt 1 view .LVU25
 217              		.loc 1 89 8 is_stmt 0 view .LVU26
 218 0034 5F4B     		ldr	r3, .L38
 219              	.LVL11:
 220              		.loc 1 89 8 view .LVU27
 221 0036 9C6A     		ldr	r4, [r3, #40]
 222              	.LVL12:
  90:USER/Src/stm32f4xx_it.c ****   hfsr = SCB->HFSR; /* Hard Fault Status Register */
 223              		.loc 1 90 3 is_stmt 1 view .LVU28
 224              		.loc 1 90 8 is_stmt 0 view .LVU29
 225 0038 DE6A     		ldr	r6, [r3, #44]
 226              	.LVL13:
  91:USER/Src/stm32f4xx_it.c ****   dfsr = SCB->DFSR; /* Debug Fault Status Register */
 227              		.loc 1 91 3 is_stmt 1 view .LVU30
 228              		.loc 1 91 8 is_stmt 0 view .LVU31
 229 003a 1A6B     		ldr	r2, [r3, #48]
 230 003c 0492     		str	r2, [sp, #16]
 231              	.LVL14:
  92:USER/Src/stm32f4xx_it.c ****   afsr = SCB->AFSR; /* Auxiliary Fault Status Register */
 232              		.loc 1 92 3 is_stmt 1 view .LVU32
 233              		.loc 1 92 8 is_stmt 0 view .LVU33
 234 003e DA6B     		ldr	r2, [r3, #60]
 235              	.LVL15:
 236              		.loc 1 92 8 view .LVU34
 237 0040 0592     		str	r2, [sp, #20]
 238              	.LVL16:
  93:USER/Src/stm32f4xx_it.c **** 
  94:USER/Src/stm32f4xx_it.c ****   /* 尝试获取MMAR和BFAR（如果有效） */
  95:USER/Src/stm32f4xx_it.c ****   fault_addr = 0xFFFFFFFF;
 239              		.loc 1 95 3 is_stmt 1 view .LVU35
  96:USER/Src/stm32f4xx_it.c ****   if (SCB->CFSR & (1 << 7)) { /* MMFARVALID bit */
 240              		.loc 1 96 3 view .LVU36
 241              		.loc 1 96 10 is_stmt 0 view .LVU37
 242 0042 9B6A     		ldr	r3, [r3, #40]
 243              		.loc 1 96 6 view .LVU38
 244 0044 13F0800F 		tst	r3, #128
 245 0048 6BD0     		beq	.L3
  97:USER/Src/stm32f4xx_it.c ****     fault_addr = SCB->MMFAR;
 246              		.loc 1 97 5 is_stmt 1 view .LVU39
 247              		.loc 1 97 16 is_stmt 0 view .LVU40
 248 004a 5A4B     		ldr	r3, .L38
 249 004c 5F6B     		ldr	r7, [r3, #52]
 250              	.LVL17:
 251              	.L4:
  98:USER/Src/stm32f4xx_it.c ****   } else if (SCB->CFSR & (1 << 15)) { /* BFARVALID bit */
  99:USER/Src/stm32f4xx_it.c ****     fault_addr = SCB->BFAR;
 100:USER/Src/stm32f4xx_it.c ****   }
ARM GAS  /tmp/ccbwbEv1.s 			page 9


 101:USER/Src/stm32f4xx_it.c **** 
 102:USER/Src/stm32f4xx_it.c ****   /* 通过串口输出故障信息 */
 103:USER/Src/stm32f4xx_it.c ****   printf("\r\n======= Hard Fault Occurred =======\r\n");
 252              		.loc 1 103 3 is_stmt 1 view .LVU41
 253 004e 5A48     		ldr	r0, .L38+4
 254 0050 FFF7FEFF 		bl	puts
 255              	.LVL18:
 104:USER/Src/stm32f4xx_it.c ****   printf("R0  = 0x%08X\r\n", r0);
 256              		.loc 1 104 3 view .LVU42
 257 0054 2946     		mov	r1, r5
 258 0056 5948     		ldr	r0, .L38+8
 259 0058 FFF7FEFF 		bl	printf
 260              	.LVL19:
 105:USER/Src/stm32f4xx_it.c ****   printf("R1  = 0x%08X\r\n", r1);
 261              		.loc 1 105 3 view .LVU43
 262 005c 5946     		mov	r1, fp
 263 005e 5848     		ldr	r0, .L38+12
 264 0060 FFF7FEFF 		bl	printf
 265              	.LVL20:
 106:USER/Src/stm32f4xx_it.c ****   printf("R2  = 0x%08X\r\n", r2);
 266              		.loc 1 106 3 view .LVU44
 267 0064 5146     		mov	r1, r10
 268 0066 5748     		ldr	r0, .L38+16
 269 0068 FFF7FEFF 		bl	printf
 270              	.LVL21:
 107:USER/Src/stm32f4xx_it.c ****   printf("R3  = 0x%08X\r\n", r3);
 271              		.loc 1 107 3 view .LVU45
 272 006c 4946     		mov	r1, r9
 273 006e 5648     		ldr	r0, .L38+20
 274 0070 FFF7FEFF 		bl	printf
 275              	.LVL22:
 108:USER/Src/stm32f4xx_it.c ****   printf("R12 = 0x%08X\r\n", r12);
 276              		.loc 1 108 3 view .LVU46
 277 0074 4146     		mov	r1, r8
 278 0076 5548     		ldr	r0, .L38+24
 279 0078 FFF7FEFF 		bl	printf
 280              	.LVL23:
 109:USER/Src/stm32f4xx_it.c ****   printf("LR  = 0x%08X\r\n", lr);
 281              		.loc 1 109 3 view .LVU47
 282 007c 0199     		ldr	r1, [sp, #4]
 283 007e 5448     		ldr	r0, .L38+28
 284 0080 FFF7FEFF 		bl	printf
 285              	.LVL24:
 110:USER/Src/stm32f4xx_it.c ****   printf("PC  = 0x%08X\r\n", pc);
 286              		.loc 1 110 3 view .LVU48
 287 0084 0299     		ldr	r1, [sp, #8]
 288 0086 5348     		ldr	r0, .L38+32
 289 0088 FFF7FEFF 		bl	printf
 290              	.LVL25:
 111:USER/Src/stm32f4xx_it.c ****   printf("PSR = 0x%08X\r\n", psr);
 291              		.loc 1 111 3 view .LVU49
 292 008c 0399     		ldr	r1, [sp, #12]
 293 008e 5248     		ldr	r0, .L38+36
 294 0090 FFF7FEFF 		bl	printf
 295              	.LVL26:
 112:USER/Src/stm32f4xx_it.c ****   printf("\r\n");
 296              		.loc 1 112 3 view .LVU50
ARM GAS  /tmp/ccbwbEv1.s 			page 10


 297 0094 5148     		ldr	r0, .L38+40
 298 0096 FFF7FEFF 		bl	puts
 299              	.LVL27:
 113:USER/Src/stm32f4xx_it.c ****   printf("CFSR = 0x%08X\r\n", cfsr);
 300              		.loc 1 113 3 view .LVU51
 301 009a 2146     		mov	r1, r4
 302 009c 5048     		ldr	r0, .L38+44
 303 009e FFF7FEFF 		bl	printf
 304              	.LVL28:
 114:USER/Src/stm32f4xx_it.c ****   printf("HFSR = 0x%08X\r\n", hfsr);
 305              		.loc 1 114 3 view .LVU52
 306 00a2 3146     		mov	r1, r6
 307 00a4 4F48     		ldr	r0, .L38+48
 308 00a6 FFF7FEFF 		bl	printf
 309              	.LVL29:
 115:USER/Src/stm32f4xx_it.c ****   printf("DFSR = 0x%08X\r\n", dfsr);
 310              		.loc 1 115 3 view .LVU53
 311 00aa 0499     		ldr	r1, [sp, #16]
 312 00ac 4E48     		ldr	r0, .L38+52
 313 00ae FFF7FEFF 		bl	printf
 314              	.LVL30:
 116:USER/Src/stm32f4xx_it.c ****   printf("AFSR = 0x%08X\r\n", afsr);
 315              		.loc 1 116 3 view .LVU54
 316 00b2 0599     		ldr	r1, [sp, #20]
 317 00b4 4D48     		ldr	r0, .L38+56
 318 00b6 FFF7FEFF 		bl	printf
 319              	.LVL31:
 117:USER/Src/stm32f4xx_it.c **** 
 118:USER/Src/stm32f4xx_it.c ****   if (fault_addr != 0xFFFFFFFF) {
 320              		.loc 1 118 3 view .LVU55
 321              		.loc 1 118 6 is_stmt 0 view .LVU56
 322 00ba B7F1FF3F 		cmp	r7, #-1
 323 00be 3BD1     		bne	.L23
 324              	.L5:
 119:USER/Src/stm32f4xx_it.c ****     printf("Fault Address = 0x%08X\r\n", fault_addr);
 120:USER/Src/stm32f4xx_it.c ****   }
 121:USER/Src/stm32f4xx_it.c **** 
 122:USER/Src/stm32f4xx_it.c ****   /* 解析具体错误类型 */
 123:USER/Src/stm32f4xx_it.c ****   printf("\r\n--- Fault Analysis ---\r\n");
 325              		.loc 1 123 3 is_stmt 1 view .LVU57
 326 00c0 4B48     		ldr	r0, .L38+60
 327 00c2 FFF7FEFF 		bl	puts
 328              	.LVL32:
 124:USER/Src/stm32f4xx_it.c ****   if (cfsr & 0x0001)
 329              		.loc 1 124 3 view .LVU58
 330              		.loc 1 124 6 is_stmt 0 view .LVU59
 331 00c6 14F0010F 		tst	r4, #1
 332 00ca 3AD1     		bne	.L24
 333              	.L6:
 125:USER/Src/stm32f4xx_it.c ****     printf("Instruction Misaligned Access\r\n");
 126:USER/Src/stm32f4xx_it.c ****   if (cfsr & 0x0002)
 334              		.loc 1 126 3 is_stmt 1 view .LVU60
 335              		.loc 1 126 6 is_stmt 0 view .LVU61
 336 00cc 14F0020F 		tst	r4, #2
 337 00d0 3BD1     		bne	.L25
 338              	.L7:
 127:USER/Src/stm32f4xx_it.c ****     printf("Data Misaligned Access\r\n");
ARM GAS  /tmp/ccbwbEv1.s 			page 11


 128:USER/Src/stm32f4xx_it.c ****   if (cfsr & 0x0004)
 339              		.loc 1 128 3 is_stmt 1 view .LVU62
 340              		.loc 1 128 6 is_stmt 0 view .LVU63
 341 00d2 14F0040F 		tst	r4, #4
 342 00d6 3CD1     		bne	.L26
 343              	.L8:
 129:USER/Src/stm32f4xx_it.c ****     printf("Invalid Instruction Execution\r\n");
 130:USER/Src/stm32f4xx_it.c ****   if (cfsr & 0x0008)
 344              		.loc 1 130 3 is_stmt 1 view .LVU64
 345              		.loc 1 130 6 is_stmt 0 view .LVU65
 346 00d8 14F0080F 		tst	r4, #8
 347 00dc 3DD1     		bne	.L27
 348              	.L9:
 131:USER/Src/stm32f4xx_it.c ****     printf("Invalid State Usage\r\n");
 132:USER/Src/stm32f4xx_it.c ****   if (cfsr & 0x0100)
 349              		.loc 1 132 3 is_stmt 1 view .LVU66
 350              		.loc 1 132 6 is_stmt 0 view .LVU67
 351 00de 14F4807F 		tst	r4, #256
 352 00e2 3ED1     		bne	.L28
 353              	.L10:
 133:USER/Src/stm32f4xx_it.c ****     printf("Memory Management Fault\r\n");
 134:USER/Src/stm32f4xx_it.c ****   if (cfsr & 0x0200)
 354              		.loc 1 134 3 is_stmt 1 view .LVU68
 355              		.loc 1 134 6 is_stmt 0 view .LVU69
 356 00e4 14F4007F 		tst	r4, #512
 357 00e8 3FD1     		bne	.L29
 358              	.L11:
 135:USER/Src/stm32f4xx_it.c ****     printf("Bus Fault on Instruction Fetch\r\n");
 136:USER/Src/stm32f4xx_it.c ****   if (cfsr & 0x0400)
 359              		.loc 1 136 3 is_stmt 1 view .LVU70
 360              		.loc 1 136 6 is_stmt 0 view .LVU71
 361 00ea 14F4806F 		tst	r4, #1024
 362 00ee 40D1     		bne	.L30
 363              	.L12:
 137:USER/Src/stm32f4xx_it.c ****     printf("Bus Fault on Precise Data Access\r\n");
 138:USER/Src/stm32f4xx_it.c ****   if (cfsr & 0x0800)
 364              		.loc 1 138 3 is_stmt 1 view .LVU72
 365              		.loc 1 138 6 is_stmt 0 view .LVU73
 366 00f0 14F4006F 		tst	r4, #2048
 367 00f4 41D1     		bne	.L31
 368              	.L13:
 139:USER/Src/stm32f4xx_it.c ****     printf("Bus Fault on Imprecise Data Access\r\n");
 140:USER/Src/stm32f4xx_it.c ****   if (cfsr & 0x1000)
 369              		.loc 1 140 3 is_stmt 1 view .LVU74
 370              		.loc 1 140 6 is_stmt 0 view .LVU75
 371 00f6 14F4805F 		tst	r4, #4096
 372 00fa 42D1     		bne	.L32
 373              	.L14:
 141:USER/Src/stm32f4xx_it.c ****     printf("Undefined Instruction Usage\r\n");
 142:USER/Src/stm32f4xx_it.c ****   if (cfsr & 0x2000)
 374              		.loc 1 142 3 is_stmt 1 view .LVU76
 375              		.loc 1 142 6 is_stmt 0 view .LVU77
 376 00fc 14F4005F 		tst	r4, #8192
 377 0100 43D1     		bne	.L33
 378              	.L15:
 143:USER/Src/stm32f4xx_it.c ****     printf("Invalid EPSR Usage\r\n");
 144:USER/Src/stm32f4xx_it.c ****   if (cfsr & 0x4000)
ARM GAS  /tmp/ccbwbEv1.s 			page 12


 379              		.loc 1 144 3 is_stmt 1 view .LVU78
 380              		.loc 1 144 6 is_stmt 0 view .LVU79
 381 0102 14F4804F 		tst	r4, #16384
 382 0106 44D1     		bne	.L34
 383              	.L16:
 145:USER/Src/stm32f4xx_it.c ****     printf("Invalid PC Load Usage\r\n");
 146:USER/Src/stm32f4xx_it.c ****   if (cfsr & 0x8000)
 384              		.loc 1 146 3 is_stmt 1 view .LVU80
 385              		.loc 1 146 6 is_stmt 0 view .LVU81
 386 0108 14F4004F 		tst	r4, #32768
 387 010c 45D1     		bne	.L35
 388              	.L17:
 147:USER/Src/stm32f4xx_it.c ****     printf("No Coprocessor Usage\r\n");
 148:USER/Src/stm32f4xx_it.c **** 
 149:USER/Src/stm32f4xx_it.c ****   if (hfsr & (1 << 30))
 389              		.loc 1 149 3 is_stmt 1 view .LVU82
 390              		.loc 1 149 6 is_stmt 0 view .LVU83
 391 010e 16F0804F 		tst	r6, #1073741824
 392 0112 46D1     		bne	.L36
 393              	.L18:
 150:USER/Src/stm32f4xx_it.c ****     printf("Forced Hard Fault\r\n");
 151:USER/Src/stm32f4xx_it.c ****   if (hfsr & (1 << 1))
 394              		.loc 1 151 3 is_stmt 1 view .LVU84
 395              		.loc 1 151 6 is_stmt 0 view .LVU85
 396 0114 16F0020F 		tst	r6, #2
 397 0118 47D1     		bne	.L37
 398              	.L19:
 152:USER/Src/stm32f4xx_it.c ****     printf("Vector Table Read Fault\r\n");
 153:USER/Src/stm32f4xx_it.c **** 
 154:USER/Src/stm32f4xx_it.c ****   printf("===============================\r\n");
 399              		.loc 1 154 3 is_stmt 1 view .LVU86
 400 011a 3648     		ldr	r0, .L38+64
 401 011c FFF7FEFF 		bl	puts
 402              	.LVL33:
 403              	.L20:
 155:USER/Src/stm32f4xx_it.c **** 
 156:USER/Src/stm32f4xx_it.c ****   /* 进入无限循环 */
 157:USER/Src/stm32f4xx_it.c ****   while (1) {
 404              		.loc 1 157 3 view .LVU87
 158:USER/Src/stm32f4xx_it.c ****     /* 可以添加LED闪烁或其他指示 */
 159:USER/Src/stm32f4xx_it.c ****   }
 405              		.loc 1 159 3 view .LVU88
 157:USER/Src/stm32f4xx_it.c ****     /* 可以添加LED闪烁或其他指示 */
 406              		.loc 1 157 9 view .LVU89
 407 0120 FEE7     		b	.L20
 408              	.LVL34:
 409              	.L3:
  98:USER/Src/stm32f4xx_it.c ****     fault_addr = SCB->BFAR;
 410              		.loc 1 98 10 view .LVU90
  98:USER/Src/stm32f4xx_it.c ****     fault_addr = SCB->BFAR;
 411              		.loc 1 98 17 is_stmt 0 view .LVU91
 412 0122 244B     		ldr	r3, .L38
 413 0124 9B6A     		ldr	r3, [r3, #40]
  98:USER/Src/stm32f4xx_it.c ****     fault_addr = SCB->BFAR;
 414              		.loc 1 98 13 view .LVU92
 415 0126 13F4004F 		tst	r3, #32768
 416 012a 02D0     		beq	.L21
ARM GAS  /tmp/ccbwbEv1.s 			page 13


  99:USER/Src/stm32f4xx_it.c ****   }
 417              		.loc 1 99 5 is_stmt 1 view .LVU93
  99:USER/Src/stm32f4xx_it.c ****   }
 418              		.loc 1 99 16 is_stmt 0 view .LVU94
 419 012c 214B     		ldr	r3, .L38
 420 012e 9F6B     		ldr	r7, [r3, #56]
 421              	.LVL35:
  99:USER/Src/stm32f4xx_it.c ****   }
 422              		.loc 1 99 16 view .LVU95
 423 0130 8DE7     		b	.L4
 424              	.LVL36:
 425              	.L21:
  95:USER/Src/stm32f4xx_it.c ****   if (SCB->CFSR & (1 << 7)) { /* MMFARVALID bit */
 426              		.loc 1 95 14 view .LVU96
 427 0132 4FF0FF37 		mov	r7, #-1
 428 0136 8AE7     		b	.L4
 429              	.LVL37:
 430              	.L23:
 119:USER/Src/stm32f4xx_it.c ****   }
 431              		.loc 1 119 5 is_stmt 1 view .LVU97
 432 0138 3946     		mov	r1, r7
 433 013a 2F48     		ldr	r0, .L38+68
 434 013c FFF7FEFF 		bl	printf
 435              	.LVL38:
 436 0140 BEE7     		b	.L5
 437              	.L24:
 125:USER/Src/stm32f4xx_it.c ****   if (cfsr & 0x0002)
 438              		.loc 1 125 5 view .LVU98
 439 0142 2E48     		ldr	r0, .L38+72
 440 0144 FFF7FEFF 		bl	puts
 441              	.LVL39:
 442 0148 C0E7     		b	.L6
 443              	.L25:
 127:USER/Src/stm32f4xx_it.c ****   if (cfsr & 0x0004)
 444              		.loc 1 127 5 view .LVU99
 445 014a 2D48     		ldr	r0, .L38+76
 446 014c FFF7FEFF 		bl	puts
 447              	.LVL40:
 448 0150 BFE7     		b	.L7
 449              	.L26:
 129:USER/Src/stm32f4xx_it.c ****   if (cfsr & 0x0008)
 450              		.loc 1 129 5 view .LVU100
 451 0152 2C48     		ldr	r0, .L38+80
 452 0154 FFF7FEFF 		bl	puts
 453              	.LVL41:
 454 0158 BEE7     		b	.L8
 455              	.L27:
 131:USER/Src/stm32f4xx_it.c ****   if (cfsr & 0x0100)
 456              		.loc 1 131 5 view .LVU101
 457 015a 2B48     		ldr	r0, .L38+84
 458 015c FFF7FEFF 		bl	puts
 459              	.LVL42:
 460 0160 BDE7     		b	.L9
 461              	.L28:
 133:USER/Src/stm32f4xx_it.c ****   if (cfsr & 0x0200)
 462              		.loc 1 133 5 view .LVU102
 463 0162 2A48     		ldr	r0, .L38+88
ARM GAS  /tmp/ccbwbEv1.s 			page 14


 464 0164 FFF7FEFF 		bl	puts
 465              	.LVL43:
 466 0168 BCE7     		b	.L10
 467              	.L29:
 135:USER/Src/stm32f4xx_it.c ****   if (cfsr & 0x0400)
 468              		.loc 1 135 5 view .LVU103
 469 016a 2948     		ldr	r0, .L38+92
 470 016c FFF7FEFF 		bl	puts
 471              	.LVL44:
 472 0170 BBE7     		b	.L11
 473              	.L30:
 137:USER/Src/stm32f4xx_it.c ****   if (cfsr & 0x0800)
 474              		.loc 1 137 5 view .LVU104
 475 0172 2848     		ldr	r0, .L38+96
 476 0174 FFF7FEFF 		bl	puts
 477              	.LVL45:
 478 0178 BAE7     		b	.L12
 479              	.L31:
 139:USER/Src/stm32f4xx_it.c ****   if (cfsr & 0x1000)
 480              		.loc 1 139 5 view .LVU105
 481 017a 2748     		ldr	r0, .L38+100
 482 017c FFF7FEFF 		bl	puts
 483              	.LVL46:
 484 0180 B9E7     		b	.L13
 485              	.L32:
 141:USER/Src/stm32f4xx_it.c ****   if (cfsr & 0x2000)
 486              		.loc 1 141 5 view .LVU106
 487 0182 2648     		ldr	r0, .L38+104
 488 0184 FFF7FEFF 		bl	puts
 489              	.LVL47:
 490 0188 B8E7     		b	.L14
 491              	.L33:
 143:USER/Src/stm32f4xx_it.c ****   if (cfsr & 0x4000)
 492              		.loc 1 143 5 view .LVU107
 493 018a 2548     		ldr	r0, .L38+108
 494 018c FFF7FEFF 		bl	puts
 495              	.LVL48:
 496 0190 B7E7     		b	.L15
 497              	.L34:
 145:USER/Src/stm32f4xx_it.c ****   if (cfsr & 0x8000)
 498              		.loc 1 145 5 view .LVU108
 499 0192 2448     		ldr	r0, .L38+112
 500 0194 FFF7FEFF 		bl	puts
 501              	.LVL49:
 502 0198 B6E7     		b	.L16
 503              	.L35:
 147:USER/Src/stm32f4xx_it.c **** 
 504              		.loc 1 147 5 view .LVU109
 505 019a 2348     		ldr	r0, .L38+116
 506 019c FFF7FEFF 		bl	puts
 507              	.LVL50:
 508 01a0 B5E7     		b	.L17
 509              	.L36:
 150:USER/Src/stm32f4xx_it.c ****   if (hfsr & (1 << 1))
 510              		.loc 1 150 5 view .LVU110
 511 01a2 2248     		ldr	r0, .L38+120
 512 01a4 FFF7FEFF 		bl	puts
ARM GAS  /tmp/ccbwbEv1.s 			page 15


 513              	.LVL51:
 514 01a8 B4E7     		b	.L18
 515              	.L37:
 152:USER/Src/stm32f4xx_it.c **** 
 516              		.loc 1 152 5 view .LVU111
 517 01aa 2148     		ldr	r0, .L38+124
 518 01ac FFF7FEFF 		bl	puts
 519              	.LVL52:
 520 01b0 B3E7     		b	.L19
 521              	.L39:
 522 01b2 00BF     		.align	2
 523              	.L38:
 524 01b4 00ED00E0 		.word	-536810240
 525 01b8 00000000 		.word	.LC0
 526 01bc 28000000 		.word	.LC1
 527 01c0 38000000 		.word	.LC2
 528 01c4 48000000 		.word	.LC3
 529 01c8 58000000 		.word	.LC4
 530 01cc 68000000 		.word	.LC5
 531 01d0 78000000 		.word	.LC6
 532 01d4 88000000 		.word	.LC7
 533 01d8 98000000 		.word	.LC8
 534 01dc A8000000 		.word	.LC9
 535 01e0 AC000000 		.word	.LC10
 536 01e4 BC000000 		.word	.LC11
 537 01e8 CC000000 		.word	.LC12
 538 01ec DC000000 		.word	.LC13
 539 01f0 08010000 		.word	.LC15
 540 01f4 AC020000 		.word	.LC30
 541 01f8 EC000000 		.word	.LC14
 542 01fc 24010000 		.word	.LC16
 543 0200 44010000 		.word	.LC17
 544 0204 5C010000 		.word	.LC18
 545 0208 7C010000 		.word	.LC19
 546 020c 94010000 		.word	.LC20
 547 0210 B0010000 		.word	.LC21
 548 0214 D0010000 		.word	.LC22
 549 0218 F4010000 		.word	.LC23
 550 021c 18020000 		.word	.LC24
 551 0220 38020000 		.word	.LC25
 552 0224 4C020000 		.word	.LC26
 553 0228 64020000 		.word	.LC27
 554 022c 7C020000 		.word	.LC28
 555 0230 90020000 		.word	.LC29
 556              		.cfi_endproc
 557              	.LFE127:
 559              		.section	.text.MemManage_Handler,"ax",%progbits
 560              		.align	1
 561              		.global	MemManage_Handler
 562              		.syntax unified
 563              		.thumb
 564              		.thumb_func
 566              	MemManage_Handler:
 567              	.LFB128:
 160:USER/Src/stm32f4xx_it.c **** }
 161:USER/Src/stm32f4xx_it.c **** /**
 162:USER/Src/stm32f4xx_it.c ****  * @brief  This function handles Memory Manage exception.
ARM GAS  /tmp/ccbwbEv1.s 			page 16


 163:USER/Src/stm32f4xx_it.c ****  * @param  None
 164:USER/Src/stm32f4xx_it.c ****  * @retval None
 165:USER/Src/stm32f4xx_it.c ****  */
 166:USER/Src/stm32f4xx_it.c **** void MemManage_Handler(void) {
 568              		.loc 1 166 30 view -0
 569              		.cfi_startproc
 570              		@ Volatile: function does not return.
 571              		@ args = 0, pretend = 0, frame = 0
 572              		@ frame_needed = 0, uses_anonymous_args = 0
 573              		@ link register save eliminated.
 574              	.L41:
 167:USER/Src/stm32f4xx_it.c ****   /* Go to infinite loop when Memory Manage exception occurs */
 168:USER/Src/stm32f4xx_it.c ****   while (1) {
 575              		.loc 1 168 3 view .LVU113
 169:USER/Src/stm32f4xx_it.c ****   }
 576              		.loc 1 169 3 view .LVU114
 168:USER/Src/stm32f4xx_it.c ****   }
 577              		.loc 1 168 9 view .LVU115
 578 0000 FEE7     		b	.L41
 579              		.cfi_endproc
 580              	.LFE128:
 582              		.section	.text.BusFault_Handler,"ax",%progbits
 583              		.align	1
 584              		.global	BusFault_Handler
 585              		.syntax unified
 586              		.thumb
 587              		.thumb_func
 589              	BusFault_Handler:
 590              	.LFB129:
 170:USER/Src/stm32f4xx_it.c **** }
 171:USER/Src/stm32f4xx_it.c **** 
 172:USER/Src/stm32f4xx_it.c **** /**
 173:USER/Src/stm32f4xx_it.c ****  * @brief  This function handles Bus Fault exception.
 174:USER/Src/stm32f4xx_it.c ****  * @param  None
 175:USER/Src/stm32f4xx_it.c ****  * @retval None
 176:USER/Src/stm32f4xx_it.c ****  */
 177:USER/Src/stm32f4xx_it.c **** void BusFault_Handler(void) {
 591              		.loc 1 177 29 view -0
 592              		.cfi_startproc
 593              		@ Volatile: function does not return.
 594              		@ args = 0, pretend = 0, frame = 0
 595              		@ frame_needed = 0, uses_anonymous_args = 0
 596              		@ link register save eliminated.
 597              	.L43:
 178:USER/Src/stm32f4xx_it.c ****   /* Go to infinite loop when Bus Fault exception occurs */
 179:USER/Src/stm32f4xx_it.c ****   while (1) {
 598              		.loc 1 179 3 view .LVU117
 180:USER/Src/stm32f4xx_it.c ****   }
 599              		.loc 1 180 3 view .LVU118
 179:USER/Src/stm32f4xx_it.c ****   }
 600              		.loc 1 179 9 view .LVU119
 601 0000 FEE7     		b	.L43
 602              		.cfi_endproc
 603              	.LFE129:
 605              		.section	.text.UsageFault_Handler,"ax",%progbits
 606              		.align	1
 607              		.global	UsageFault_Handler
ARM GAS  /tmp/ccbwbEv1.s 			page 17


 608              		.syntax unified
 609              		.thumb
 610              		.thumb_func
 612              	UsageFault_Handler:
 613              	.LFB130:
 181:USER/Src/stm32f4xx_it.c **** }
 182:USER/Src/stm32f4xx_it.c **** 
 183:USER/Src/stm32f4xx_it.c **** /**
 184:USER/Src/stm32f4xx_it.c ****  * @brief  This function handles Usage Fault exception.
 185:USER/Src/stm32f4xx_it.c ****  * @param  None
 186:USER/Src/stm32f4xx_it.c ****  * @retval None
 187:USER/Src/stm32f4xx_it.c ****  */
 188:USER/Src/stm32f4xx_it.c **** void UsageFault_Handler(void) {
 614              		.loc 1 188 31 view -0
 615              		.cfi_startproc
 616              		@ Volatile: function does not return.
 617              		@ args = 0, pretend = 0, frame = 0
 618              		@ frame_needed = 0, uses_anonymous_args = 0
 619              		@ link register save eliminated.
 620              	.L45:
 189:USER/Src/stm32f4xx_it.c ****   /* Go to infinite loop when Usage Fault exception occurs */
 190:USER/Src/stm32f4xx_it.c ****   while (1) {
 621              		.loc 1 190 3 view .LVU121
 191:USER/Src/stm32f4xx_it.c ****   }
 622              		.loc 1 191 3 view .LVU122
 190:USER/Src/stm32f4xx_it.c ****   }
 623              		.loc 1 190 9 view .LVU123
 624 0000 FEE7     		b	.L45
 625              		.cfi_endproc
 626              	.LFE130:
 628              		.section	.text.SVC_Handler,"ax",%progbits
 629              		.align	1
 630              		.global	SVC_Handler
 631              		.syntax unified
 632              		.thumb
 633              		.thumb_func
 635              	SVC_Handler:
 636              	.LFB131:
 192:USER/Src/stm32f4xx_it.c **** }
 193:USER/Src/stm32f4xx_it.c **** 
 194:USER/Src/stm32f4xx_it.c **** /**
 195:USER/Src/stm32f4xx_it.c ****  * @brief  This function handles SVCall exception.
 196:USER/Src/stm32f4xx_it.c ****  * @param  None
 197:USER/Src/stm32f4xx_it.c ****  * @retval None
 198:USER/Src/stm32f4xx_it.c ****  */
 199:USER/Src/stm32f4xx_it.c **** void SVC_Handler(void) {}
 637              		.loc 1 199 24 view -0
 638              		.cfi_startproc
 639              		@ args = 0, pretend = 0, frame = 0
 640              		@ frame_needed = 0, uses_anonymous_args = 0
 641              		@ link register save eliminated.
 642              		.loc 1 199 25 view .LVU125
 643 0000 7047     		bx	lr
 644              		.cfi_endproc
 645              	.LFE131:
 647              		.section	.text.DebugMon_Handler,"ax",%progbits
 648              		.align	1
ARM GAS  /tmp/ccbwbEv1.s 			page 18


 649              		.global	DebugMon_Handler
 650              		.syntax unified
 651              		.thumb
 652              		.thumb_func
 654              	DebugMon_Handler:
 655              	.LFB132:
 200:USER/Src/stm32f4xx_it.c **** 
 201:USER/Src/stm32f4xx_it.c **** /**
 202:USER/Src/stm32f4xx_it.c ****  * @brief  This function handles Debug Monitor exception.
 203:USER/Src/stm32f4xx_it.c ****  * @param  None
 204:USER/Src/stm32f4xx_it.c ****  * @retval None
 205:USER/Src/stm32f4xx_it.c ****  */
 206:USER/Src/stm32f4xx_it.c **** void DebugMon_Handler(void) {}
 656              		.loc 1 206 29 view -0
 657              		.cfi_startproc
 658              		@ args = 0, pretend = 0, frame = 0
 659              		@ frame_needed = 0, uses_anonymous_args = 0
 660              		@ link register save eliminated.
 661              		.loc 1 206 30 view .LVU127
 662 0000 7047     		bx	lr
 663              		.cfi_endproc
 664              	.LFE132:
 666              		.section	.text.PendSV_Handler,"ax",%progbits
 667              		.align	1
 668              		.global	PendSV_Handler
 669              		.syntax unified
 670              		.thumb
 671              		.thumb_func
 673              	PendSV_Handler:
 674              	.LFB133:
 207:USER/Src/stm32f4xx_it.c **** 
 208:USER/Src/stm32f4xx_it.c **** /**
 209:USER/Src/stm32f4xx_it.c ****  * @brief  This function handles PendSVC exception.
 210:USER/Src/stm32f4xx_it.c ****  * @param  None
 211:USER/Src/stm32f4xx_it.c ****  * @retval None
 212:USER/Src/stm32f4xx_it.c ****  */
 213:USER/Src/stm32f4xx_it.c **** void PendSV_Handler(void) {}
 675              		.loc 1 213 27 view -0
 676              		.cfi_startproc
 677              		@ args = 0, pretend = 0, frame = 0
 678              		@ frame_needed = 0, uses_anonymous_args = 0
 679              		@ link register save eliminated.
 680              		.loc 1 213 28 view .LVU129
 681 0000 7047     		bx	lr
 682              		.cfi_endproc
 683              	.LFE133:
 685              		.section	.text.SysTick_Handler,"ax",%progbits
 686              		.align	1
 687              		.global	SysTick_Handler
 688              		.syntax unified
 689              		.thumb
 690              		.thumb_func
 692              	SysTick_Handler:
 693              	.LFB134:
 214:USER/Src/stm32f4xx_it.c **** 
 215:USER/Src/stm32f4xx_it.c **** /**
 216:USER/Src/stm32f4xx_it.c ****  * @brief  This function handles SysTick Handler.
ARM GAS  /tmp/ccbwbEv1.s 			page 19


 217:USER/Src/stm32f4xx_it.c ****  * @param  None
 218:USER/Src/stm32f4xx_it.c ****  * @retval None
 219:USER/Src/stm32f4xx_it.c ****  */
 220:USER/Src/stm32f4xx_it.c **** void SysTick_Handler(void) { Task_Handler(); }
 694              		.loc 1 220 28 view -0
 695              		.cfi_startproc
 696              		@ args = 0, pretend = 0, frame = 0
 697              		@ frame_needed = 0, uses_anonymous_args = 0
 698 0000 08B5     		push	{r3, lr}
 699              	.LCFI2:
 700              		.cfi_def_cfa_offset 8
 701              		.cfi_offset 3, -8
 702              		.cfi_offset 14, -4
 703              		.loc 1 220 30 view .LVU131
 704 0002 FFF7FEFF 		bl	Task_Handler
 705              	.LVL53:
 706              		.loc 1 220 46 is_stmt 0 view .LVU132
 707 0006 08BD     		pop	{r3, pc}
 708              		.cfi_endproc
 709              	.LFE134:
 711              		.section	.text.EXTI2_IRQHandler,"ax",%progbits
 712              		.align	1
 713              		.global	EXTI2_IRQHandler
 714              		.syntax unified
 715              		.thumb
 716              		.thumb_func
 718              	EXTI2_IRQHandler:
 719              	.LFB135:
 221:USER/Src/stm32f4xx_it.c **** 
 222:USER/Src/stm32f4xx_it.c **** /******************************************************************************/
 223:USER/Src/stm32f4xx_it.c **** /*                 STM32F4xx Peripherals Interrupt Handlers                   */
 224:USER/Src/stm32f4xx_it.c **** /*  Add here the Interrupt Handler for the used peripheral(s) (PPP), for the  */
 225:USER/Src/stm32f4xx_it.c **** /*  available peripheral interrupt handler's name please refer to the startup */
 226:USER/Src/stm32f4xx_it.c **** /*  file (startup_stm32f4xx.s).                                               */
 227:USER/Src/stm32f4xx_it.c **** /******************************************************************************/
 228:USER/Src/stm32f4xx_it.c **** 
 229:USER/Src/stm32f4xx_it.c **** /**
 230:USER/Src/stm32f4xx_it.c ****  * @brief  This function handles K1 key interrupt request (PD2).
 231:USER/Src/stm32f4xx_it.c ****  * @param  None
 232:USER/Src/stm32f4xx_it.c ****  * @retval None
 233:USER/Src/stm32f4xx_it.c ****  */
 234:USER/Src/stm32f4xx_it.c **** void EXTI2_IRQHandler(void) {}
 720              		.loc 1 234 29 is_stmt 1 view -0
 721              		.cfi_startproc
 722              		@ args = 0, pretend = 0, frame = 0
 723              		@ frame_needed = 0, uses_anonymous_args = 0
 724              		@ link register save eliminated.
 725              		.loc 1 234 30 view .LVU134
 726 0000 7047     		bx	lr
 727              		.cfi_endproc
 728              	.LFE135:
 730              		.section	.text.TIM3_IRQHandler,"ax",%progbits
 731              		.align	1
 732              		.global	TIM3_IRQHandler
 733              		.syntax unified
 734              		.thumb
 735              		.thumb_func
ARM GAS  /tmp/ccbwbEv1.s 			page 20


 737              	TIM3_IRQHandler:
 738              	.LFB136:
 235:USER/Src/stm32f4xx_it.c **** 
 236:USER/Src/stm32f4xx_it.c **** /**
 237:USER/Src/stm32f4xx_it.c ****  * @brief  This function handles K2 key interrupt request (PD0).
 238:USER/Src/stm32f4xx_it.c ****  * @param  None
 239:USER/Src/stm32f4xx_it.c ****  * @retval None
 240:USER/Src/stm32f4xx_it.c ****  */
 241:USER/Src/stm32f4xx_it.c **** 
 242:USER/Src/stm32f4xx_it.c **** /**
 243:USER/Src/stm32f4xx_it.c ****  * @brief  This function handles TIM4 interrupt request.
 244:USER/Src/stm32f4xx_it.c ****  * @param  None
 245:USER/Src/stm32f4xx_it.c ****  * @retval None
 246:USER/Src/stm32f4xx_it.c ****  */
 247:USER/Src/stm32f4xx_it.c **** uint8_t Led_flag = 0;
 248:USER/Src/stm32f4xx_it.c **** uint8_t DMA2_Flag;
 249:USER/Src/stm32f4xx_it.c **** uint8_t AWD_Flag;
 250:USER/Src/stm32f4xx_it.c **** void TIM3_IRQHandler(void) {
 739              		.loc 1 250 28 view -0
 740              		.cfi_startproc
 741              		@ args = 0, pretend = 0, frame = 0
 742              		@ frame_needed = 0, uses_anonymous_args = 0
 743 0000 08B5     		push	{r3, lr}
 744              	.LCFI3:
 745              		.cfi_def_cfa_offset 8
 746              		.cfi_offset 3, -8
 747              		.cfi_offset 14, -4
 251:USER/Src/stm32f4xx_it.c ****   if (TIM_GetITStatus(TIM3, TIM_IT_Update) != RESET) {
 748              		.loc 1 251 3 view .LVU136
 749              		.loc 1 251 7 is_stmt 0 view .LVU137
 750 0002 0121     		movs	r1, #1
 751 0004 0748     		ldr	r0, .L56
 752 0006 FFF7FEFF 		bl	TIM_GetITStatus
 753              	.LVL54:
 754              		.loc 1 251 6 discriminator 1 view .LVU138
 755 000a 00B9     		cbnz	r0, .L55
 756              	.L52:
 252:USER/Src/stm32f4xx_it.c ****     // 清除中断标志
 253:USER/Src/stm32f4xx_it.c ****     TIM_ClearITPendingBit(TIM3, TIM_IT_Update);
 254:USER/Src/stm32f4xx_it.c ****     GPIO_ToggleBits(GPIOC, GPIO_Pin_13);
 255:USER/Src/stm32f4xx_it.c ****   }
 256:USER/Src/stm32f4xx_it.c **** }
 757              		.loc 1 256 1 view .LVU139
 758 000c 08BD     		pop	{r3, pc}
 759              	.L55:
 253:USER/Src/stm32f4xx_it.c ****     GPIO_ToggleBits(GPIOC, GPIO_Pin_13);
 760              		.loc 1 253 5 is_stmt 1 view .LVU140
 761 000e 0121     		movs	r1, #1
 762 0010 0448     		ldr	r0, .L56
 763 0012 FFF7FEFF 		bl	TIM_ClearITPendingBit
 764              	.LVL55:
 254:USER/Src/stm32f4xx_it.c ****   }
 765              		.loc 1 254 5 view .LVU141
 766 0016 4FF40051 		mov	r1, #8192
 767 001a 0348     		ldr	r0, .L56+4
 768 001c FFF7FEFF 		bl	GPIO_ToggleBits
 769              	.LVL56:
ARM GAS  /tmp/ccbwbEv1.s 			page 21


 770              		.loc 1 256 1 is_stmt 0 view .LVU142
 771 0020 F4E7     		b	.L52
 772              	.L57:
 773 0022 00BF     		.align	2
 774              	.L56:
 775 0024 00040040 		.word	1073742848
 776 0028 00080240 		.word	1073874944
 777              		.cfi_endproc
 778              	.LFE136:
 780              		.section	.text.TIM4_IRQHandler,"ax",%progbits
 781              		.align	1
 782              		.global	TIM4_IRQHandler
 783              		.syntax unified
 784              		.thumb
 785              		.thumb_func
 787              	TIM4_IRQHandler:
 788              	.LFB137:
 257:USER/Src/stm32f4xx_it.c **** 
 258:USER/Src/stm32f4xx_it.c **** /**
 259:USER/Src/stm32f4xx_it.c ****  * @brief  This function handles TIM4 interrupt request.
 260:USER/Src/stm32f4xx_it.c ****  * @param  None
 261:USER/Src/stm32f4xx_it.c ****  * @retval None
 262:USER/Src/stm32f4xx_it.c ****  */
 263:USER/Src/stm32f4xx_it.c **** void TIM4_IRQHandler(void) {}
 789              		.loc 1 263 28 is_stmt 1 view -0
 790              		.cfi_startproc
 791              		@ args = 0, pretend = 0, frame = 0
 792              		@ frame_needed = 0, uses_anonymous_args = 0
 793              		@ link register save eliminated.
 794              		.loc 1 263 29 view .LVU144
 795 0000 7047     		bx	lr
 796              		.cfi_endproc
 797              	.LFE137:
 799              		.section	.rodata.DMA2_Stream0_IRQHandler.str1.4,"aMS",%progbits,1
 800              		.align	2
 801              	.LC31:
 802 0000 444D4120 		.ascii	"DMA transer erro\000"
 802      7472616E 
 802      73657220 
 802      6572726F 
 802      00
 803              		.section	.text.DMA2_Stream0_IRQHandler,"ax",%progbits
 804              		.align	1
 805              		.global	DMA2_Stream0_IRQHandler
 806              		.syntax unified
 807              		.thumb
 808              		.thumb_func
 810              	DMA2_Stream0_IRQHandler:
 811              	.LFB138:
 264:USER/Src/stm32f4xx_it.c **** 
 265:USER/Src/stm32f4xx_it.c **** void DMA2_Stream0_IRQHandler(void) {
 812              		.loc 1 265 36 view -0
 813              		.cfi_startproc
 814              		@ args = 0, pretend = 0, frame = 0
 815              		@ frame_needed = 0, uses_anonymous_args = 0
 816 0000 08B5     		push	{r3, lr}
 817              	.LCFI4:
ARM GAS  /tmp/ccbwbEv1.s 			page 22


 818              		.cfi_def_cfa_offset 8
 819              		.cfi_offset 3, -8
 820              		.cfi_offset 14, -4
 266:USER/Src/stm32f4xx_it.c ****   // 传输完成中断
 267:USER/Src/stm32f4xx_it.c ****   if (DMA_GetITStatus(DMA2_Stream0, DMA_IT_TCIF0) != RESET) {
 821              		.loc 1 267 3 view .LVU146
 822              		.loc 1 267 7 is_stmt 0 view .LVU147
 823 0002 0F49     		ldr	r1, .L65
 824 0004 0F48     		ldr	r0, .L65+4
 825 0006 FFF7FEFF 		bl	DMA_GetITStatus
 826              	.LVL57:
 827              		.loc 1 267 6 discriminator 1 view .LVU148
 828 000a 28B9     		cbnz	r0, .L63
 829              	.L60:
 268:USER/Src/stm32f4xx_it.c ****     DMA_ClearITPendingBit(DMA2_Stream0, DMA_IT_TCIF0);
 269:USER/Src/stm32f4xx_it.c ****     DMA2_Flag = 1;
 270:USER/Src/stm32f4xx_it.c ****     ADC_AnalogWatchdogCmd(ADC1, ADC_AnalogWatchdog_SingleRegEnable);
 271:USER/Src/stm32f4xx_it.c ****     // DMA传输完成，重新使能看门狗中断，准备下一次触发
 272:USER/Src/stm32f4xx_it.c ****     // ADC_ITConfig(ADC1, ADC_IT_AWD, ENABLE);
 273:USER/Src/stm32f4xx_it.c ****   }
 274:USER/Src/stm32f4xx_it.c **** 
 275:USER/Src/stm32f4xx_it.c ****   // 传输错误中断
 276:USER/Src/stm32f4xx_it.c ****   if (DMA_GetITStatus(DMA2_Stream0, DMA_IT_TEIF0) != RESET) {
 830              		.loc 1 276 3 is_stmt 1 view .LVU149
 831              		.loc 1 276 7 is_stmt 0 view .LVU150
 832 000c 0E49     		ldr	r1, .L65+8
 833 000e 0D48     		ldr	r0, .L65+4
 834 0010 FFF7FEFF 		bl	DMA_GetITStatus
 835              	.LVL58:
 836              		.loc 1 276 6 discriminator 1 view .LVU151
 837 0014 60B9     		cbnz	r0, .L64
 838              	.L59:
 277:USER/Src/stm32f4xx_it.c ****     DMA_ClearITPendingBit(DMA2_Stream0, DMA_IT_TEIF0);
 278:USER/Src/stm32f4xx_it.c ****     printf("DMA transer erro\n");
 279:USER/Src/stm32f4xx_it.c ****   }
 280:USER/Src/stm32f4xx_it.c **** }
 839              		.loc 1 280 1 view .LVU152
 840 0016 08BD     		pop	{r3, pc}
 841              	.L63:
 268:USER/Src/stm32f4xx_it.c ****     DMA_ClearITPendingBit(DMA2_Stream0, DMA_IT_TCIF0);
 842              		.loc 1 268 5 is_stmt 1 view .LVU153
 843 0018 0949     		ldr	r1, .L65
 844 001a 0A48     		ldr	r0, .L65+4
 845 001c FFF7FEFF 		bl	DMA_ClearITPendingBit
 846              	.LVL59:
 269:USER/Src/stm32f4xx_it.c ****     ADC_AnalogWatchdogCmd(ADC1, ADC_AnalogWatchdog_SingleRegEnable);
 847              		.loc 1 269 5 view .LVU154
 269:USER/Src/stm32f4xx_it.c ****     ADC_AnalogWatchdogCmd(ADC1, ADC_AnalogWatchdog_SingleRegEnable);
 848              		.loc 1 269 15 is_stmt 0 view .LVU155
 849 0020 0A4B     		ldr	r3, .L65+12
 850 0022 0122     		movs	r2, #1
 851 0024 1A70     		strb	r2, [r3]
 270:USER/Src/stm32f4xx_it.c ****     // DMA传输完成，重新使能看门狗中断，准备下一次触发
 852              		.loc 1 270 5 is_stmt 1 view .LVU156
 853 0026 0A49     		ldr	r1, .L65+16
 854 0028 0A48     		ldr	r0, .L65+20
 855 002a FFF7FEFF 		bl	ADC_AnalogWatchdogCmd
ARM GAS  /tmp/ccbwbEv1.s 			page 23


 856              	.LVL60:
 857 002e EDE7     		b	.L60
 858              	.L64:
 277:USER/Src/stm32f4xx_it.c ****     DMA_ClearITPendingBit(DMA2_Stream0, DMA_IT_TEIF0);
 859              		.loc 1 277 5 view .LVU157
 860 0030 0549     		ldr	r1, .L65+8
 861 0032 0448     		ldr	r0, .L65+4
 862 0034 FFF7FEFF 		bl	DMA_ClearITPendingBit
 863              	.LVL61:
 278:USER/Src/stm32f4xx_it.c ****   }
 864              		.loc 1 278 5 view .LVU158
 865 0038 0748     		ldr	r0, .L65+24
 866 003a FFF7FEFF 		bl	puts
 867              	.LVL62:
 868              		.loc 1 280 1 is_stmt 0 view .LVU159
 869 003e EAE7     		b	.L59
 870              	.L66:
 871              		.align	2
 872              	.L65:
 873 0040 20800010 		.word	268468256
 874 0044 10640240 		.word	1073898512
 875 0048 08200010 		.word	268443656
 876 004c 00000000 		.word	DMA2_Flag
 877 0050 00028000 		.word	8389120
 878 0054 00200140 		.word	1073815552
 879 0058 00000000 		.word	.LC31
 880              		.cfi_endproc
 881              	.LFE138:
 883              		.section	.text.ADC_IRQHandler,"ax",%progbits
 884              		.align	1
 885              		.global	ADC_IRQHandler
 886              		.syntax unified
 887              		.thumb
 888              		.thumb_func
 890              	ADC_IRQHandler:
 891              	.LFB139:
 281:USER/Src/stm32f4xx_it.c **** 
 282:USER/Src/stm32f4xx_it.c **** void ADC_IRQHandler(void) {
 892              		.loc 1 282 27 is_stmt 1 view -0
 893              		.cfi_startproc
 894              		@ args = 0, pretend = 0, frame = 0
 895              		@ frame_needed = 0, uses_anonymous_args = 0
 896 0000 08B5     		push	{r3, lr}
 897              	.LCFI5:
 898              		.cfi_def_cfa_offset 8
 899              		.cfi_offset 3, -8
 900              		.cfi_offset 14, -4
 283:USER/Src/stm32f4xx_it.c ****   // 检查模拟看门狗中断
 284:USER/Src/stm32f4xx_it.c ****   if (ADC_GetITStatus(ADC1, ADC_IT_AWD) != RESET) {
 901              		.loc 1 284 3 view .LVU161
 902              		.loc 1 284 7 is_stmt 0 view .LVU162
 903 0002 4FF48371 		mov	r1, #262
 904 0006 1348     		ldr	r0, .L75
 905 0008 FFF7FEFF 		bl	ADC_GetITStatus
 906              	.LVL63:
 907              		.loc 1 284 6 discriminator 1 view .LVU163
 908 000c 30B9     		cbnz	r0, .L72
ARM GAS  /tmp/ccbwbEv1.s 			page 24


 909              	.L68:
 285:USER/Src/stm32f4xx_it.c ****     ADC_ClearITPendingBit(ADC1, ADC_IT_AWD);
 286:USER/Src/stm32f4xx_it.c ****     AWD_Flag++;
 287:USER/Src/stm32f4xx_it.c ****     if (AWD_Flag == 3)
 288:USER/Src/stm32f4xx_it.c ****       ADC_AnalogWatchdogCmd(ADC1, ADC_AnalogWatchdog_None);
 289:USER/Src/stm32f4xx_it.c **** 
 290:USER/Src/stm32f4xx_it.c ****     // LED闪烁提示看门狗触发
 291:USER/Src/stm32f4xx_it.c ****     // Led_flag = ~Led_flag;
 292:USER/Src/stm32f4xx_it.c ****     // GPIO_WriteBit(GPIOC, GPIO_Pin_13;, Led_flag ? Bit_SET : Bit_RESET);
 293:USER/Src/stm32f4xx_it.c ****     ADC_AnalogWatchdogCmd(ADC1, ADC_AnalogWatchdog_None);
 294:USER/Src/stm32f4xx_it.c ****     // 启动DMA传输，记录接下来的1024个采样点
 295:USER/Src/stm32f4xx_it.c ****     // ADC_DMA_Start();
 296:USER/Src/stm32f4xx_it.c ****   }
 297:USER/Src/stm32f4xx_it.c ****   if (ADC_GetITStatus(ADC1, ADC_IT_EOC) != RESET) {
 910              		.loc 1 297 3 is_stmt 1 view .LVU164
 911              		.loc 1 297 7 is_stmt 0 view .LVU165
 912 000e 40F20521 		movw	r1, #517
 913 0012 1048     		ldr	r0, .L75
 914 0014 FFF7FEFF 		bl	ADC_GetITStatus
 915              	.LVL64:
 916              		.loc 1 297 6 discriminator 1 view .LVU166
 917 0018 B0B9     		cbnz	r0, .L73
 918              	.L67:
 298:USER/Src/stm32f4xx_it.c ****     ADC_ClearITPendingBit(ADC1, ADC_IT_EOC);
 299:USER/Src/stm32f4xx_it.c ****     // Led_flag = ~Led_flag;
 300:USER/Src/stm32f4xx_it.c ****     // GPIO_WriteBit(GPIOB, GPIO_Pin_8, Led_flag);
 301:USER/Src/stm32f4xx_it.c ****   }
 302:USER/Src/stm32f4xx_it.c **** }
 919              		.loc 1 302 1 view .LVU167
 920 001a 08BD     		pop	{r3, pc}
 921              	.L72:
 285:USER/Src/stm32f4xx_it.c ****     ADC_ClearITPendingBit(ADC1, ADC_IT_AWD);
 922              		.loc 1 285 5 is_stmt 1 view .LVU168
 923 001c 4FF48371 		mov	r1, #262
 924 0020 0C48     		ldr	r0, .L75
 925 0022 FFF7FEFF 		bl	ADC_ClearITPendingBit
 926              	.LVL65:
 286:USER/Src/stm32f4xx_it.c ****     if (AWD_Flag == 3)
 927              		.loc 1 286 5 view .LVU169
 286:USER/Src/stm32f4xx_it.c ****     if (AWD_Flag == 3)
 928              		.loc 1 286 13 is_stmt 0 view .LVU170
 929 0026 0C4A     		ldr	r2, .L75+4
 930 0028 1378     		ldrb	r3, [r2]	@ zero_extendqisi2
 931 002a 0133     		adds	r3, r3, #1
 932 002c DBB2     		uxtb	r3, r3
 933 002e 1370     		strb	r3, [r2]
 287:USER/Src/stm32f4xx_it.c ****       ADC_AnalogWatchdogCmd(ADC1, ADC_AnalogWatchdog_None);
 934              		.loc 1 287 5 is_stmt 1 view .LVU171
 287:USER/Src/stm32f4xx_it.c ****       ADC_AnalogWatchdogCmd(ADC1, ADC_AnalogWatchdog_None);
 935              		.loc 1 287 8 is_stmt 0 view .LVU172
 936 0030 032B     		cmp	r3, #3
 937 0032 04D0     		beq	.L74
 938              	.L69:
 293:USER/Src/stm32f4xx_it.c ****     // 启动DMA传输，记录接下来的1024个采样点
 939              		.loc 1 293 5 is_stmt 1 view .LVU173
 940 0034 0021     		movs	r1, #0
 941 0036 0748     		ldr	r0, .L75
ARM GAS  /tmp/ccbwbEv1.s 			page 25


 942 0038 FFF7FEFF 		bl	ADC_AnalogWatchdogCmd
 943              	.LVL66:
 944 003c E7E7     		b	.L68
 945              	.L74:
 288:USER/Src/stm32f4xx_it.c **** 
 946              		.loc 1 288 7 view .LVU174
 947 003e 0021     		movs	r1, #0
 948 0040 0448     		ldr	r0, .L75
 949 0042 FFF7FEFF 		bl	ADC_AnalogWatchdogCmd
 950              	.LVL67:
 951 0046 F5E7     		b	.L69
 952              	.L73:
 298:USER/Src/stm32f4xx_it.c ****     // Led_flag = ~Led_flag;
 953              		.loc 1 298 5 view .LVU175
 954 0048 40F20521 		movw	r1, #517
 955 004c 0148     		ldr	r0, .L75
 956 004e FFF7FEFF 		bl	ADC_ClearITPendingBit
 957              	.LVL68:
 958              		.loc 1 302 1 is_stmt 0 view .LVU176
 959 0052 E2E7     		b	.L67
 960              	.L76:
 961              		.align	2
 962              	.L75:
 963 0054 00200140 		.word	1073815552
 964 0058 00000000 		.word	AWD_Flag
 965              		.cfi_endproc
 966              	.LFE139:
 968              		.section	.text.SDIO_IRQHandler,"ax",%progbits
 969              		.align	1
 970              		.global	SDIO_IRQHandler
 971              		.syntax unified
 972              		.thumb
 973              		.thumb_func
 975              	SDIO_IRQHandler:
 976              	.LFB140:
 303:USER/Src/stm32f4xx_it.c **** /**
 304:USER/Src/stm32f4xx_it.c ****  * @brief  This function handles PPP interrupt request.
 305:USER/Src/stm32f4xx_it.c ****  * @param  None
 306:USER/Src/stm32f4xx_it.c ****  * @retval None
 307:USER/Src/stm32f4xx_it.c ****  */
 308:USER/Src/stm32f4xx_it.c **** /*void PPP_IRQHandler(void)
 309:USER/Src/stm32f4xx_it.c **** {
 310:USER/Src/stm32f4xx_it.c **** }*/
 311:USER/Src/stm32f4xx_it.c **** 
 312:USER/Src/stm32f4xx_it.c **** /**
 313:USER/Src/stm32f4xx_it.c ****  * @}
 314:USER/Src/stm32f4xx_it.c ****  */
 315:USER/Src/stm32f4xx_it.c **** //
 316:USER/Src/stm32f4xx_it.c **** /**
 317:USER/Src/stm32f4xx_it.c ****  * @brief  This function handles SDIO global interrupt request.
 318:USER/Src/stm32f4xx_it.c ****  * @param  None
 319:USER/Src/stm32f4xx_it.c ****  * @retval None
 320:USER/Src/stm32f4xx_it.c ****  */
 321:USER/Src/stm32f4xx_it.c **** void SDIO_IRQHandler(void) {
 977              		.loc 1 321 28 is_stmt 1 view -0
 978              		.cfi_startproc
 979              		@ args = 0, pretend = 0, frame = 0
ARM GAS  /tmp/ccbwbEv1.s 			page 26


 980              		@ frame_needed = 0, uses_anonymous_args = 0
 981 0000 08B5     		push	{r3, lr}
 982              	.LCFI6:
 983              		.cfi_def_cfa_offset 8
 984              		.cfi_offset 3, -8
 985              		.cfi_offset 14, -4
 322:USER/Src/stm32f4xx_it.c ****   /* Process All SDIO Interrupt Sources */
 323:USER/Src/stm32f4xx_it.c ****   SD_ProcessIRQSrc();
 986              		.loc 1 323 3 view .LVU178
 987 0002 FFF7FEFF 		bl	SD_ProcessIRQSrc
 988              	.LVL69:
 324:USER/Src/stm32f4xx_it.c **** }
 989              		.loc 1 324 1 is_stmt 0 view .LVU179
 990 0006 08BD     		pop	{r3, pc}
 991              		.cfi_endproc
 992              	.LFE140:
 994              		.section	.text.DMA2_Stream3_IRQHandler,"ax",%progbits
 995              		.align	1
 996              		.global	DMA2_Stream3_IRQHandler
 997              		.syntax unified
 998              		.thumb
 999              		.thumb_func
 1001              	DMA2_Stream3_IRQHandler:
 1002              	.LFB141:
 325:USER/Src/stm32f4xx_it.c **** 
 326:USER/Src/stm32f4xx_it.c **** /**
 327:USER/Src/stm32f4xx_it.c ****  * @brief  This function handles DMA2 Stream3 or DMA2 Stream6 global interrupts
 328:USER/Src/stm32f4xx_it.c ****  *         requests.
 329:USER/Src/stm32f4xx_it.c ****  * @param  None
 330:USER/Src/stm32f4xx_it.c ****  * @retval None
 331:USER/Src/stm32f4xx_it.c ****  */
 332:USER/Src/stm32f4xx_it.c **** void SD_SDIO_DMA_IRQHANDLER(void) {
 1003              		.loc 1 332 35 is_stmt 1 view -0
 1004              		.cfi_startproc
 1005              		@ args = 0, pretend = 0, frame = 0
 1006              		@ frame_needed = 0, uses_anonymous_args = 0
 1007 0000 08B5     		push	{r3, lr}
 1008              	.LCFI7:
 1009              		.cfi_def_cfa_offset 8
 1010              		.cfi_offset 3, -8
 1011              		.cfi_offset 14, -4
 333:USER/Src/stm32f4xx_it.c ****   /* Process DMA2 Stream3 or DMA2 Stream6 Interrupt Sources */
 334:USER/Src/stm32f4xx_it.c ****   SD_ProcessDMAIRQ();
 1012              		.loc 1 334 3 view .LVU181
 1013 0002 FFF7FEFF 		bl	SD_ProcessDMAIRQ
 1014              	.LVL70:
 335:USER/Src/stm32f4xx_it.c **** }
 1015              		.loc 1 335 1 is_stmt 0 view .LVU182
 1016 0006 08BD     		pop	{r3, pc}
 1017              		.cfi_endproc
 1018              	.LFE141:
 1020              		.global	AWD_Flag
 1021              		.section	.bss.AWD_Flag,"aw",%nobits
 1024              	AWD_Flag:
 1025 0000 00       		.space	1
 1026              		.global	DMA2_Flag
 1027              		.section	.bss.DMA2_Flag,"aw",%nobits
ARM GAS  /tmp/ccbwbEv1.s 			page 27


 1030              	DMA2_Flag:
 1031 0000 00       		.space	1
 1032              		.global	Led_flag
 1033              		.section	.bss.Led_flag,"aw",%nobits
 1036              	Led_flag:
 1037 0000 00       		.space	1
 1038              		.text
 1039              	.Letext0:
 1040              		.file 2 "/usr/lib/gcc/arm-none-eabi/13.2.1/include/stdint.h"
 1041              		.file 3 "CMSIS/core_cm4.h"
 1042              		.file 4 "CMSIS/stm32f4xx.h"
 1043              		.file 5 "MyHardWare/Inc/sdio_sd.h"
 1044              		.file 6 "Lib/StdPeriphs/inc/stm32f4xx_adc.h"
 1045              		.file 7 "Lib/StdPeriphs/inc/stm32f4xx_dma.h"
 1046              		.file 8 "Lib/StdPeriphs/inc/stm32f4xx_gpio.h"
 1047              		.file 9 "Lib/StdPeriphs/inc/stm32f4xx_tim.h"
 1048              		.file 10 "MyHardWare/Inc/task.h"
 1049              		.file 11 "/usr/include/newlib/stdio.h"
 1050              		.file 12 "<built-in>"
ARM GAS  /tmp/ccbwbEv1.s 			page 28


DEFINED SYMBOLS
                            *ABS*:00000000 stm32f4xx_it.c
     /tmp/ccbwbEv1.s:21     .text.NMI_Handler:00000000 $t
     /tmp/ccbwbEv1.s:27     .text.NMI_Handler:00000000 NMI_Handler
     /tmp/ccbwbEv1.s:40     .rodata.HardFault_Handler.str1.4:00000000 $d
     /tmp/ccbwbEv1.s:134    .text.HardFault_Handler:00000000 $t
     /tmp/ccbwbEv1.s:140    .text.HardFault_Handler:00000000 HardFault_Handler
     /tmp/ccbwbEv1.s:524    .text.HardFault_Handler:000001b4 $d
     /tmp/ccbwbEv1.s:560    .text.MemManage_Handler:00000000 $t
     /tmp/ccbwbEv1.s:566    .text.MemManage_Handler:00000000 MemManage_Handler
     /tmp/ccbwbEv1.s:583    .text.BusFault_Handler:00000000 $t
     /tmp/ccbwbEv1.s:589    .text.BusFault_Handler:00000000 BusFault_Handler
     /tmp/ccbwbEv1.s:606    .text.UsageFault_Handler:00000000 $t
     /tmp/ccbwbEv1.s:612    .text.UsageFault_Handler:00000000 UsageFault_Handler
     /tmp/ccbwbEv1.s:629    .text.SVC_Handler:00000000 $t
     /tmp/ccbwbEv1.s:635    .text.SVC_Handler:00000000 SVC_Handler
     /tmp/ccbwbEv1.s:648    .text.DebugMon_Handler:00000000 $t
     /tmp/ccbwbEv1.s:654    .text.DebugMon_Handler:00000000 DebugMon_Handler
     /tmp/ccbwbEv1.s:667    .text.PendSV_Handler:00000000 $t
     /tmp/ccbwbEv1.s:673    .text.PendSV_Handler:00000000 PendSV_Handler
     /tmp/ccbwbEv1.s:686    .text.SysTick_Handler:00000000 $t
     /tmp/ccbwbEv1.s:692    .text.SysTick_Handler:00000000 SysTick_Handler
     /tmp/ccbwbEv1.s:712    .text.EXTI2_IRQHandler:00000000 $t
     /tmp/ccbwbEv1.s:718    .text.EXTI2_IRQHandler:00000000 EXTI2_IRQHandler
     /tmp/ccbwbEv1.s:731    .text.TIM3_IRQHandler:00000000 $t
     /tmp/ccbwbEv1.s:737    .text.TIM3_IRQHandler:00000000 TIM3_IRQHandler
     /tmp/ccbwbEv1.s:775    .text.TIM3_IRQHandler:00000024 $d
     /tmp/ccbwbEv1.s:781    .text.TIM4_IRQHandler:00000000 $t
     /tmp/ccbwbEv1.s:787    .text.TIM4_IRQHandler:00000000 TIM4_IRQHandler
     /tmp/ccbwbEv1.s:800    .rodata.DMA2_Stream0_IRQHandler.str1.4:00000000 $d
     /tmp/ccbwbEv1.s:804    .text.DMA2_Stream0_IRQHandler:00000000 $t
     /tmp/ccbwbEv1.s:810    .text.DMA2_Stream0_IRQHandler:00000000 DMA2_Stream0_IRQHandler
     /tmp/ccbwbEv1.s:873    .text.DMA2_Stream0_IRQHandler:00000040 $d
     /tmp/ccbwbEv1.s:1030   .bss.DMA2_Flag:00000000 DMA2_Flag
     /tmp/ccbwbEv1.s:884    .text.ADC_IRQHandler:00000000 $t
     /tmp/ccbwbEv1.s:890    .text.ADC_IRQHandler:00000000 ADC_IRQHandler
     /tmp/ccbwbEv1.s:963    .text.ADC_IRQHandler:00000054 $d
     /tmp/ccbwbEv1.s:1024   .bss.AWD_Flag:00000000 AWD_Flag
     /tmp/ccbwbEv1.s:969    .text.SDIO_IRQHandler:00000000 $t
     /tmp/ccbwbEv1.s:975    .text.SDIO_IRQHandler:00000000 SDIO_IRQHandler
     /tmp/ccbwbEv1.s:995    .text.DMA2_Stream3_IRQHandler:00000000 $t
     /tmp/ccbwbEv1.s:1001   .text.DMA2_Stream3_IRQHandler:00000000 DMA2_Stream3_IRQHandler
     /tmp/ccbwbEv1.s:1025   .bss.AWD_Flag:00000000 $d
     /tmp/ccbwbEv1.s:1031   .bss.DMA2_Flag:00000000 $d
     /tmp/ccbwbEv1.s:1036   .bss.Led_flag:00000000 Led_flag
     /tmp/ccbwbEv1.s:1037   .bss.Led_flag:00000000 $d

UNDEFINED SYMBOLS
puts
printf
Task_Handler
TIM_GetITStatus
TIM_ClearITPendingBit
GPIO_ToggleBits
DMA_GetITStatus
DMA_ClearITPendingBit
ADC_AnalogWatchdogCmd
ARM GAS  /tmp/ccbwbEv1.s 			page 29


ADC_GetITStatus
ADC_ClearITPendingBit
SD_ProcessIRQSrc
SD_ProcessDMAIRQ
