ARM GAS  C:\Users\asus\AppData\Local\Temp\ccX418yf.s 			page 1


   1              		.cpu cortex-m4
   2              		.arch armv7e-m
   3              		.fpu fpv4-sp-d16
   4              		.eabi_attribute 27, 1
   5              		.eabi_attribute 28, 1
   6              		.eabi_attribute 20, 1
   7              		.eabi_attribute 21, 1
   8              		.eabi_attribute 23, 3
   9              		.eabi_attribute 24, 1
  10              		.eabi_attribute 25, 1
  11              		.eabi_attribute 26, 1
  12              		.eabi_attribute 30, 1
  13              		.eabi_attribute 34, 1
  14              		.eabi_attribute 18, 4
  15              		.file	"usart.c"
  16              		.text
  17              	.Ltext0:
  18              		.cfi_sections	.debug_frame
  19              		.file 1 "MyHardWare/Src/usart.c"
  20              		.section	.text.USART1_DMA_Init,"ax",%progbits
  21              		.align	1
  22              		.syntax unified
  23              		.thumb
  24              		.thumb_func
  26              	USART1_DMA_Init:
  27              	.LFB126:
   1:MyHardWare/Src/usart.c **** /***
   2:MyHardWare/Src/usart.c ****         *******************************************************************************************
   3:MyHardWare/Src/usart.c ****         *	@version V1.0
   4:MyHardWare/Src/usart.c ****         *  @date    2026-3-8
   5:MyHardWare/Src/usart.c ****         *	@author  еҸҚе®ўз§‘жҠҖ
   6:MyHardWare/Src/usart.c ****         *	@brief   usart жҺҘеҸЈзӣёе…іеҮҪж•°
   7:MyHardWare/Src/usart.c ****    ************************************************************************************************
   8:MyHardWare/Src/usart.c **** >>>>> ж–Үд»¶иҜҙжҳҺпјҡ
   9:MyHardWare/Src/usart.c ****         *
  10:MyHardWare/Src/usart.c ****         *  1.еҲқе§ӢеҢ– USART1 зҡ„еј•и„ҡ PA9/PA10пјҢ
  11:MyHardWare/Src/usart.c ****         *  2.й…ҚзҪ® USART1 е·ҘдҪңеңЁж”¶еҸ‘жЁЎејҸгҖҒж•°дҪҚ 8 дҪҚгҖҒеҒңжӯўдҪҚ
  12:MyHardWare/Src/usart.c ****             1дҪҚгҖҒж— ж ЎйӘҢгҖҒдёҚдҪҝз”ЁзЎ¬д»¶жҺ§еҲ¶жөҒжҺ§еҲ¶пјҢ
  13:MyHardWare/Src/usart.c ****         *
  14:MyHardWare/Src/usart.c **** дёІеҸЈзҡ„жіўзү№зҺҮи®ҫзҪ®дёә 115200пјҢиӢҘйңҖиҰҒжӣҙж”№жіўзү№зҺҮзӣҙжҺҘдҝ®ж”№ usart.h йҮҢзҡ„е®Ҹе®ҡд№ү
  15:MyHardWare/Src/usart.c **** USART1_BaudRateгҖӮ
  16:MyHardWare/Src/usart.c ****         *  3.йҮҚе®ҡд№ү fputc еҮҪж•°пјҢз”Ёд»Ҙж”ҜжҢҒдҪҝз”Ё printf еҮҪж•°жү“еҚ°ж•°жҚ®
  17:MyHardWare/Src/usart.c ****         *  4.дҪҝз”Ё TIM7 еҹәжң¬е®ҡж—¶еҷЁжҜҸ 100us жЈҖжҹҘзҺҜеҪўзј“еҶІйҳҹеҲ—пјҢе®һзҺ°жҷәиғҪ DMA
  18:MyHardWare/Src/usart.c **** дј иҫ“жҺ§еҲ¶
  19:MyHardWare/Src/usart.c ****         *
  20:MyHardWare/Src/usart.c ****         *******************************************************************************************
  21:MyHardWare/Src/usart.c **** ***/
  22:MyHardWare/Src/usart.c **** 
  23:MyHardWare/Src/usart.c **** #include "usart.h"
  24:MyHardWare/Src/usart.c **** #include "delay.h"
  25:MyHardWare/Src/usart.c **** #include "led.h"
  26:MyHardWare/Src/usart.c **** #include "oled.h"
  27:MyHardWare/Src/usart.c **** #include "stm32f4xx.h"
  28:MyHardWare/Src/usart.c **** #include "stm32f4xx_dma.h"
  29:MyHardWare/Src/usart.c **** #include <stdint.h>
  30:MyHardWare/Src/usart.c **** #include <stdio.h>
  31:MyHardWare/Src/usart.c **** 
ARM GAS  C:\Users\asus\AppData\Local\Temp\ccX418yf.s 			page 2


  32:MyHardWare/Src/usart.c **** // DMA еҸ‘йҖҒзј“еҶІеҢәпјҢеӨ§е°Ҹдёә 256 еӯ—иҠӮ
  33:MyHardWare/Src/usart.c **** static uint8_t dma_tx_buffer[USART_DMA_TX_BUFFER_SIZE];
  34:MyHardWare/Src/usart.c **** // DMA жҺҘж”¶зј“еҶІеҢәпјҢеӨ§е°Ҹдёә 256 еӯ—иҠӮ
  35:MyHardWare/Src/usart.c **** static uint8_t dma_rx_buffer[USART_DMA_RX_BUFFER_SIZE];
  36:MyHardWare/Src/usart.c **** // еҸ‘йҖҒзҺҜеҪўзј“еҶІеҢәпјҢз”ЁдәҺеӯҳеӮЁеҫ…еҸ‘йҖҒзҡ„ж•°жҚ®
  37:MyHardWare/Src/usart.c **** RingBuffer tx_queue;
  38:MyHardWare/Src/usart.c **** // жҺҘж”¶зҺҜеҪўзј“еҶІеҢәпјҢз”ЁдәҺеӯҳеӮЁжҺҘж”¶еҲ°зҡ„ж•°жҚ®
  39:MyHardWare/Src/usart.c **** RingBuffer rx_queue;
  40:MyHardWare/Src/usart.c **** 
  41:MyHardWare/Src/usart.c **** // DMA еҸ‘йҖҒе®ҢжҲҗж Үеҝ—дҪҚ
  42:MyHardWare/Src/usart.c **** volatile uint8_t dma_tx_transfer_complete = 0;
  43:MyHardWare/Src/usart.c **** // DMA жҺҘж”¶е®ҢжҲҗж Үеҝ—дҪҚ
  44:MyHardWare/Src/usart.c **** volatile uint8_t dma_rx_transfer_complete = 0;
  45:MyHardWare/Src/usart.c **** // и®°еҪ•дёҠж¬Ў DMA дј иҫ“зҡ„ж•°жҚ®йҮҸ
  46:MyHardWare/Src/usart.c **** static uint16_t last_dma_tx_count = 0;
  47:MyHardWare/Src/usart.c **** // еҮҪж•°еЈ°жҳҺ
  48:MyHardWare/Src/usart.c **** static void USART1_DMA_Init(void);
  49:MyHardWare/Src/usart.c **** static void TIM7_Config(void);
  50:MyHardWare/Src/usart.c **** static void TIM7_EnableIRQ(void);
  51:MyHardWare/Src/usart.c **** static void TIM7_DisableIRQ(void);
  52:MyHardWare/Src/usart.c **** 
  53:MyHardWare/Src/usart.c **** static void USART_StartDMA_TX(void);
  54:MyHardWare/Src/usart.c **** /**
  55:MyHardWare/Src/usart.c ****  * @brief  USART1 DMA еҲқе§ӢеҢ–й…ҚзҪ®
  56:MyHardWare/Src/usart.c ****  *         й…ҚзҪ® DMA2 Stream7 з”ЁдәҺ USART1 TXпјҢDMA2 Stream2 з”ЁдәҺ USART1 RX
  57:MyHardWare/Src/usart.c ****  *         дҪҝз”Ё DMA Channel4пјҢеӯ—иҠӮдј иҫ“жЁЎејҸпјҢдҪҝиғҪдёӯж–ӯ
  58:MyHardWare/Src/usart.c ****  */
  59:MyHardWare/Src/usart.c **** static void USART1_DMA_Init(void) {
  28              		.loc 1 59 35 view -0
  29              		.cfi_startproc
  30              		@ args = 0, pretend = 0, frame = 64
  31              		@ frame_needed = 0, uses_anonymous_args = 0
  32 0000 F0B5     		push	{r4, r5, r6, r7, lr}
  33              	.LCFI0:
  34              		.cfi_def_cfa_offset 20
  35              		.cfi_offset 4, -20
  36              		.cfi_offset 5, -16
  37              		.cfi_offset 6, -12
  38              		.cfi_offset 7, -8
  39              		.cfi_offset 14, -4
  40 0002 91B0     		sub	sp, sp, #68
  41              	.LCFI1:
  42              		.cfi_def_cfa_offset 88
  60:MyHardWare/Src/usart.c ****   DMA_InitTypeDef DMA_InitStructure;
  43              		.loc 1 60 3 view .LVU1
  61:MyHardWare/Src/usart.c ****   NVIC_InitTypeDef NVIC_InitStructure;
  44              		.loc 1 61 3 view .LVU2
  62:MyHardWare/Src/usart.c **** 
  63:MyHardWare/Src/usart.c ****   // дҪҝиғҪ DMA2 ж—¶й’ҹ
  64:MyHardWare/Src/usart.c ****   RCC_AHB1PeriphClockCmd(RCC_AHB1Periph_DMA2, ENABLE);
  45              		.loc 1 64 3 view .LVU3
  46 0004 0121     		movs	r1, #1
  47 0006 4FF48000 		mov	r0, #4194304
  48 000a FFF7FEFF 		bl	RCC_AHB1PeriphClockCmd
  49              	.LVL0:
  65:MyHardWare/Src/usart.c **** 
  66:MyHardWare/Src/usart.c ****   // й…ҚзҪ® DMA2 Stream2 (RX) зҡ„дёӯж–ӯдјҳе…Ҳзә§
ARM GAS  C:\Users\asus\AppData\Local\Temp\ccX418yf.s 			page 3


  67:MyHardWare/Src/usart.c ****   NVIC_InitStructure.NVIC_IRQChannel = DMA2_Stream2_IRQn;
  50              		.loc 1 67 3 view .LVU4
  51              		.loc 1 67 38 is_stmt 0 view .LVU5
  52 000e 3A23     		movs	r3, #58
  53 0010 8DF80030 		strb	r3, [sp]
  68:MyHardWare/Src/usart.c ****   NVIC_InitStructure.NVIC_IRQChannelPreemptionPriority = 0;
  54              		.loc 1 68 3 is_stmt 1 view .LVU6
  55              		.loc 1 68 56 is_stmt 0 view .LVU7
  56 0014 0025     		movs	r5, #0
  57 0016 8DF80150 		strb	r5, [sp, #1]
  69:MyHardWare/Src/usart.c ****   NVIC_InitStructure.NVIC_IRQChannelSubPriority = 1;
  58              		.loc 1 69 3 is_stmt 1 view .LVU8
  59              		.loc 1 69 49 is_stmt 0 view .LVU9
  60 001a 0124     		movs	r4, #1
  61 001c 8DF80240 		strb	r4, [sp, #2]
  70:MyHardWare/Src/usart.c ****   NVIC_InitStructure.NVIC_IRQChannelCmd = ENABLE;
  62              		.loc 1 70 3 is_stmt 1 view .LVU10
  63              		.loc 1 70 41 is_stmt 0 view .LVU11
  64 0020 8DF80340 		strb	r4, [sp, #3]
  71:MyHardWare/Src/usart.c ****   NVIC_Init(&NVIC_InitStructure);
  65              		.loc 1 71 3 is_stmt 1 view .LVU12
  66 0024 6846     		mov	r0, sp
  67 0026 FFF7FEFF 		bl	NVIC_Init
  68              	.LVL1:
  72:MyHardWare/Src/usart.c ****   // й…ҚзҪ® DMA2 Stream7 (TX) зҡ„дёӯж–ӯдјҳе…Ҳзә§
  73:MyHardWare/Src/usart.c ****   NVIC_InitStructure.NVIC_IRQChannel = DMA2_Stream7_IRQn;
  69              		.loc 1 73 3 view .LVU13
  70              		.loc 1 73 38 is_stmt 0 view .LVU14
  71 002a 4623     		movs	r3, #70
  72 002c 8DF80030 		strb	r3, [sp]
  74:MyHardWare/Src/usart.c ****   NVIC_InitStructure.NVIC_IRQChannelPreemptionPriority = 0;
  73              		.loc 1 74 3 is_stmt 1 view .LVU15
  74              		.loc 1 74 56 is_stmt 0 view .LVU16
  75 0030 8DF80150 		strb	r5, [sp, #1]
  75:MyHardWare/Src/usart.c ****   NVIC_InitStructure.NVIC_IRQChannelSubPriority = 1;
  76              		.loc 1 75 3 is_stmt 1 view .LVU17
  77              		.loc 1 75 49 is_stmt 0 view .LVU18
  78 0034 8DF80240 		strb	r4, [sp, #2]
  76:MyHardWare/Src/usart.c ****   NVIC_InitStructure.NVIC_IRQChannelCmd = ENABLE;
  79              		.loc 1 76 3 is_stmt 1 view .LVU19
  80              		.loc 1 76 41 is_stmt 0 view .LVU20
  81 0038 8DF80340 		strb	r4, [sp, #3]
  77:MyHardWare/Src/usart.c ****   NVIC_Init(&NVIC_InitStructure);
  82              		.loc 1 77 3 is_stmt 1 view .LVU21
  83 003c 6846     		mov	r0, sp
  84 003e FFF7FEFF 		bl	NVIC_Init
  85              	.LVL2:
  78:MyHardWare/Src/usart.c ****   // DMA TX й…ҚзҪ® (DMA2 Stream7, Channel4) - еҶ…еӯҳеҲ°еӨ–и®ҫ
  79:MyHardWare/Src/usart.c ****   DMA_DeInit(DMA2_Stream7);
  86              		.loc 1 79 3 view .LVU22
  87 0042 2F48     		ldr	r0, .L5
  88 0044 FFF7FEFF 		bl	DMA_DeInit
  89              	.LVL3:
  80:MyHardWare/Src/usart.c ****   while (DMA_GetCmdStatus(DMA2_Stream7) != DISABLE)
  90              		.loc 1 80 3 view .LVU23
  91              	.L2:
  92              		.loc 1 80 41 discriminator 1 view .LVU24
ARM GAS  C:\Users\asus\AppData\Local\Temp\ccX418yf.s 			page 4


  93              		.loc 1 80 10 is_stmt 0 discriminator 1 view .LVU25
  94 0048 2D48     		ldr	r0, .L5
  95 004a FFF7FEFF 		bl	DMA_GetCmdStatus
  96              	.LVL4:
  97              		.loc 1 80 41 discriminator 1 view .LVU26
  98 004e 0028     		cmp	r0, #0
  99 0050 FAD1     		bne	.L2
  81:MyHardWare/Src/usart.c ****     ;
  82:MyHardWare/Src/usart.c ****   DMA_InitStructure.DMA_Channel = DMA_Channel_4;
 100              		.loc 1 82 3 is_stmt 1 view .LVU27
 101              		.loc 1 82 33 is_stmt 0 view .LVU28
 102 0052 4FF00063 		mov	r3, #134217728
 103 0056 0193     		str	r3, [sp, #4]
  83:MyHardWare/Src/usart.c ****   DMA_InitStructure.DMA_PeripheralBaseAddr = (uint32_t) & (USART1->DR);
 104              		.loc 1 83 3 is_stmt 1 view .LVU29
 105              		.loc 1 83 44 is_stmt 0 view .LVU30
 106 0058 2A4B     		ldr	r3, .L5+4
 107 005a 0293     		str	r3, [sp, #8]
  84:MyHardWare/Src/usart.c ****   DMA_InitStructure.DMA_Memory0BaseAddr = 0;
 108              		.loc 1 84 3 is_stmt 1 view .LVU31
 109              		.loc 1 84 41 is_stmt 0 view .LVU32
 110 005c 0023     		movs	r3, #0
 111 005e 0393     		str	r3, [sp, #12]
  85:MyHardWare/Src/usart.c ****   DMA_InitStructure.DMA_DIR = DMA_DIR_MemoryToPeripheral;
 112              		.loc 1 85 3 is_stmt 1 view .LVU33
 113              		.loc 1 85 29 is_stmt 0 view .LVU34
 114 0060 4022     		movs	r2, #64
 115 0062 0492     		str	r2, [sp, #16]
  86:MyHardWare/Src/usart.c ****   DMA_InitStructure.DMA_BufferSize = 0;
 116              		.loc 1 86 3 is_stmt 1 view .LVU35
 117              		.loc 1 86 36 is_stmt 0 view .LVU36
 118 0064 0593     		str	r3, [sp, #20]
  87:MyHardWare/Src/usart.c ****   DMA_InitStructure.DMA_PeripheralInc = DMA_PeripheralInc_Disable;
 119              		.loc 1 87 3 is_stmt 1 view .LVU37
 120              		.loc 1 87 39 is_stmt 0 view .LVU38
 121 0066 0693     		str	r3, [sp, #24]
  88:MyHardWare/Src/usart.c ****   DMA_InitStructure.DMA_MemoryInc = DMA_MemoryInc_Enable;
 122              		.loc 1 88 3 is_stmt 1 view .LVU39
 123              		.loc 1 88 35 is_stmt 0 view .LVU40
 124 0068 4FF48062 		mov	r2, #1024
 125 006c 0792     		str	r2, [sp, #28]
  89:MyHardWare/Src/usart.c ****   DMA_InitStructure.DMA_PeripheralDataSize = DMA_PeripheralDataSize_Byte;
 126              		.loc 1 89 3 is_stmt 1 view .LVU41
 127              		.loc 1 89 44 is_stmt 0 view .LVU42
 128 006e 0893     		str	r3, [sp, #32]
  90:MyHardWare/Src/usart.c ****   DMA_InitStructure.DMA_MemoryDataSize = DMA_MemoryDataSize_Byte;
 129              		.loc 1 90 3 is_stmt 1 view .LVU43
 130              		.loc 1 90 40 is_stmt 0 view .LVU44
 131 0070 0993     		str	r3, [sp, #36]
  91:MyHardWare/Src/usart.c ****   DMA_InitStructure.DMA_Mode = DMA_Mode_Normal;
 132              		.loc 1 91 3 is_stmt 1 view .LVU45
 133              		.loc 1 91 30 is_stmt 0 view .LVU46
 134 0072 0A93     		str	r3, [sp, #40]
  92:MyHardWare/Src/usart.c ****   DMA_InitStructure.DMA_Priority = DMA_Priority_High;
 135              		.loc 1 92 3 is_stmt 1 view .LVU47
 136              		.loc 1 92 34 is_stmt 0 view .LVU48
 137 0074 4FF40032 		mov	r2, #131072
ARM GAS  C:\Users\asus\AppData\Local\Temp\ccX418yf.s 			page 5


 138 0078 0B92     		str	r2, [sp, #44]
  93:MyHardWare/Src/usart.c ****   DMA_InitStructure.DMA_FIFOMode = DMA_FIFOMode_Disable;
 139              		.loc 1 93 3 is_stmt 1 view .LVU49
 140              		.loc 1 93 34 is_stmt 0 view .LVU50
 141 007a 0C93     		str	r3, [sp, #48]
  94:MyHardWare/Src/usart.c ****   DMA_InitStructure.DMA_FIFOThreshold = DMA_FIFOThreshold_HalfFull;
 142              		.loc 1 94 3 is_stmt 1 view .LVU51
 143              		.loc 1 94 39 is_stmt 0 view .LVU52
 144 007c 0122     		movs	r2, #1
 145 007e 0D92     		str	r2, [sp, #52]
  95:MyHardWare/Src/usart.c ****   DMA_InitStructure.DMA_MemoryBurst = DMA_MemoryBurst_Single;
 146              		.loc 1 95 3 is_stmt 1 view .LVU53
 147              		.loc 1 95 37 is_stmt 0 view .LVU54
 148 0080 0E93     		str	r3, [sp, #56]
  96:MyHardWare/Src/usart.c ****   DMA_InitStructure.DMA_PeripheralBurst = DMA_PeripheralBurst_Single;
 149              		.loc 1 96 3 is_stmt 1 view .LVU55
 150              		.loc 1 96 41 is_stmt 0 view .LVU56
 151 0082 0F93     		str	r3, [sp, #60]
  97:MyHardWare/Src/usart.c ****   DMA_Init(DMA2_Stream7, &DMA_InitStructure);
 152              		.loc 1 97 3 is_stmt 1 view .LVU57
 153 0084 01A9     		add	r1, sp, #4
 154 0086 1E48     		ldr	r0, .L5
 155 0088 FFF7FEFF 		bl	DMA_Init
 156              	.LVL5:
  98:MyHardWare/Src/usart.c **** 
  99:MyHardWare/Src/usart.c ****   // DMA RX й…ҚзҪ® (DMA2 Stream2, Channel4) - еӨ–и®ҫдёәеҶ…еӯҳ
 100:MyHardWare/Src/usart.c ****   DMA_DeInit(DMA2_Stream2);
 157              		.loc 1 100 3 view .LVU58
 158 008c 1E48     		ldr	r0, .L5+8
 159 008e FFF7FEFF 		bl	DMA_DeInit
 160              	.LVL6:
 101:MyHardWare/Src/usart.c ****   while (DMA_GetCmdStatus(DMA2_Stream7) != DISABLE)
 161              		.loc 1 101 3 view .LVU59
 162              	.L3:
 163              		.loc 1 101 41 discriminator 1 view .LVU60
 164              		.loc 1 101 10 is_stmt 0 discriminator 1 view .LVU61
 165 0092 1B48     		ldr	r0, .L5
 166 0094 FFF7FEFF 		bl	DMA_GetCmdStatus
 167              	.LVL7:
 168              		.loc 1 101 41 discriminator 1 view .LVU62
 169 0098 0028     		cmp	r0, #0
 170 009a FAD1     		bne	.L3
 102:MyHardWare/Src/usart.c ****     ;
 103:MyHardWare/Src/usart.c ****   DMA_InitStructure.DMA_Channel = DMA_Channel_4;
 171              		.loc 1 103 3 is_stmt 1 view .LVU63
 172              		.loc 1 103 33 is_stmt 0 view .LVU64
 173 009c 4FF00063 		mov	r3, #134217728
 174 00a0 0193     		str	r3, [sp, #4]
 104:MyHardWare/Src/usart.c ****   DMA_InitStructure.DMA_PeripheralBaseAddr = (uint32_t) & (USART1->DR);
 175              		.loc 1 104 3 is_stmt 1 view .LVU65
 176              		.loc 1 104 44 is_stmt 0 view .LVU66
 177 00a2 184B     		ldr	r3, .L5+4
 178 00a4 0293     		str	r3, [sp, #8]
 105:MyHardWare/Src/usart.c ****   DMA_InitStructure.DMA_Memory0BaseAddr = 0;
 179              		.loc 1 105 3 is_stmt 1 view .LVU67
 180              		.loc 1 105 41 is_stmt 0 view .LVU68
 181 00a6 0024     		movs	r4, #0
ARM GAS  C:\Users\asus\AppData\Local\Temp\ccX418yf.s 			page 6


 182 00a8 0394     		str	r4, [sp, #12]
 106:MyHardWare/Src/usart.c ****   DMA_InitStructure.DMA_DIR = DMA_DIR_PeripheralToMemory;
 183              		.loc 1 106 3 is_stmt 1 view .LVU69
 184              		.loc 1 106 29 is_stmt 0 view .LVU70
 185 00aa 0494     		str	r4, [sp, #16]
 107:MyHardWare/Src/usart.c ****   DMA_InitStructure.DMA_BufferSize = 0;
 186              		.loc 1 107 3 is_stmt 1 view .LVU71
 187              		.loc 1 107 36 is_stmt 0 view .LVU72
 188 00ac 0594     		str	r4, [sp, #20]
 108:MyHardWare/Src/usart.c ****   DMA_InitStructure.DMA_PeripheralInc = DMA_PeripheralInc_Disable;
 189              		.loc 1 108 3 is_stmt 1 view .LVU73
 190              		.loc 1 108 39 is_stmt 0 view .LVU74
 191 00ae 0694     		str	r4, [sp, #24]
 109:MyHardWare/Src/usart.c ****   DMA_InitStructure.DMA_MemoryInc = DMA_MemoryInc_Enable;
 192              		.loc 1 109 3 is_stmt 1 view .LVU75
 193              		.loc 1 109 35 is_stmt 0 view .LVU76
 194 00b0 4FF48063 		mov	r3, #1024
 195 00b4 0793     		str	r3, [sp, #28]
 110:MyHardWare/Src/usart.c ****   DMA_InitStructure.DMA_PeripheralDataSize = DMA_PeripheralDataSize_Byte;
 196              		.loc 1 110 3 is_stmt 1 view .LVU77
 197              		.loc 1 110 44 is_stmt 0 view .LVU78
 198 00b6 0894     		str	r4, [sp, #32]
 111:MyHardWare/Src/usart.c ****   DMA_InitStructure.DMA_MemoryDataSize = DMA_MemoryDataSize_Byte;
 199              		.loc 1 111 3 is_stmt 1 view .LVU79
 200              		.loc 1 111 40 is_stmt 0 view .LVU80
 201 00b8 0994     		str	r4, [sp, #36]
 112:MyHardWare/Src/usart.c ****   DMA_InitStructure.DMA_Mode = DMA_Mode_Normal;
 202              		.loc 1 112 3 is_stmt 1 view .LVU81
 203              		.loc 1 112 30 is_stmt 0 view .LVU82
 204 00ba 0A94     		str	r4, [sp, #40]
 113:MyHardWare/Src/usart.c ****   DMA_InitStructure.DMA_Priority = DMA_Priority_High;
 205              		.loc 1 113 3 is_stmt 1 view .LVU83
 206              		.loc 1 113 34 is_stmt 0 view .LVU84
 207 00bc 4FF40033 		mov	r3, #131072
 208 00c0 0B93     		str	r3, [sp, #44]
 114:MyHardWare/Src/usart.c ****   DMA_InitStructure.DMA_FIFOMode = DMA_FIFOMode_Disable;
 209              		.loc 1 114 3 is_stmt 1 view .LVU85
 210              		.loc 1 114 34 is_stmt 0 view .LVU86
 211 00c2 0C94     		str	r4, [sp, #48]
 115:MyHardWare/Src/usart.c ****   DMA_InitStructure.DMA_FIFOThreshold = DMA_FIFOThreshold_HalfFull;
 212              		.loc 1 115 3 is_stmt 1 view .LVU87
 213              		.loc 1 115 39 is_stmt 0 view .LVU88
 214 00c4 0126     		movs	r6, #1
 215 00c6 0D96     		str	r6, [sp, #52]
 116:MyHardWare/Src/usart.c ****   DMA_InitStructure.DMA_MemoryBurst = DMA_MemoryBurst_Single;
 216              		.loc 1 116 3 is_stmt 1 view .LVU89
 217              		.loc 1 116 37 is_stmt 0 view .LVU90
 218 00c8 0E94     		str	r4, [sp, #56]
 117:MyHardWare/Src/usart.c ****   DMA_InitStructure.DMA_PeripheralBurst = DMA_PeripheralBurst_Single;
 219              		.loc 1 117 3 is_stmt 1 view .LVU91
 220              		.loc 1 117 41 is_stmt 0 view .LVU92
 221 00ca 0F94     		str	r4, [sp, #60]
 118:MyHardWare/Src/usart.c ****   DMA_Init(DMA2_Stream2, &DMA_InitStructure);
 222              		.loc 1 118 3 is_stmt 1 view .LVU93
 223 00cc 0E4D     		ldr	r5, .L5+8
 224 00ce 01A9     		add	r1, sp, #4
 225 00d0 2846     		mov	r0, r5
ARM GAS  C:\Users\asus\AppData\Local\Temp\ccX418yf.s 			page 7


 226 00d2 FFF7FEFF 		bl	DMA_Init
 227              	.LVL8:
 119:MyHardWare/Src/usart.c **** 
 120:MyHardWare/Src/usart.c ****   // дҪҝиғҪ DMA2 Stream2 (RX) зҡ„дј иҫ“е®ҢжҲҗдёӯж–ӯ
 121:MyHardWare/Src/usart.c ****   DMA_ITConfig(DMA2_Stream2, DMA_IT_TC, ENABLE);
 228              		.loc 1 121 3 view .LVU94
 229 00d6 3246     		mov	r2, r6
 230 00d8 1021     		movs	r1, #16
 231 00da 2846     		mov	r0, r5
 232 00dc FFF7FEFF 		bl	DMA_ITConfig
 233              	.LVL9:
 122:MyHardWare/Src/usart.c ****   DMA_ITConfig(DMA2_Stream7, DMA_IT_TC, ENABLE);
 234              		.loc 1 122 3 view .LVU95
 235 00e0 074F     		ldr	r7, .L5
 236 00e2 3246     		mov	r2, r6
 237 00e4 1021     		movs	r1, #16
 238 00e6 3846     		mov	r0, r7
 239 00e8 FFF7FEFF 		bl	DMA_ITConfig
 240              	.LVL10:
 123:MyHardWare/Src/usart.c **** 
 124:MyHardWare/Src/usart.c ****   // дҪҝиғҪ DMA йҖҡйҒ“
 125:MyHardWare/Src/usart.c ****   DMA_Cmd(DMA2_Stream7, DISABLE);
 241              		.loc 1 125 3 view .LVU96
 242 00ec 2146     		mov	r1, r4
 243 00ee 3846     		mov	r0, r7
 244 00f0 FFF7FEFF 		bl	DMA_Cmd
 245              	.LVL11:
 126:MyHardWare/Src/usart.c ****   DMA_Cmd(DMA2_Stream2, DISABLE);
 246              		.loc 1 126 3 view .LVU97
 247 00f4 2146     		mov	r1, r4
 248 00f6 2846     		mov	r0, r5
 249 00f8 FFF7FEFF 		bl	DMA_Cmd
 250              	.LVL12:
 127:MyHardWare/Src/usart.c ****   // DMA_Cmd(DMA2_Stream7, ENABLE);
 128:MyHardWare/Src/usart.c ****   // DMA_Cmd(DMA2_Stream2, ENABLE);
 129:MyHardWare/Src/usart.c **** }
 251              		.loc 1 129 1 is_stmt 0 view .LVU98
 252 00fc 11B0     		add	sp, sp, #68
 253              	.LCFI2:
 254              		.cfi_def_cfa_offset 20
 255              		@ sp needed
 256 00fe F0BD     		pop	{r4, r5, r6, r7, pc}
 257              	.L6:
 258              		.align	2
 259              	.L5:
 260 0100 B8640240 		.word	1073898680
 261 0104 04100140 		.word	1073811460
 262 0108 40640240 		.word	1073898560
 263              		.cfi_endproc
 264              	.LFE126:
 266              		.section	.text.USART_StartDMA_TX,"ax",%progbits
 267              		.align	1
 268              		.syntax unified
 269              		.thumb
 270              		.thumb_func
 272              	USART_StartDMA_TX:
 273              	.LFB134:
ARM GAS  C:\Users\asus\AppData\Local\Temp\ccX418yf.s 			page 8


 130:MyHardWare/Src/usart.c **** 
 131:MyHardWare/Src/usart.c **** //=============================================================================
 132:MyHardWare/Src/usart.c **** // NOTE:TIM7е®ҡж—¶еҷЁжҳҜдёҚйңҖиҰҒзҡ„пјҢеңЁprintfеҺ»зңӢdmaжҳҜеҗҰе®ҢжҲҗпјҢдёәе®ҢжҲҗи°ғз”Ёе®ғеҚіеҸҜ
 133:MyHardWare/Src/usart.c **** //=============================================================================
 134:MyHardWare/Src/usart.c **** 
 135:MyHardWare/Src/usart.c **** /**
 136:MyHardWare/Src/usart.c ****  * @brief  TIM7 е®ҡж—¶еҷЁй…ҚзҪ®пјҢе®ҡж—¶ 100us
 137:MyHardWare/Src/usart.c ****  *         STM32F407 зі»з»ҹж—¶й’ҹдёә 168MHzпјҢAPB1 ж—¶й’ҹдёә 42MHz
 138:MyHardWare/Src/usart.c ****  *         prescaler = 4200 - 1, еҲҷи®Ўж•°еҷЁйў‘зҺҮ = 42MHz / 4200 = 10kHz (е‘Ёжңҹ 0.1ms
 139:MyHardWare/Src/usart.c ****  * = 100us) period = 1 - 1, еҲҷжәўеҮәж—¶й—ҙ = 10kHz / 1 = 10kHzпјҢеҚі 100us
 140:MyHardWare/Src/usart.c ****  *         з”ЁдәҺе®ҡжңҹжЈҖжҹҘзҺҜеҪўзј“еҶІйҳҹеҲ—пјҢжңүж•°жҚ®ж—¶еҗҜеҠЁ DMA дј иҫ“
 141:MyHardWare/Src/usart.c ****  */
 142:MyHardWare/Src/usart.c **** /*
 143:MyHardWare/Src/usart.c **** static void TIM7_Config(void) {
 144:MyHardWare/Src/usart.c ****  TIM_TimeBaseInitTypeDef TIM_TimeBaseInitStruct;
 145:MyHardWare/Src/usart.c ****  NVIC_InitTypeDef NVIC_InitStructure;
 146:MyHardWare/Src/usart.c **** 
 147:MyHardWare/Src/usart.c ****  // дҪҝиғҪ TIM7 ж—¶й’ҹ
 148:MyHardWare/Src/usart.c ****  RCC_APB1PeriphClockCmd(RCC_APB1Periph_TIM7, ENABLE);
 149:MyHardWare/Src/usart.c **** 
 150:MyHardWare/Src/usart.c ****  // й…ҚзҪ® TIM7 ж—¶еҹәеҸӮж•°
 151:MyHardWare/Src/usart.c ****  TIM_TimeBaseInitStruct.TIM_Prescaler =
 152:MyHardWare/Src/usart.c ****      420 - 1; // йў„еҲҶйў‘еҷЁпјҢ42MHz / 4200 = 10kHz
 153:MyHardWare/Src/usart.c ****  TIM_TimeBaseInitStruct.TIM_CounterMode = TIM_CounterMode_Up;
 154:MyHardWare/Src/usart.c ****  TIM_TimeBaseInitStruct.TIM_Period =
 155:MyHardWare/Src/usart.c ****      10 - 1; // иҮӘеҠЁйҮҚиЈ…иҪҪеҖјпјҢ10kHz / 1 = 10kHz (100us)
 156:MyHardWare/Src/usart.c ****  TIM_TimeBaseInitStruct.TIM_ClockDivision = TIM_CKD_DIV1;
 157:MyHardWare/Src/usart.c ****  TIM_TimeBaseInit(TIM7, &TIM_TimeBaseInitStruct);
 158:MyHardWare/Src/usart.c **** 
 159:MyHardWare/Src/usart.c ****  // жё…йҷӨжӣҙж–°дёӯж–ӯж Үеҝ—пјҢйҳІжӯўз«ӢеҚіи§ҰеҸ‘дёӯж–ӯ
 160:MyHardWare/Src/usart.c ****  TIM_ClearFlag(TIM7, TIM_FLAG_Update);
 161:MyHardWare/Src/usart.c **** 
 162:MyHardWare/Src/usart.c ****  // дҪҝиғҪжӣҙж–°дёӯж–ӯ
 163:MyHardWare/Src/usart.c ****  TIM_ITConfig(TIM7, TIM_IT_Update, ENABLE);
 164:MyHardWare/Src/usart.c **** 
 165:MyHardWare/Src/usart.c ****  // й…ҚзҪ® NVIC дёӯж–ӯдјҳе…Ҳзә§
 166:MyHardWare/Src/usart.c ****  NVIC_InitStructure.NVIC_IRQChannel = TIM7_IRQn;
 167:MyHardWare/Src/usart.c ****  NVIC_InitStructure.NVIC_IRQChannelPreemptionPriority = 0;
 168:MyHardWare/Src/usart.c ****  NVIC_InitStructure.NVIC_IRQChannelSubPriority = 2;
 169:MyHardWare/Src/usart.c ****  NVIC_InitStructure.NVIC_IRQChannelCmd = ENABLE;
 170:MyHardWare/Src/usart.c ****  NVIC_Init(&NVIC_InitStructure);
 171:MyHardWare/Src/usart.c **** }
 172:MyHardWare/Src/usart.c ****  */
 173:MyHardWare/Src/usart.c **** /**
 174:MyHardWare/Src/usart.c ****  * @brief  USART1 GPIO еј•и„ҡй…ҚзҪ®
 175:MyHardWare/Src/usart.c ****  *         й…ҚзҪ® PA9 дёә TXпјҢPA10 дёә RXпјҢеӨҚз”ЁжЁЎејҸпјҢжҺЁжҢҪиҫ“еҮәпјҢдёҠжӢүиҫ“е…Ҙ
 176:MyHardWare/Src/usart.c ****  */
 177:MyHardWare/Src/usart.c **** void USART_GPIO_Config(void) {
 178:MyHardWare/Src/usart.c ****   GPIO_InitTypeDef GPIO_InitStructure;
 179:MyHardWare/Src/usart.c **** 
 180:MyHardWare/Src/usart.c ****   // дҪҝиғҪ GPIOA ж—¶й’ҹ
 181:MyHardWare/Src/usart.c ****   RCC_AHB1PeriphClockCmd(USART1_TX_CLK | USART1_RX_CLK, ENABLE);
 182:MyHardWare/Src/usart.c **** 
 183:MyHardWare/Src/usart.c ****   // IO й…ҚзҪ®еҸӮж•°
 184:MyHardWare/Src/usart.c ****   GPIO_InitStructure.GPIO_Mode = GPIO_Mode_AF;     // еӨҚз”ЁжЁЎејҸ
 185:MyHardWare/Src/usart.c ****   GPIO_InitStructure.GPIO_OType = GPIO_OType_PP;   // жҺЁжҢҪиҫ“еҮә
 186:MyHardWare/Src/usart.c ****   GPIO_InitStructure.GPIO_PuPd = GPIO_PuPd_UP;     // дёҠжӢүиҫ“е…Ҙ
ARM GAS  C:\Users\asus\AppData\Local\Temp\ccX418yf.s 			page 9


 187:MyHardWare/Src/usart.c ****   GPIO_InitStructure.GPIO_Speed = GPIO_Speed_2MHz; // йҖҹеәҰзӯүзә§ 2MHz
 188:MyHardWare/Src/usart.c **** 
 189:MyHardWare/Src/usart.c ****   // еҲқе§ӢеҢ– TX еј•и„ҡ (PA9)
 190:MyHardWare/Src/usart.c ****   GPIO_InitStructure.GPIO_Pin = USART1_TX_PIN;
 191:MyHardWare/Src/usart.c ****   GPIO_Init(USART1_TX_PORT, &GPIO_InitStructure);
 192:MyHardWare/Src/usart.c **** 
 193:MyHardWare/Src/usart.c ****   // еҲқе§ӢеҢ– RX еј•и„ҡ (PA10)
 194:MyHardWare/Src/usart.c ****   GPIO_InitStructure.GPIO_Pin = USART1_RX_PIN;
 195:MyHardWare/Src/usart.c ****   GPIO_Init(USART1_RX_PORT, &GPIO_InitStructure);
 196:MyHardWare/Src/usart.c **** 
 197:MyHardWare/Src/usart.c ****   // IO еӨҚз”ЁпјҢе°Ҷ PA9/PA10 еӨҚз”ЁеҲ° USART1
 198:MyHardWare/Src/usart.c ****   GPIO_PinAFConfig(USART1_TX_PORT, USART1_TX_PinSource, GPIO_AF_USART1);
 199:MyHardWare/Src/usart.c ****   GPIO_PinAFConfig(USART1_RX_PORT, USART1_RX_PinSource, GPIO_AF_USART1);
 200:MyHardWare/Src/usart.c **** }
 201:MyHardWare/Src/usart.c **** 
 202:MyHardWare/Src/usart.c **** /**
 203:MyHardWare/Src/usart.c ****  * @brief  USART1 дёІеҸЈеҸӮж•°й…ҚзҪ®
 204:MyHardWare/Src/usart.c ****  *         жіўзү№зҺҮ 115200пјҢ8 дҪҚж•°жҚ®дҪҚпјҢ1 дҪҚеҒңжӯўдҪҚпјҢж— ж ЎйӘҢпјҢж— зЎ¬д»¶жөҒжҺ§еҲ¶
 205:MyHardWare/Src/usart.c ****  */
 206:MyHardWare/Src/usart.c **** void Usart_Config(void) {
 207:MyHardWare/Src/usart.c ****   USART_InitTypeDef USART_InitStructure;
 208:MyHardWare/Src/usart.c **** 
 209:MyHardWare/Src/usart.c ****   // дҪҝиғҪ USART1 ж—¶й’ҹ
 210:MyHardWare/Src/usart.c ****   RCC_APB2PeriphClockCmd(RCC_APB2Periph_USART1, ENABLE);
 211:MyHardWare/Src/usart.c **** 
 212:MyHardWare/Src/usart.c ****   // IO еҸЈеҲқе§ӢеҢ–
 213:MyHardWare/Src/usart.c ****   USART_GPIO_Config();
 214:MyHardWare/Src/usart.c **** 
 215:MyHardWare/Src/usart.c ****   // й…ҚзҪ®дёІеҸЈеҗ„йЎ№еҸӮж•°
 216:MyHardWare/Src/usart.c ****   USART_InitStructure.USART_BaudRate = USART1_BaudRate; // жіўзү№зҺҮ 115200
 217:MyHardWare/Src/usart.c ****   USART_InitStructure.USART_WordLength = USART_WordLength_8b; // ж•°жҚ®дҪҚ 8 дҪҚ
 218:MyHardWare/Src/usart.c ****   USART_InitStructure.USART_StopBits = USART_StopBits_1;      // еҒңжӯўдҪҚ 1 дҪҚ
 219:MyHardWare/Src/usart.c ****   USART_InitStructure.USART_Parity = USART_Parity_No;         // ж— ж ЎйӘҢ
 220:MyHardWare/Src/usart.c ****   USART_InitStructure.USART_Mode =
 221:MyHardWare/Src/usart.c ****       USART_Mode_Rx | USART_Mode_Tx; // еҸ‘йҖҒе’ҢжҺҘж”¶жЁЎејҸ
 222:MyHardWare/Src/usart.c ****   USART_InitStructure.USART_HardwareFlowControl =
 223:MyHardWare/Src/usart.c ****       USART_HardwareFlowControl_None; // дёҚдҪҝз”ЁзЎ¬д»¶жөҒжҺ§еҲ¶
 224:MyHardWare/Src/usart.c ****   // й…ҚзҪ® USART1 дҪҝз”Ё DMA
 225:MyHardWare/Src/usart.c ****   USART_DMACmd(USART1, USART_DMAReq_Tx, ENABLE);
 226:MyHardWare/Src/usart.c ****   USART_DMACmd(USART1, USART_DMAReq_Rx, ENABLE);
 227:MyHardWare/Src/usart.c **** 
 228:MyHardWare/Src/usart.c ****   USART_Init(USART1, &USART_InitStructure); // еҲқе§ӢеҢ–дёІеҸЈ 1
 229:MyHardWare/Src/usart.c ****   USART_Cmd(USART1, ENABLE);                // дҪҝиғҪдёІеҸЈ 1
 230:MyHardWare/Src/usart.c **** }
 231:MyHardWare/Src/usart.c **** 
 232:MyHardWare/Src/usart.c **** /**
 233:MyHardWare/Src/usart.c ****  * @brief  еҲқе§ӢеҢ– USART1 еҸҠ TIM7
 234:MyHardWare/Src/usart.c ****  *         йңҖиҰҒеңЁ main еҮҪж•°дёӯи°ғз”ЁжӯӨеҮҪж•°жқҘе®ҢжҲҗ USART1 е’Ң TIM7 зҡ„еҲқе§ӢеҢ–
 235:MyHardWare/Src/usart.c ****  *         еҢ…жӢ¬пјҡDMA еҲқе§ӢеҢ–гҖҒдёІеҸЈй…ҚзҪ®гҖҒTIM7 й…ҚзҪ®гҖҒеҗҜеҠЁ DMA жҺҘж”¶гҖҒдҪҝиғҪ TIM7 дё
 236:MyHardWare/Src/usart.c ****  */
 237:MyHardWare/Src/usart.c **** void USART1_Init(void) {
 238:MyHardWare/Src/usart.c ****   // еҲқе§ӢеҢ–еҸ‘йҖҒе’ҢжҺҘж”¶зҺҜеҪўзј“еҶІеҢә
 239:MyHardWare/Src/usart.c ****   RingBuffer_Init(&tx_queue, dma_tx_buffer, USART_DMA_TX_BUFFER_SIZE);
 240:MyHardWare/Src/usart.c ****   RingBuffer_Init(&rx_queue, dma_rx_buffer, USART_DMA_RX_BUFFER_SIZE);
 241:MyHardWare/Src/usart.c **** 
 242:MyHardWare/Src/usart.c ****   // еҲқе§ӢеҢ– USART1 DMA
 243:MyHardWare/Src/usart.c ****   USART1_DMA_Init();
ARM GAS  C:\Users\asus\AppData\Local\Temp\ccX418yf.s 			page 10


 244:MyHardWare/Src/usart.c **** 
 245:MyHardWare/Src/usart.c ****   // й…ҚзҪ® USART1 дёІеҸЈеҸӮж•°е’Ң GPIO
 246:MyHardWare/Src/usart.c ****   Usart_Config();
 247:MyHardWare/Src/usart.c **** 
 248:MyHardWare/Src/usart.c ****   // еҗҜеҠЁ DMA жҺҘж”¶
 249:MyHardWare/Src/usart.c ****   UART1_DMA_Start_RX();
 250:MyHardWare/Src/usart.c **** }
 251:MyHardWare/Src/usart.c **** 
 252:MyHardWare/Src/usart.c **** /**
 253:MyHardWare/Src/usart.c ****  * @brief  UART1 еҸ‘йҖҒдёҖдёӘеӯ—иҠӮпјҲиҪ®иҜўж–№ејҸпјү
 254:MyHardWare/Src/usart.c ****  * @param  data: иҰҒеҸ‘йҖҒзҡ„ж•°жҚ®
 255:MyHardWare/Src/usart.c ****  * @retval None
 256:MyHardWare/Src/usart.c ****  */
 257:MyHardWare/Src/usart.c **** void UART1_SendByte(uint8_t data) {
 258:MyHardWare/Src/usart.c ****   /* зӯүеҫ…еҸ‘йҖҒзј“еҶІеҢәдёәз©ә */
 259:MyHardWare/Src/usart.c ****   while (USART_GetFlagStatus(USART1, USART_FLAG_TXE) == RESET)
 260:MyHardWare/Src/usart.c ****     ;
 261:MyHardWare/Src/usart.c **** 
 262:MyHardWare/Src/usart.c ****   /* ејәеҲ¶иҪ¬жҚўдёә 16 дҪҚе№¶еҸ‘йҖҒж•°жҚ®пјҢзЎ®дҝқжӯЈзЎ®зҡ„ж•°жҚ®дҪҚдј иҫ“ */
 263:MyHardWare/Src/usart.c ****   USART_SendData(USART1, (uint16_t)data);
 264:MyHardWare/Src/usart.c **** }
 265:MyHardWare/Src/usart.c **** 
 266:MyHardWare/Src/usart.c **** /**
 267:MyHardWare/Src/usart.c ****  * @brief  йҮҚе®ҡд№ү fputc еҮҪж•°пјҢж”ҜжҢҒ printf жү“еҚ°
 268:MyHardWare/Src/usart.c ****  *         йҖҡиҝҮзҺҜеҪўзј“еҶІеҢә + DMA ж–№ејҸеҸ‘йҖҒеӯ—з¬ҰпјҢж— йңҖ CPU зӯүеҫ…
 269:MyHardWare/Src/usart.c ****  * @param  ch: иҰҒеҸ‘йҖҒзҡ„еӯ—з¬Ұ
 270:MyHardWare/Src/usart.c ****  * @retval иҝ”еӣһеҸ‘йҖҒзҡ„еӯ—з¬Ұ
 271:MyHardWare/Src/usart.c ****  */
 272:MyHardWare/Src/usart.c **** /**/
 273:MyHardWare/Src/usart.c **** int __io_putchar(int ch) {
 274:MyHardWare/Src/usart.c ****   // е°қиҜ•е°Ҷж•°жҚ®еҶҷе…ҘзҺҜеҪўзј“еҶІеҢә
 275:MyHardWare/Src/usart.c ****   uint16_t count = 0;
 276:MyHardWare/Src/usart.c ****   while (RingBuffer_Push(&tx_queue, (uint8_t)ch) == 0) {
 277:MyHardWare/Src/usart.c ****     // зј“еҶІеҢәж»ЎпјҢзӯүеҫ…жңүз©әй—Із©әй—ҙ
 278:MyHardWare/Src/usart.c ****     delay_us(1); // зӯүеҫ… 100 еҫ®з§’
 279:MyHardWare/Src/usart.c ****     if ((count++) >= 1000) {
 280:MyHardWare/Src/usart.c ****       break; // зӯүеҫ…и¶…иҝҮ 1msпјҢж”ҫејғеҸ‘йҖҒ
 281:MyHardWare/Src/usart.c ****     }
 282:MyHardWare/Src/usart.c ****     // RingBuffer_Push дјҡеңЁжңүз©әй—ҙж—¶иҮӘеҠЁеҶҷе…Ҙе№¶иҝ”еӣһ 1
 283:MyHardWare/Src/usart.c ****   }
 284:MyHardWare/Src/usart.c **** 
 285:MyHardWare/Src/usart.c ****   // еҰӮжһң DMA жңӘеңЁе·ҘдҪңпјҢи§ҰеҸ‘ TIM7 дёӯж–ӯжқҘеҗҜеҠЁ DMA дј иҫ“
 286:MyHardWare/Src/usart.c ****   if (!tx_queue.is_dma_enabled && !RingBuffer_IsEmpty(&tx_queue)) {
 287:MyHardWare/Src/usart.c ****     USART_StartDMA_TX();
 288:MyHardWare/Src/usart.c ****   }
 289:MyHardWare/Src/usart.c **** 
 290:MyHardWare/Src/usart.c ****   return (ch);
 291:MyHardWare/Src/usart.c **** }
 292:MyHardWare/Src/usart.c **** 
 293:MyHardWare/Src/usart.c **** /**
 294:MyHardWare/Src/usart.c ****  * @brief  UART1 еҸ‘йҖҒеӨҡдёӘ 16 дҪҚж•°жҚ®пјҲиҪ®иҜўж–№ејҸпјү
 295:MyHardWare/Src/usart.c ****  *         жҜҸдёӘ 16 дҪҚж•°жҚ®е…ҲеҸ‘йҖҒй«ҳеӯ—иҠӮпјҢеҶҚеҸ‘йҖҒдҪҺеӯ—иҠӮ
 296:MyHardWare/Src/usart.c ****  * @param  buffer: 16 дҪҚж•°жҚ®зј“еҶІеҢәжҢҮй’Ҳ
 297:MyHardWare/Src/usart.c ****  * @param  size: ж•°жҚ®дёӘж•°
 298:MyHardWare/Src/usart.c ****  */
 299:MyHardWare/Src/usart.c **** void UART1_SendData(uint16_t *buffer, uint16_t size) {
 300:MyHardWare/Src/usart.c ****   for (uint16_t i = 0; i < size; i++) {
ARM GAS  C:\Users\asus\AppData\Local\Temp\ccX418yf.s 			page 11


 301:MyHardWare/Src/usart.c ****     uint16_t data = buffer[i]; // иҺ·еҸ–еҪ“еүҚ 16 дҪҚж•°жҚ®
 302:MyHardWare/Src/usart.c **** 
 303:MyHardWare/Src/usart.c ****     // еҸ‘йҖҒй«ҳеӯ—иҠӮпјҲй«ҳдҪҚеңЁеүҚпјү
 304:MyHardWare/Src/usart.c ****     USART_SendData(USART1, (data >> 8) & 0xFF);
 305:MyHardWare/Src/usart.c ****     while (USART_GetFlagStatus(USART1, USART_FLAG_TXE) == RESET)
 306:MyHardWare/Src/usart.c ****       ; // зӯүеҫ…еҸ‘йҖҒе®ҢжҲҗ
 307:MyHardWare/Src/usart.c **** 
 308:MyHardWare/Src/usart.c ****     // еҸ‘йҖҒдҪҺеӯ—иҠӮ
 309:MyHardWare/Src/usart.c ****     USART_SendData(USART1, data & 0xFF);
 310:MyHardWare/Src/usart.c ****     while (USART_GetFlagStatus(USART1, USART_FLAG_TXE) == RESET)
 311:MyHardWare/Src/usart.c ****       ; // зӯүеҫ…еҸ‘йҖҒе®ҢжҲҗ
 312:MyHardWare/Src/usart.c ****   }
 313:MyHardWare/Src/usart.c **** }
 314:MyHardWare/Src/usart.c **** 
 315:MyHardWare/Src/usart.c **** /**
 316:MyHardWare/Src/usart.c ****  * @brief  еҗҜеҠЁ UART1 DMA жҺҘж”¶
 317:MyHardWare/Src/usart.c ****  *         й…ҚзҪ® DMA2 Stream5 е°Ҷ USART1 DR еҜ„еӯҳеҷЁзҡ„ж•°жҚ®дј иҫ“еҲ° rx_queue зј“еҶІеҢә
 318:MyHardWare/Src/usart.c ****  */
 319:MyHardWare/Src/usart.c **** void UART1_DMA_Start_RX(void) {
 320:MyHardWare/Src/usart.c ****   DMA2_Stream2->M0AR = (uint32_t)rx_queue.buffer;
 321:MyHardWare/Src/usart.c ****   DMA2_Stream2->NDTR = rx_queue.size;
 322:MyHardWare/Src/usart.c ****   DMA_Cmd(DMA2_Stream2, ENABLE);
 323:MyHardWare/Src/usart.c ****   rx_queue.is_dma_enabled = 1;
 324:MyHardWare/Src/usart.c **** }
 325:MyHardWare/Src/usart.c **** 
 326:MyHardWare/Src/usart.c **** /**
 327:MyHardWare/Src/usart.c ****  * @brief  еҗҜеҠЁ USART DMA еҸ‘йҖҒ
 328:MyHardWare/Src/usart.c ****  *         д»Һ tx_queue дёӯиҜ»еҸ–ж•°жҚ®пјҢйҖҡиҝҮ DMA2 Stream7 еҸ‘йҖҒеҲ° USART1
 329:MyHardWare/Src/usart.c ****  *         иҮӘеҠЁи®Ўз®—иҝһз»ӯеҸҜиҜ»ж•°жҚ®й•ҝеәҰпјҢж”ҜжҢҒзҺҜеҪўзј“еҶІеҢәзҡ„еҫӘзҺҜзү№жҖ§
 330:MyHardWare/Src/usart.c ****  */
 331:MyHardWare/Src/usart.c **** static void USART_StartDMA_TX(void) {
 274              		.loc 1 331 37 is_stmt 1 view -0
 275              		.cfi_startproc
 276              		@ args = 0, pretend = 0, frame = 0
 277              		@ frame_needed = 0, uses_anonymous_args = 0
 332:MyHardWare/Src/usart.c ****   // еҰӮжһңйҳҹеҲ—дёәз©әпјҢдёҚеҗҜеҠЁ DMA
 333:MyHardWare/Src/usart.c ****   if (tx_queue.head == tx_queue.tail) {
 278              		.loc 1 333 3 view .LVU100
 279              		.loc 1 333 15 is_stmt 0 view .LVU101
 280 0000 114B     		ldr	r3, .L15
 281 0002 D988     		ldrh	r1, [r3, #6]
 282              		.loc 1 333 32 view .LVU102
 283 0004 1B89     		ldrh	r3, [r3, #8]
 284              		.loc 1 333 6 view .LVU103
 285 0006 9942     		cmp	r1, r3
 286 0008 1CD0     		beq	.L12
 331:MyHardWare/Src/usart.c ****   // еҰӮжһңйҳҹеҲ—дёәз©әпјҢдёҚеҗҜеҠЁ DMA
 287              		.loc 1 331 37 view .LVU104
 288 000a 70B5     		push	{r4, r5, r6, lr}
 289              	.LCFI3:
 290              		.cfi_def_cfa_offset 16
 291              		.cfi_offset 4, -16
 292              		.cfi_offset 5, -12
 293              		.cfi_offset 6, -8
 294              		.cfi_offset 14, -4
 334:MyHardWare/Src/usart.c ****     return;
 335:MyHardWare/Src/usart.c ****   }
ARM GAS  C:\Users\asus\AppData\Local\Temp\ccX418yf.s 			page 12


 336:MyHardWare/Src/usart.c **** 
 337:MyHardWare/Src/usart.c ****   uint16_t data_count;
 295              		.loc 1 337 3 is_stmt 1 view .LVU105
 338:MyHardWare/Src/usart.c ****   // и®Ўз®—д»Һ tail еҲ° head зҡ„иҝһз»ӯеҸҜиҜ»ж•°жҚ®й•ҝеәҰ
 339:MyHardWare/Src/usart.c ****   if (tx_queue.head > tx_queue.tail) {
 296              		.loc 1 339 3 view .LVU106
 297              		.loc 1 339 6 is_stmt 0 view .LVU107
 298 000c 15D9     		bls	.L9
 340:MyHardWare/Src/usart.c ****     // жғ…еҶө 1пјҡж•°жҚ®жңӘи·Ёи¶Ҡжң«е°ҫпјҢзӣҙжҺҘдј иҫ“ tail еҲ° head
 341:MyHardWare/Src/usart.c ****     data_count = tx_queue.head - tx_queue.tail;
 299              		.loc 1 341 5 is_stmt 1 view .LVU108
 300              		.loc 1 341 16 is_stmt 0 view .LVU109
 301 000e C91A     		subs	r1, r1, r3
 302 0010 8CB2     		uxth	r4, r1
 303              	.LVL13:
 304              	.L10:
 342:MyHardWare/Src/usart.c ****   } else {
 343:MyHardWare/Src/usart.c ****     // жғ…еҶө 2пјҡж•°жҚ®и·Ёи¶Ҡжң«е°ҫпјҢеҸӘдј иҫ“д»Һ tail еҲ°зј“еҶІеҢәжң«е°ҫзҡ„йғЁеҲҶ
 344:MyHardWare/Src/usart.c ****     // иҝҷжҳҜ DMA иғҪе®үе…Ёи®ҝй—®зҡ„иҝһз»ӯеҶ…еӯҳеҢәеҹҹ
 345:MyHardWare/Src/usart.c ****     data_count = tx_queue.size - tx_queue.tail;
 346:MyHardWare/Src/usart.c ****   }
 347:MyHardWare/Src/usart.c **** 
 348:MyHardWare/Src/usart.c ****   // й…ҚзҪ® DMA жәҗең°еқҖе’Ңж•°жҚ®й•ҝеәҰ
 349:MyHardWare/Src/usart.c ****   DMA2_Stream7->M0AR = (uint32_t)&tx_queue.buffer[tx_queue.tail];
 305              		.loc 1 349 3 is_stmt 1 view .LVU110
 306              		.loc 1 349 43 is_stmt 0 view .LVU111
 307 0012 0D4D     		ldr	r5, .L15
 308 0014 2A68     		ldr	r2, [r5]
 309              		.loc 1 349 34 view .LVU112
 310 0016 1A44     		add	r2, r2, r3
 311              		.loc 1 349 22 view .LVU113
 312 0018 0C4B     		ldr	r3, .L15+4
 313 001a C3F8C420 		str	r2, [r3, #196]
 350:MyHardWare/Src/usart.c ****   DMA_SetCurrDataCounter(DMA2_Stream7, data_count);
 314              		.loc 1 350 3 is_stmt 1 view .LVU114
 315 001e 0C4E     		ldr	r6, .L15+8
 316 0020 2146     		mov	r1, r4
 317 0022 3046     		mov	r0, r6
 318 0024 FFF7FEFF 		bl	DMA_SetCurrDataCounter
 319              	.LVL14:
 351:MyHardWare/Src/usart.c **** 
 352:MyHardWare/Src/usart.c ****   // дҝқеӯҳжң¬ж¬Ў DMA дј иҫ“зҡ„ж•°жҚ®йҮҸпјҢз”ЁдәҺдёӯж–ӯдёӯи®Ўз®—
 353:MyHardWare/Src/usart.c ****   last_dma_tx_count = data_count;
 320              		.loc 1 353 3 view .LVU115
 321              		.loc 1 353 21 is_stmt 0 view .LVU116
 322 0028 0A4B     		ldr	r3, .L15+12
 323 002a 1C80     		strh	r4, [r3]	@ movhi
 354:MyHardWare/Src/usart.c **** 
 355:MyHardWare/Src/usart.c ****   DMA_Cmd(DMA2_Stream7, ENABLE);
 324              		.loc 1 355 3 is_stmt 1 view .LVU117
 325 002c 0121     		movs	r1, #1
 326 002e 3046     		mov	r0, r6
 327 0030 FFF7FEFF 		bl	DMA_Cmd
 328              	.LVL15:
 356:MyHardWare/Src/usart.c ****   tx_queue.is_dma_enabled = 1;
 329              		.loc 1 356 3 view .LVU118
 330              		.loc 1 356 27 is_stmt 0 view .LVU119
ARM GAS  C:\Users\asus\AppData\Local\Temp\ccX418yf.s 			page 13


 331 0034 0123     		movs	r3, #1
 332 0036 AB72     		strb	r3, [r5, #10]
 357:MyHardWare/Src/usart.c **** }
 333              		.loc 1 357 1 view .LVU120
 334 0038 70BD     		pop	{r4, r5, r6, pc}
 335              	.LVL16:
 336              	.L9:
 345:MyHardWare/Src/usart.c ****   }
 337              		.loc 1 345 5 is_stmt 1 view .LVU121
 345:MyHardWare/Src/usart.c ****   }
 338              		.loc 1 345 26 is_stmt 0 view .LVU122
 339 003a 034A     		ldr	r2, .L15
 340 003c 9488     		ldrh	r4, [r2, #4]
 345:MyHardWare/Src/usart.c ****   }
 341              		.loc 1 345 16 view .LVU123
 342 003e E41A     		subs	r4, r4, r3
 343 0040 A4B2     		uxth	r4, r4
 344              	.LVL17:
 345:MyHardWare/Src/usart.c ****   }
 345              		.loc 1 345 16 view .LVU124
 346 0042 E6E7     		b	.L10
 347              	.LVL18:
 348              	.L12:
 349              	.LCFI4:
 350              		.cfi_def_cfa_offset 0
 351              		.cfi_restore 4
 352              		.cfi_restore 5
 353              		.cfi_restore 6
 354              		.cfi_restore 14
 345:MyHardWare/Src/usart.c ****   }
 355              		.loc 1 345 16 view .LVU125
 356 0044 7047     		bx	lr
 357              	.L16:
 358 0046 00BF     		.align	2
 359              	.L15:
 360 0048 00000000 		.word	tx_queue
 361 004c 00640240 		.word	1073898496
 362 0050 B8640240 		.word	1073898680
 363 0054 00000000 		.word	last_dma_tx_count
 364              		.cfi_endproc
 365              	.LFE134:
 367              		.section	.text.USART_GPIO_Config,"ax",%progbits
 368              		.align	1
 369              		.global	USART_GPIO_Config
 370              		.syntax unified
 371              		.thumb
 372              		.thumb_func
 374              	USART_GPIO_Config:
 375              	.LFB127:
 177:MyHardWare/Src/usart.c ****   GPIO_InitTypeDef GPIO_InitStructure;
 376              		.loc 1 177 30 is_stmt 1 view -0
 377              		.cfi_startproc
 378              		@ args = 0, pretend = 0, frame = 8
 379              		@ frame_needed = 0, uses_anonymous_args = 0
 380 0000 10B5     		push	{r4, lr}
 381              	.LCFI5:
 382              		.cfi_def_cfa_offset 8
ARM GAS  C:\Users\asus\AppData\Local\Temp\ccX418yf.s 			page 14


 383              		.cfi_offset 4, -8
 384              		.cfi_offset 14, -4
 385 0002 82B0     		sub	sp, sp, #8
 386              	.LCFI6:
 387              		.cfi_def_cfa_offset 16
 178:MyHardWare/Src/usart.c **** 
 388              		.loc 1 178 3 view .LVU127
 181:MyHardWare/Src/usart.c **** 
 389              		.loc 1 181 3 view .LVU128
 390 0004 0121     		movs	r1, #1
 391 0006 0846     		mov	r0, r1
 392 0008 FFF7FEFF 		bl	RCC_AHB1PeriphClockCmd
 393              	.LVL19:
 184:MyHardWare/Src/usart.c ****   GPIO_InitStructure.GPIO_OType = GPIO_OType_PP;   // жҺЁжҢҪиҫ“еҮә
 394              		.loc 1 184 3 view .LVU129
 184:MyHardWare/Src/usart.c ****   GPIO_InitStructure.GPIO_OType = GPIO_OType_PP;   // жҺЁжҢҪиҫ“еҮә
 395              		.loc 1 184 32 is_stmt 0 view .LVU130
 396 000c 0223     		movs	r3, #2
 397 000e 8DF80430 		strb	r3, [sp, #4]
 185:MyHardWare/Src/usart.c ****   GPIO_InitStructure.GPIO_PuPd = GPIO_PuPd_UP;     // дёҠжӢүиҫ“е…Ҙ
 398              		.loc 1 185 3 is_stmt 1 view .LVU131
 185:MyHardWare/Src/usart.c ****   GPIO_InitStructure.GPIO_PuPd = GPIO_PuPd_UP;     // дёҠжӢүиҫ“е…Ҙ
 399              		.loc 1 185 33 is_stmt 0 view .LVU132
 400 0012 0023     		movs	r3, #0
 401 0014 8DF80630 		strb	r3, [sp, #6]
 186:MyHardWare/Src/usart.c ****   GPIO_InitStructure.GPIO_Speed = GPIO_Speed_2MHz; // йҖҹеәҰзӯүзә§ 2MHz
 402              		.loc 1 186 3 is_stmt 1 view .LVU133
 186:MyHardWare/Src/usart.c ****   GPIO_InitStructure.GPIO_Speed = GPIO_Speed_2MHz; // йҖҹеәҰзӯүзә§ 2MHz
 403              		.loc 1 186 32 is_stmt 0 view .LVU134
 404 0018 0122     		movs	r2, #1
 405 001a 8DF80720 		strb	r2, [sp, #7]
 187:MyHardWare/Src/usart.c **** 
 406              		.loc 1 187 3 is_stmt 1 view .LVU135
 187:MyHardWare/Src/usart.c **** 
 407              		.loc 1 187 33 is_stmt 0 view .LVU136
 408 001e 8DF80530 		strb	r3, [sp, #5]
 190:MyHardWare/Src/usart.c ****   GPIO_Init(USART1_TX_PORT, &GPIO_InitStructure);
 409              		.loc 1 190 3 is_stmt 1 view .LVU137
 190:MyHardWare/Src/usart.c ****   GPIO_Init(USART1_TX_PORT, &GPIO_InitStructure);
 410              		.loc 1 190 31 is_stmt 0 view .LVU138
 411 0022 4FF40073 		mov	r3, #512
 412 0026 0093     		str	r3, [sp]
 191:MyHardWare/Src/usart.c **** 
 413              		.loc 1 191 3 is_stmt 1 view .LVU139
 414 0028 0B4C     		ldr	r4, .L19
 415 002a 6946     		mov	r1, sp
 416 002c 2046     		mov	r0, r4
 417 002e FFF7FEFF 		bl	GPIO_Init
 418              	.LVL20:
 194:MyHardWare/Src/usart.c ****   GPIO_Init(USART1_RX_PORT, &GPIO_InitStructure);
 419              		.loc 1 194 3 view .LVU140
 194:MyHardWare/Src/usart.c ****   GPIO_Init(USART1_RX_PORT, &GPIO_InitStructure);
 420              		.loc 1 194 31 is_stmt 0 view .LVU141
 421 0032 4FF48063 		mov	r3, #1024
 422 0036 0093     		str	r3, [sp]
 195:MyHardWare/Src/usart.c **** 
 423              		.loc 1 195 3 is_stmt 1 view .LVU142
ARM GAS  C:\Users\asus\AppData\Local\Temp\ccX418yf.s 			page 15


 424 0038 6946     		mov	r1, sp
 425 003a 2046     		mov	r0, r4
 426 003c FFF7FEFF 		bl	GPIO_Init
 427              	.LVL21:
 198:MyHardWare/Src/usart.c ****   GPIO_PinAFConfig(USART1_RX_PORT, USART1_RX_PinSource, GPIO_AF_USART1);
 428              		.loc 1 198 3 view .LVU143
 429 0040 0722     		movs	r2, #7
 430 0042 0921     		movs	r1, #9
 431 0044 2046     		mov	r0, r4
 432 0046 FFF7FEFF 		bl	GPIO_PinAFConfig
 433              	.LVL22:
 199:MyHardWare/Src/usart.c **** }
 434              		.loc 1 199 3 view .LVU144
 435 004a 0722     		movs	r2, #7
 436 004c 0A21     		movs	r1, #10
 437 004e 2046     		mov	r0, r4
 438 0050 FFF7FEFF 		bl	GPIO_PinAFConfig
 439              	.LVL23:
 200:MyHardWare/Src/usart.c **** 
 440              		.loc 1 200 1 is_stmt 0 view .LVU145
 441 0054 02B0     		add	sp, sp, #8
 442              	.LCFI7:
 443              		.cfi_def_cfa_offset 8
 444              		@ sp needed
 445 0056 10BD     		pop	{r4, pc}
 446              	.L20:
 447              		.align	2
 448              	.L19:
 449 0058 00000240 		.word	1073872896
 450              		.cfi_endproc
 451              	.LFE127:
 453              		.section	.text.Usart_Config,"ax",%progbits
 454              		.align	1
 455              		.global	Usart_Config
 456              		.syntax unified
 457              		.thumb
 458              		.thumb_func
 460              	Usart_Config:
 461              	.LFB128:
 206:MyHardWare/Src/usart.c ****   USART_InitTypeDef USART_InitStructure;
 462              		.loc 1 206 25 is_stmt 1 view -0
 463              		.cfi_startproc
 464              		@ args = 0, pretend = 0, frame = 16
 465              		@ frame_needed = 0, uses_anonymous_args = 0
 466 0000 10B5     		push	{r4, lr}
 467              	.LCFI8:
 468              		.cfi_def_cfa_offset 8
 469              		.cfi_offset 4, -8
 470              		.cfi_offset 14, -4
 471 0002 84B0     		sub	sp, sp, #16
 472              	.LCFI9:
 473              		.cfi_def_cfa_offset 24
 207:MyHardWare/Src/usart.c **** 
 474              		.loc 1 207 3 view .LVU147
 210:MyHardWare/Src/usart.c **** 
 475              		.loc 1 210 3 view .LVU148
 476 0004 0121     		movs	r1, #1
ARM GAS  C:\Users\asus\AppData\Local\Temp\ccX418yf.s 			page 16


 477 0006 1020     		movs	r0, #16
 478 0008 FFF7FEFF 		bl	RCC_APB2PeriphClockCmd
 479              	.LVL24:
 213:MyHardWare/Src/usart.c **** 
 480              		.loc 1 213 3 view .LVU149
 481 000c FFF7FEFF 		bl	USART_GPIO_Config
 482              	.LVL25:
 216:MyHardWare/Src/usart.c ****   USART_InitStructure.USART_WordLength = USART_WordLength_8b; // ж•°жҚ®дҪҚ 8 дҪҚ
 483              		.loc 1 216 3 view .LVU150
 216:MyHardWare/Src/usart.c ****   USART_InitStructure.USART_WordLength = USART_WordLength_8b; // ж•°жҚ®дҪҚ 8 дҪҚ
 484              		.loc 1 216 38 is_stmt 0 view .LVU151
 485 0010 4FF4E133 		mov	r3, #115200
 486 0014 0093     		str	r3, [sp]
 217:MyHardWare/Src/usart.c ****   USART_InitStructure.USART_StopBits = USART_StopBits_1;      // еҒңжӯўдҪҚ 1 дҪҚ
 487              		.loc 1 217 3 is_stmt 1 view .LVU152
 217:MyHardWare/Src/usart.c ****   USART_InitStructure.USART_StopBits = USART_StopBits_1;      // еҒңжӯўдҪҚ 1 дҪҚ
 488              		.loc 1 217 40 is_stmt 0 view .LVU153
 489 0016 0023     		movs	r3, #0
 490 0018 ADF80430 		strh	r3, [sp, #4]	@ movhi
 218:MyHardWare/Src/usart.c ****   USART_InitStructure.USART_Parity = USART_Parity_No;         // ж— ж ЎйӘҢ
 491              		.loc 1 218 3 is_stmt 1 view .LVU154
 218:MyHardWare/Src/usart.c ****   USART_InitStructure.USART_Parity = USART_Parity_No;         // ж— ж ЎйӘҢ
 492              		.loc 1 218 38 is_stmt 0 view .LVU155
 493 001c ADF80630 		strh	r3, [sp, #6]	@ movhi
 219:MyHardWare/Src/usart.c ****   USART_InitStructure.USART_Mode =
 494              		.loc 1 219 3 is_stmt 1 view .LVU156
 219:MyHardWare/Src/usart.c ****   USART_InitStructure.USART_Mode =
 495              		.loc 1 219 36 is_stmt 0 view .LVU157
 496 0020 ADF80830 		strh	r3, [sp, #8]	@ movhi
 220:MyHardWare/Src/usart.c ****       USART_Mode_Rx | USART_Mode_Tx; // еҸ‘йҖҒе’ҢжҺҘж”¶жЁЎејҸ
 497              		.loc 1 220 3 is_stmt 1 view .LVU158
 220:MyHardWare/Src/usart.c ****       USART_Mode_Rx | USART_Mode_Tx; // еҸ‘йҖҒе’ҢжҺҘж”¶жЁЎејҸ
 498              		.loc 1 220 34 is_stmt 0 view .LVU159
 499 0024 0C22     		movs	r2, #12
 500 0026 ADF80A20 		strh	r2, [sp, #10]	@ movhi
 222:MyHardWare/Src/usart.c ****       USART_HardwareFlowControl_None; // дёҚдҪҝз”ЁзЎ¬д»¶жөҒжҺ§еҲ¶
 501              		.loc 1 222 3 is_stmt 1 view .LVU160
 222:MyHardWare/Src/usart.c ****       USART_HardwareFlowControl_None; // дёҚдҪҝз”ЁзЎ¬д»¶жөҒжҺ§еҲ¶
 502              		.loc 1 222 49 is_stmt 0 view .LVU161
 503 002a ADF80C30 		strh	r3, [sp, #12]	@ movhi
 225:MyHardWare/Src/usart.c ****   USART_DMACmd(USART1, USART_DMAReq_Rx, ENABLE);
 504              		.loc 1 225 3 is_stmt 1 view .LVU162
 505 002e 0A4C     		ldr	r4, .L23
 506 0030 0122     		movs	r2, #1
 507 0032 8021     		movs	r1, #128
 508 0034 2046     		mov	r0, r4
 509 0036 FFF7FEFF 		bl	USART_DMACmd
 510              	.LVL26:
 226:MyHardWare/Src/usart.c **** 
 511              		.loc 1 226 3 view .LVU163
 512 003a 0122     		movs	r2, #1
 513 003c 4021     		movs	r1, #64
 514 003e 2046     		mov	r0, r4
 515 0040 FFF7FEFF 		bl	USART_DMACmd
 516              	.LVL27:
 228:MyHardWare/Src/usart.c ****   USART_Cmd(USART1, ENABLE);                // дҪҝиғҪдёІеҸЈ 1
 517              		.loc 1 228 3 view .LVU164
ARM GAS  C:\Users\asus\AppData\Local\Temp\ccX418yf.s 			page 17


 518 0044 6946     		mov	r1, sp
 519 0046 2046     		mov	r0, r4
 520 0048 FFF7FEFF 		bl	USART_Init
 521              	.LVL28:
 229:MyHardWare/Src/usart.c **** }
 522              		.loc 1 229 3 view .LVU165
 523 004c 0121     		movs	r1, #1
 524 004e 2046     		mov	r0, r4
 525 0050 FFF7FEFF 		bl	USART_Cmd
 526              	.LVL29:
 230:MyHardWare/Src/usart.c **** 
 527              		.loc 1 230 1 is_stmt 0 view .LVU166
 528 0054 04B0     		add	sp, sp, #16
 529              	.LCFI10:
 530              		.cfi_def_cfa_offset 8
 531              		@ sp needed
 532 0056 10BD     		pop	{r4, pc}
 533              	.L24:
 534              		.align	2
 535              	.L23:
 536 0058 00100140 		.word	1073811456
 537              		.cfi_endproc
 538              	.LFE128:
 540              		.section	.text.UART1_SendByte,"ax",%progbits
 541              		.align	1
 542              		.global	UART1_SendByte
 543              		.syntax unified
 544              		.thumb
 545              		.thumb_func
 547              	UART1_SendByte:
 548              	.LVL30:
 549              	.LFB130:
 257:MyHardWare/Src/usart.c ****   /* зӯүеҫ…еҸ‘йҖҒзј“еҶІеҢәдёәз©ә */
 550              		.loc 1 257 35 is_stmt 1 view -0
 551              		.cfi_startproc
 552              		@ args = 0, pretend = 0, frame = 0
 553              		@ frame_needed = 0, uses_anonymous_args = 0
 257:MyHardWare/Src/usart.c ****   /* зӯүеҫ…еҸ‘йҖҒзј“еҶІеҢәдёәз©ә */
 554              		.loc 1 257 35 is_stmt 0 view .LVU168
 555 0000 10B5     		push	{r4, lr}
 556              	.LCFI11:
 557              		.cfi_def_cfa_offset 8
 558              		.cfi_offset 4, -8
 559              		.cfi_offset 14, -4
 560 0002 0446     		mov	r4, r0
 259:MyHardWare/Src/usart.c ****     ;
 561              		.loc 1 259 3 is_stmt 1 view .LVU169
 562              	.LVL31:
 563              	.L26:
 259:MyHardWare/Src/usart.c ****     ;
 564              		.loc 1 259 54 discriminator 1 view .LVU170
 259:MyHardWare/Src/usart.c ****     ;
 565              		.loc 1 259 10 is_stmt 0 discriminator 1 view .LVU171
 566 0004 8021     		movs	r1, #128
 567 0006 0548     		ldr	r0, .L28
 568 0008 FFF7FEFF 		bl	USART_GetFlagStatus
 569              	.LVL32:
ARM GAS  C:\Users\asus\AppData\Local\Temp\ccX418yf.s 			page 18


 259:MyHardWare/Src/usart.c ****     ;
 570              		.loc 1 259 54 discriminator 1 view .LVU172
 571 000c 0028     		cmp	r0, #0
 572 000e F9D0     		beq	.L26
 263:MyHardWare/Src/usart.c **** }
 573              		.loc 1 263 3 is_stmt 1 view .LVU173
 574 0010 2146     		mov	r1, r4
 575 0012 0248     		ldr	r0, .L28
 576 0014 FFF7FEFF 		bl	USART_SendData
 577              	.LVL33:
 264:MyHardWare/Src/usart.c **** 
 578              		.loc 1 264 1 is_stmt 0 view .LVU174
 579 0018 10BD     		pop	{r4, pc}
 580              	.LVL34:
 581              	.L29:
 264:MyHardWare/Src/usart.c **** 
 582              		.loc 1 264 1 view .LVU175
 583 001a 00BF     		.align	2
 584              	.L28:
 585 001c 00100140 		.word	1073811456
 586              		.cfi_endproc
 587              	.LFE130:
 589              		.section	.text.__io_putchar,"ax",%progbits
 590              		.align	1
 591              		.global	__io_putchar
 592              		.syntax unified
 593              		.thumb
 594              		.thumb_func
 596              	__io_putchar:
 597              	.LVL35:
 598              	.LFB131:
 273:MyHardWare/Src/usart.c ****   // е°қиҜ•е°Ҷж•°жҚ®еҶҷе…ҘзҺҜеҪўзј“еҶІеҢә
 599              		.loc 1 273 26 is_stmt 1 view -0
 600              		.cfi_startproc
 601              		@ args = 0, pretend = 0, frame = 0
 602              		@ frame_needed = 0, uses_anonymous_args = 0
 273:MyHardWare/Src/usart.c ****   // е°қиҜ•е°Ҷж•°жҚ®еҶҷе…ҘзҺҜеҪўзј“еҶІеҢә
 603              		.loc 1 273 26 is_stmt 0 view .LVU177
 604 0000 38B5     		push	{r3, r4, r5, lr}
 605              	.LCFI12:
 606              		.cfi_def_cfa_offset 16
 607              		.cfi_offset 3, -16
 608              		.cfi_offset 4, -12
 609              		.cfi_offset 5, -8
 610              		.cfi_offset 14, -4
 611 0002 0546     		mov	r5, r0
 275:MyHardWare/Src/usart.c ****   while (RingBuffer_Push(&tx_queue, (uint8_t)ch) == 0) {
 612              		.loc 1 275 3 is_stmt 1 view .LVU178
 613              	.LVL36:
 276:MyHardWare/Src/usart.c ****     // зј“еҶІеҢәж»ЎпјҢзӯүеҫ…жңүз©әй—Із©әй—ҙ
 614              		.loc 1 276 3 view .LVU179
 275:MyHardWare/Src/usart.c ****   while (RingBuffer_Push(&tx_queue, (uint8_t)ch) == 0) {
 615              		.loc 1 275 12 is_stmt 0 view .LVU180
 616 0004 0024     		movs	r4, #0
 617              	.LVL37:
 618              	.L31:
 276:MyHardWare/Src/usart.c ****     // зј“еҶІеҢәж»ЎпјҢзӯүеҫ…жңүз©әй—Із©әй—ҙ
ARM GAS  C:\Users\asus\AppData\Local\Temp\ccX418yf.s 			page 19


 619              		.loc 1 276 50 is_stmt 1 view .LVU181
 276:MyHardWare/Src/usart.c ****     // зј“еҶІеҢәж»ЎпјҢзӯүеҫ…жңүз©әй—Із©әй—ҙ
 620              		.loc 1 276 10 is_stmt 0 view .LVU182
 621 0006 E9B2     		uxtb	r1, r5
 622 0008 0D48     		ldr	r0, .L37
 623 000a FFF7FEFF 		bl	RingBuffer_Push
 624              	.LVL38:
 276:MyHardWare/Src/usart.c ****     // зј“еҶІеҢәж»ЎпјҢзӯүеҫ…жңүз©әй—Із©әй—ҙ
 625              		.loc 1 276 50 discriminator 1 view .LVU183
 626 000e 48B9     		cbnz	r0, .L32
 278:MyHardWare/Src/usart.c ****     if ((count++) >= 1000) {
 627              		.loc 1 278 5 is_stmt 1 view .LVU184
 628 0010 0120     		movs	r0, #1
 629 0012 FFF7FEFF 		bl	delay_us
 630              	.LVL39:
 279:MyHardWare/Src/usart.c ****       break; // зӯүеҫ…и¶…иҝҮ 1msпјҢж”ҫејғеҸ‘йҖҒ
 631              		.loc 1 279 5 view .LVU185
 279:MyHardWare/Src/usart.c ****       break; // зӯүеҫ…и¶…иҝҮ 1msпјҢж”ҫејғеҸ‘йҖҒ
 632              		.loc 1 279 15 is_stmt 0 view .LVU186
 633 0016 631C     		adds	r3, r4, #1
 634 0018 9BB2     		uxth	r3, r3
 635              	.LVL40:
 279:MyHardWare/Src/usart.c ****       break; // зӯүеҫ…и¶…иҝҮ 1msпјҢж”ҫејғеҸ‘йҖҒ
 636              		.loc 1 279 8 view .LVU187
 637 001a B4F57A7F 		cmp	r4, #1000
 638 001e 01D2     		bcs	.L32
 279:MyHardWare/Src/usart.c ****       break; // зӯүеҫ…и¶…иҝҮ 1msпјҢж”ҫејғеҸ‘йҖҒ
 639              		.loc 1 279 15 view .LVU188
 640 0020 1C46     		mov	r4, r3
 641 0022 F0E7     		b	.L31
 642              	.LVL41:
 643              	.L32:
 286:MyHardWare/Src/usart.c ****     USART_StartDMA_TX();
 644              		.loc 1 286 3 is_stmt 1 view .LVU189
 286:MyHardWare/Src/usart.c ****     USART_StartDMA_TX();
 645              		.loc 1 286 16 is_stmt 0 view .LVU190
 646 0024 064B     		ldr	r3, .L37
 647 0026 9B7A     		ldrb	r3, [r3, #10]	@ zero_extendqisi2
 286:MyHardWare/Src/usart.c ****     USART_StartDMA_TX();
 648              		.loc 1 286 6 view .LVU191
 649 0028 0BB1     		cbz	r3, .L36
 650              	.L34:
 290:MyHardWare/Src/usart.c **** }
 651              		.loc 1 290 3 is_stmt 1 view .LVU192
 291:MyHardWare/Src/usart.c **** 
 652              		.loc 1 291 1 is_stmt 0 view .LVU193
 653 002a 2846     		mov	r0, r5
 654 002c 38BD     		pop	{r3, r4, r5, pc}
 655              	.LVL42:
 656              	.L36:
 286:MyHardWare/Src/usart.c ****     USART_StartDMA_TX();
 657              		.loc 1 286 36 discriminator 1 view .LVU194
 658 002e 0448     		ldr	r0, .L37
 659 0030 FFF7FEFF 		bl	RingBuffer_IsEmpty
 660              	.LVL43:
 286:MyHardWare/Src/usart.c ****     USART_StartDMA_TX();
 661              		.loc 1 286 32 discriminator 1 view .LVU195
ARM GAS  C:\Users\asus\AppData\Local\Temp\ccX418yf.s 			page 20


 662 0034 0028     		cmp	r0, #0
 663 0036 F8D1     		bne	.L34
 287:MyHardWare/Src/usart.c ****   }
 664              		.loc 1 287 5 is_stmt 1 view .LVU196
 665 0038 FFF7FEFF 		bl	USART_StartDMA_TX
 666              	.LVL44:
 667 003c F5E7     		b	.L34
 668              	.L38:
 669 003e 00BF     		.align	2
 670              	.L37:
 671 0040 00000000 		.word	tx_queue
 672              		.cfi_endproc
 673              	.LFE131:
 675              		.section	.text.UART1_SendData,"ax",%progbits
 676              		.align	1
 677              		.global	UART1_SendData
 678              		.syntax unified
 679              		.thumb
 680              		.thumb_func
 682              	UART1_SendData:
 683              	.LVL45:
 684              	.LFB132:
 299:MyHardWare/Src/usart.c ****   for (uint16_t i = 0; i < size; i++) {
 685              		.loc 1 299 54 view -0
 686              		.cfi_startproc
 687              		@ args = 0, pretend = 0, frame = 0
 688              		@ frame_needed = 0, uses_anonymous_args = 0
 299:MyHardWare/Src/usart.c ****   for (uint16_t i = 0; i < size; i++) {
 689              		.loc 1 299 54 is_stmt 0 view .LVU198
 690 0000 F8B5     		push	{r3, r4, r5, r6, r7, lr}
 691              	.LCFI13:
 692              		.cfi_def_cfa_offset 24
 693              		.cfi_offset 3, -24
 694              		.cfi_offset 4, -20
 695              		.cfi_offset 5, -16
 696              		.cfi_offset 6, -12
 697              		.cfi_offset 7, -8
 698              		.cfi_offset 14, -4
 699 0002 0746     		mov	r7, r0
 700 0004 0E46     		mov	r6, r1
 300:MyHardWare/Src/usart.c ****     uint16_t data = buffer[i]; // иҺ·еҸ–еҪ“еүҚ 16 дҪҚж•°жҚ®
 701              		.loc 1 300 3 is_stmt 1 view .LVU199
 702              	.LBB2:
 300:MyHardWare/Src/usart.c ****     uint16_t data = buffer[i]; // иҺ·еҸ–еҪ“еүҚ 16 дҪҚж•°жҚ®
 703              		.loc 1 300 8 view .LVU200
 704              	.LVL46:
 300:MyHardWare/Src/usart.c ****     uint16_t data = buffer[i]; // иҺ·еҸ–еҪ“еүҚ 16 дҪҚж•°жҚ®
 705              		.loc 1 300 17 is_stmt 0 view .LVU201
 706 0006 0024     		movs	r4, #0
 300:MyHardWare/Src/usart.c ****     uint16_t data = buffer[i]; // иҺ·еҸ–еҪ“еүҚ 16 дҪҚж•°жҚ®
 707              		.loc 1 300 3 view .LVU202
 708 0008 17E0     		b	.L40
 709              	.LVL47:
 710              	.L43:
 711              	.LBB3:
 301:MyHardWare/Src/usart.c **** 
 712              		.loc 1 301 5 is_stmt 1 view .LVU203
ARM GAS  C:\Users\asus\AppData\Local\Temp\ccX418yf.s 			page 21


 301:MyHardWare/Src/usart.c **** 
 713              		.loc 1 301 14 is_stmt 0 view .LVU204
 714 000a 37F81450 		ldrh	r5, [r7, r4, lsl #1]
 715              	.LVL48:
 304:MyHardWare/Src/usart.c ****     while (USART_GetFlagStatus(USART1, USART_FLAG_TXE) == RESET)
 716              		.loc 1 304 5 is_stmt 1 view .LVU205
 717 000e 290A     		lsrs	r1, r5, #8
 718 0010 0B48     		ldr	r0, .L45
 719 0012 FFF7FEFF 		bl	USART_SendData
 720              	.LVL49:
 305:MyHardWare/Src/usart.c ****       ; // зӯүеҫ…еҸ‘йҖҒе®ҢжҲҗ
 721              		.loc 1 305 5 view .LVU206
 722              	.L41:
 305:MyHardWare/Src/usart.c ****       ; // зӯүеҫ…еҸ‘йҖҒе®ҢжҲҗ
 723              		.loc 1 305 56 discriminator 1 view .LVU207
 305:MyHardWare/Src/usart.c ****       ; // зӯүеҫ…еҸ‘йҖҒе®ҢжҲҗ
 724              		.loc 1 305 12 is_stmt 0 discriminator 1 view .LVU208
 725 0016 8021     		movs	r1, #128
 726 0018 0948     		ldr	r0, .L45
 727 001a FFF7FEFF 		bl	USART_GetFlagStatus
 728              	.LVL50:
 305:MyHardWare/Src/usart.c ****       ; // зӯүеҫ…еҸ‘йҖҒе®ҢжҲҗ
 729              		.loc 1 305 56 discriminator 1 view .LVU209
 730 001e 0028     		cmp	r0, #0
 731 0020 F9D0     		beq	.L41
 309:MyHardWare/Src/usart.c ****     while (USART_GetFlagStatus(USART1, USART_FLAG_TXE) == RESET)
 732              		.loc 1 309 5 is_stmt 1 view .LVU210
 733 0022 E9B2     		uxtb	r1, r5
 734 0024 0648     		ldr	r0, .L45
 735 0026 FFF7FEFF 		bl	USART_SendData
 736              	.LVL51:
 310:MyHardWare/Src/usart.c ****       ; // зӯүеҫ…еҸ‘йҖҒе®ҢжҲҗ
 737              		.loc 1 310 5 view .LVU211
 738              	.L42:
 310:MyHardWare/Src/usart.c ****       ; // зӯүеҫ…еҸ‘йҖҒе®ҢжҲҗ
 739              		.loc 1 310 56 discriminator 1 view .LVU212
 310:MyHardWare/Src/usart.c ****       ; // зӯүеҫ…еҸ‘йҖҒе®ҢжҲҗ
 740              		.loc 1 310 12 is_stmt 0 discriminator 1 view .LVU213
 741 002a 8021     		movs	r1, #128
 742 002c 0448     		ldr	r0, .L45
 743 002e FFF7FEFF 		bl	USART_GetFlagStatus
 744              	.LVL52:
 310:MyHardWare/Src/usart.c ****       ; // зӯүеҫ…еҸ‘йҖҒе®ҢжҲҗ
 745              		.loc 1 310 56 discriminator 1 view .LVU214
 746 0032 0028     		cmp	r0, #0
 747 0034 F9D0     		beq	.L42
 748              	.LBE3:
 300:MyHardWare/Src/usart.c ****     uint16_t data = buffer[i]; // иҺ·еҸ–еҪ“еүҚ 16 дҪҚж•°жҚ®
 749              		.loc 1 300 35 is_stmt 1 discriminator 2 view .LVU215
 750 0036 0134     		adds	r4, r4, #1
 751              	.LVL53:
 300:MyHardWare/Src/usart.c ****     uint16_t data = buffer[i]; // иҺ·еҸ–еҪ“еүҚ 16 дҪҚж•°жҚ®
 752              		.loc 1 300 35 is_stmt 0 discriminator 2 view .LVU216
 753 0038 A4B2     		uxth	r4, r4
 754              	.LVL54:
 755              	.L40:
 300:MyHardWare/Src/usart.c ****     uint16_t data = buffer[i]; // иҺ·еҸ–еҪ“еүҚ 16 дҪҚж•°жҚ®
ARM GAS  C:\Users\asus\AppData\Local\Temp\ccX418yf.s 			page 22


 756              		.loc 1 300 26 is_stmt 1 discriminator 1 view .LVU217
 757 003a B442     		cmp	r4, r6
 758 003c E5D3     		bcc	.L43
 759              	.LBE2:
 313:MyHardWare/Src/usart.c **** 
 760              		.loc 1 313 1 is_stmt 0 view .LVU218
 761 003e F8BD     		pop	{r3, r4, r5, r6, r7, pc}
 762              	.LVL55:
 763              	.L46:
 313:MyHardWare/Src/usart.c **** 
 764              		.loc 1 313 1 view .LVU219
 765              		.align	2
 766              	.L45:
 767 0040 00100140 		.word	1073811456
 768              		.cfi_endproc
 769              	.LFE132:
 771              		.section	.text.UART1_DMA_Start_RX,"ax",%progbits
 772              		.align	1
 773              		.global	UART1_DMA_Start_RX
 774              		.syntax unified
 775              		.thumb
 776              		.thumb_func
 778              	UART1_DMA_Start_RX:
 779              	.LFB133:
 319:MyHardWare/Src/usart.c ****   DMA2_Stream2->M0AR = (uint32_t)rx_queue.buffer;
 780              		.loc 1 319 31 is_stmt 1 view -0
 781              		.cfi_startproc
 782              		@ args = 0, pretend = 0, frame = 0
 783              		@ frame_needed = 0, uses_anonymous_args = 0
 784 0000 10B5     		push	{r4, lr}
 785              	.LCFI14:
 786              		.cfi_def_cfa_offset 8
 787              		.cfi_offset 4, -8
 788              		.cfi_offset 14, -4
 320:MyHardWare/Src/usart.c ****   DMA2_Stream2->NDTR = rx_queue.size;
 789              		.loc 1 320 3 view .LVU221
 320:MyHardWare/Src/usart.c ****   DMA2_Stream2->NDTR = rx_queue.size;
 790              		.loc 1 320 42 is_stmt 0 view .LVU222
 791 0002 064C     		ldr	r4, .L49
 792 0004 2268     		ldr	r2, [r4]
 320:MyHardWare/Src/usart.c ****   DMA2_Stream2->NDTR = rx_queue.size;
 793              		.loc 1 320 22 view .LVU223
 794 0006 064B     		ldr	r3, .L49+4
 795 0008 DA64     		str	r2, [r3, #76]
 321:MyHardWare/Src/usart.c ****   DMA_Cmd(DMA2_Stream2, ENABLE);
 796              		.loc 1 321 3 is_stmt 1 view .LVU224
 321:MyHardWare/Src/usart.c ****   DMA_Cmd(DMA2_Stream2, ENABLE);
 797              		.loc 1 321 32 is_stmt 0 view .LVU225
 798 000a A288     		ldrh	r2, [r4, #4]
 321:MyHardWare/Src/usart.c ****   DMA_Cmd(DMA2_Stream2, ENABLE);
 799              		.loc 1 321 22 view .LVU226
 800 000c 5A64     		str	r2, [r3, #68]
 322:MyHardWare/Src/usart.c ****   rx_queue.is_dma_enabled = 1;
 801              		.loc 1 322 3 is_stmt 1 view .LVU227
 802 000e 0121     		movs	r1, #1
 803 0010 0448     		ldr	r0, .L49+8
 804 0012 FFF7FEFF 		bl	DMA_Cmd
ARM GAS  C:\Users\asus\AppData\Local\Temp\ccX418yf.s 			page 23


 805              	.LVL56:
 323:MyHardWare/Src/usart.c **** }
 806              		.loc 1 323 3 view .LVU228
 323:MyHardWare/Src/usart.c **** }
 807              		.loc 1 323 27 is_stmt 0 view .LVU229
 808 0016 0123     		movs	r3, #1
 809 0018 A372     		strb	r3, [r4, #10]
 324:MyHardWare/Src/usart.c **** 
 810              		.loc 1 324 1 view .LVU230
 811 001a 10BD     		pop	{r4, pc}
 812              	.L50:
 813              		.align	2
 814              	.L49:
 815 001c 00000000 		.word	rx_queue
 816 0020 00640240 		.word	1073898496
 817 0024 40640240 		.word	1073898560
 818              		.cfi_endproc
 819              	.LFE133:
 821              		.section	.text.USART1_Init,"ax",%progbits
 822              		.align	1
 823              		.global	USART1_Init
 824              		.syntax unified
 825              		.thumb
 826              		.thumb_func
 828              	USART1_Init:
 829              	.LFB129:
 237:MyHardWare/Src/usart.c ****   // еҲқе§ӢеҢ–еҸ‘йҖҒе’ҢжҺҘж”¶зҺҜеҪўзј“еҶІеҢә
 830              		.loc 1 237 24 is_stmt 1 view -0
 831              		.cfi_startproc
 832              		@ args = 0, pretend = 0, frame = 0
 833              		@ frame_needed = 0, uses_anonymous_args = 0
 834 0000 08B5     		push	{r3, lr}
 835              	.LCFI15:
 836              		.cfi_def_cfa_offset 8
 837              		.cfi_offset 3, -8
 838              		.cfi_offset 14, -4
 239:MyHardWare/Src/usart.c ****   RingBuffer_Init(&rx_queue, dma_rx_buffer, USART_DMA_RX_BUFFER_SIZE);
 839              		.loc 1 239 3 view .LVU232
 840 0002 4FF48072 		mov	r2, #256
 841 0006 0849     		ldr	r1, .L53
 842 0008 0848     		ldr	r0, .L53+4
 843 000a FFF7FEFF 		bl	RingBuffer_Init
 844              	.LVL57:
 240:MyHardWare/Src/usart.c **** 
 845              		.loc 1 240 3 view .LVU233
 846 000e 4FF48072 		mov	r2, #256
 847 0012 0749     		ldr	r1, .L53+8
 848 0014 0748     		ldr	r0, .L53+12
 849 0016 FFF7FEFF 		bl	RingBuffer_Init
 850              	.LVL58:
 243:MyHardWare/Src/usart.c **** 
 851              		.loc 1 243 3 view .LVU234
 852 001a FFF7FEFF 		bl	USART1_DMA_Init
 853              	.LVL59:
 246:MyHardWare/Src/usart.c **** 
 854              		.loc 1 246 3 view .LVU235
 855 001e FFF7FEFF 		bl	Usart_Config
ARM GAS  C:\Users\asus\AppData\Local\Temp\ccX418yf.s 			page 24


 856              	.LVL60:
 249:MyHardWare/Src/usart.c **** }
 857              		.loc 1 249 3 view .LVU236
 858 0022 FFF7FEFF 		bl	UART1_DMA_Start_RX
 859              	.LVL61:
 250:MyHardWare/Src/usart.c **** 
 860              		.loc 1 250 1 is_stmt 0 view .LVU237
 861 0026 08BD     		pop	{r3, pc}
 862              	.L54:
 863              		.align	2
 864              	.L53:
 865 0028 00000000 		.word	dma_tx_buffer
 866 002c 00000000 		.word	tx_queue
 867 0030 00000000 		.word	dma_rx_buffer
 868 0034 00000000 		.word	rx_queue
 869              		.cfi_endproc
 870              	.LFE129:
 872              		.section	.text.DMA2_Stream2_IRQHandler,"ax",%progbits
 873              		.align	1
 874              		.global	DMA2_Stream2_IRQHandler
 875              		.syntax unified
 876              		.thumb
 877              		.thumb_func
 879              	DMA2_Stream2_IRQHandler:
 880              	.LFB135:
 358:MyHardWare/Src/usart.c **** 
 359:MyHardWare/Src/usart.c **** /**
 360:MyHardWare/Src/usart.c ****  * @brief  DMA2 Stream5 дёӯж–ӯжңҚеҠЎеҮҪж•°пјҲUSART1 RXпјү
 361:MyHardWare/Src/usart.c ****  *         еӨ„зҗҶ DMA жҺҘж”¶е®ҢжҲҗдёӯж–ӯпјҢйҮҚж–°еҗҜеҠЁ DMA жҺҘж”¶
 362:MyHardWare/Src/usart.c ****  */
 363:MyHardWare/Src/usart.c **** void DMA2_Stream2_IRQHandler(void) {
 881              		.loc 1 363 36 is_stmt 1 view -0
 882              		.cfi_startproc
 883              		@ args = 0, pretend = 0, frame = 0
 884              		@ frame_needed = 0, uses_anonymous_args = 0
 885 0000 08B5     		push	{r3, lr}
 886              	.LCFI16:
 887              		.cfi_def_cfa_offset 8
 888              		.cfi_offset 3, -8
 889              		.cfi_offset 14, -4
 364:MyHardWare/Src/usart.c ****   if (DMA_GetITStatus(DMA2_Stream2, DMA_IT_TCIF2) != RESET) {
 890              		.loc 1 364 3 view .LVU239
 891              		.loc 1 364 7 is_stmt 0 view .LVU240
 892 0002 0A49     		ldr	r1, .L59
 893 0004 0A48     		ldr	r0, .L59+4
 894 0006 FFF7FEFF 		bl	DMA_GetITStatus
 895              	.LVL62:
 896              		.loc 1 364 6 discriminator 1 view .LVU241
 897 000a 00B9     		cbnz	r0, .L58
 898              	.L55:
 365:MyHardWare/Src/usart.c ****     DMA_ClearITPendingBit(DMA2_Stream2, DMA_IT_TCIF2);
 366:MyHardWare/Src/usart.c ****     dma_rx_transfer_complete = 1;
 367:MyHardWare/Src/usart.c ****     DMA_Cmd(DMA2_Stream5, DISABLE);
 368:MyHardWare/Src/usart.c ****     UART1_DMA_Start_RX();
 369:MyHardWare/Src/usart.c ****   }
 370:MyHardWare/Src/usart.c **** }
 899              		.loc 1 370 1 view .LVU242
ARM GAS  C:\Users\asus\AppData\Local\Temp\ccX418yf.s 			page 25


 900 000c 08BD     		pop	{r3, pc}
 901              	.L58:
 365:MyHardWare/Src/usart.c ****     DMA_ClearITPendingBit(DMA2_Stream2, DMA_IT_TCIF2);
 902              		.loc 1 365 5 is_stmt 1 view .LVU243
 903 000e 0749     		ldr	r1, .L59
 904 0010 0748     		ldr	r0, .L59+4
 905 0012 FFF7FEFF 		bl	DMA_ClearITPendingBit
 906              	.LVL63:
 366:MyHardWare/Src/usart.c ****     DMA_Cmd(DMA2_Stream5, DISABLE);
 907              		.loc 1 366 5 view .LVU244
 366:MyHardWare/Src/usart.c ****     DMA_Cmd(DMA2_Stream5, DISABLE);
 908              		.loc 1 366 30 is_stmt 0 view .LVU245
 909 0016 074B     		ldr	r3, .L59+8
 910 0018 0122     		movs	r2, #1
 911 001a 1A70     		strb	r2, [r3]
 367:MyHardWare/Src/usart.c ****     UART1_DMA_Start_RX();
 912              		.loc 1 367 5 is_stmt 1 view .LVU246
 913 001c 0021     		movs	r1, #0
 914 001e 0648     		ldr	r0, .L59+12
 915 0020 FFF7FEFF 		bl	DMA_Cmd
 916              	.LVL64:
 368:MyHardWare/Src/usart.c ****   }
 917              		.loc 1 368 5 view .LVU247
 918 0024 FFF7FEFF 		bl	UART1_DMA_Start_RX
 919              	.LVL65:
 920              		.loc 1 370 1 is_stmt 0 view .LVU248
 921 0028 F0E7     		b	.L55
 922              	.L60:
 923 002a 00BF     		.align	2
 924              	.L59:
 925 002c 00802010 		.word	270565376
 926 0030 40640240 		.word	1073898560
 927 0034 00000000 		.word	dma_rx_transfer_complete
 928 0038 88640240 		.word	1073898632
 929              		.cfi_endproc
 930              	.LFE135:
 932              		.section	.text.DMA2_Stream7_IRQHandler,"ax",%progbits
 933              		.align	1
 934              		.global	DMA2_Stream7_IRQHandler
 935              		.syntax unified
 936              		.thumb
 937              		.thumb_func
 939              	DMA2_Stream7_IRQHandler:
 940              	.LFB136:
 371:MyHardWare/Src/usart.c **** 
 372:MyHardWare/Src/usart.c **** /**
 373:MyHardWare/Src/usart.c ****  * @brief  DMA2 Stream7 дёӯж–ӯжңҚеҠЎеҮҪж•°пјҲUSART1 TXпјү
 374:MyHardWare/Src/usart.c ****  *         еӨ„зҗҶ DMA еҸ‘йҖҒе®ҢжҲҗдёӯж–ӯпјҢжӣҙж–°иҜ»жҢҮй’ҲпјҢж №жҚ®йҳҹеҲ—зҠ¶жҖҒеҶіе®ҡжҳҜеҗҰз»§з»ӯеҸ
 375:MyHardWare/Src/usart.c ****  */
 376:MyHardWare/Src/usart.c **** 
 377:MyHardWare/Src/usart.c **** void DMA2_Stream7_IRQHandler(void) {
 941              		.loc 1 377 36 is_stmt 1 view -0
 942              		.cfi_startproc
 943              		@ args = 0, pretend = 0, frame = 0
 944              		@ frame_needed = 0, uses_anonymous_args = 0
 945 0000 10B5     		push	{r4, lr}
 946              	.LCFI17:
ARM GAS  C:\Users\asus\AppData\Local\Temp\ccX418yf.s 			page 26


 947              		.cfi_def_cfa_offset 8
 948              		.cfi_offset 4, -8
 949              		.cfi_offset 14, -4
 378:MyHardWare/Src/usart.c ****   if (DMA_GetITStatus(DMA2_Stream7, DMA_IT_TCIF7) != RESET) {
 950              		.loc 1 378 3 view .LVU250
 951              		.loc 1 378 7 is_stmt 0 view .LVU251
 952 0002 1449     		ldr	r1, .L65
 953 0004 1448     		ldr	r0, .L65+4
 954 0006 FFF7FEFF 		bl	DMA_GetITStatus
 955              	.LVL66:
 956              		.loc 1 378 6 discriminator 1 view .LVU252
 957 000a 00B9     		cbnz	r0, .L64
 958              	.L61:
 379:MyHardWare/Src/usart.c ****     DMA_ClearITPendingBit(DMA2_Stream7, DMA_IT_TCIF7);
 380:MyHardWare/Src/usart.c ****     dma_tx_transfer_complete = 1;
 381:MyHardWare/Src/usart.c ****     DMA_Cmd(DMA2_Stream7, DISABLE);
 382:MyHardWare/Src/usart.c **** 
 383:MyHardWare/Src/usart.c ****     // и®Ўз®—е·Ідј иҫ“зҡ„ж•°жҚ®й•ҝеәҰ = еҲқе§ӢеҖј - еү©дҪҷеҖј
 384:MyHardWare/Src/usart.c ****     // DMA дј иҫ“е®ҢжҲҗеҗҺ NDTR еә”иҜҘдёә 0пјҢдҪҶдёәдәҶдҝқйҷ©иө·и§ҒиҝҳжҳҜи®Ўз®—дёҖдёӢ
 385:MyHardWare/Src/usart.c ****     uint16_t transferred = last_dma_tx_count - DMA2_Stream7->NDTR;
 386:MyHardWare/Src/usart.c **** 
 387:MyHardWare/Src/usart.c ****     // и·іиҝҮе·ІиҜ»еҸ–зҡ„ж•°жҚ®пјҲз§»еҠЁ tail жҢҮй’Ҳпјү
 388:MyHardWare/Src/usart.c ****     // жіЁж„ҸпјҡиҝҷйҮҢеҸӘжҳҜз§»еҠЁйҖ»иҫ‘жҢҮй’ҲпјҢдёҚдјҡжё…йҷӨж•°жҚ®
 389:MyHardWare/Src/usart.c ****     RingBuffer_SkipRead(&tx_queue, transferred);
 390:MyHardWare/Src/usart.c ****     tx_queue.is_dma_enabled = 0;
 391:MyHardWare/Src/usart.c **** 
 392:MyHardWare/Src/usart.c ****     // е…ій”®пјҡйҮҚж–°жЈҖжҹҘйҳҹеҲ—зҠ¶жҖҒпјҢиҖҢдёҚжҳҜз®ҖеҚ•ең°еҲӨж–ӯжҳҜеҗҰдёәз©ә
 393:MyHardWare/Src/usart.c ****     // еӣ дёәеңЁ DMA дј иҫ“жңҹй—ҙпјҢprintf еҸҜиғҪеҸҲеҶҷе…ҘдәҶж–°ж•°жҚ®
 394:MyHardWare/Src/usart.c ****     if (!RingBuffer_IsEmpty(&tx_queue)) {
 395:MyHardWare/Src/usart.c ****       // йҳҹеҲ—иҝҳжңүж•°жҚ®пјҢз«ӢеҚіеҗҜеҠЁдёӢдёҖж®ө DMA дј иҫ“
 396:MyHardWare/Src/usart.c ****       // иҝҷдјҡиҮӘеҠЁеӨ„зҗҶд»ҘдёӢжғ…еҶөпјҡ
 397:MyHardWare/Src/usart.c ****       // 1. д№ӢеүҚжҳҜеҲҶж®өдј иҫ“зҡ„з¬¬дәҢж®өпјҲtail е·Іеӣһз»•еҲ° 0пјү
 398:MyHardWare/Src/usart.c ****       // 2. DMA дј иҫ“жңҹй—ҙ printf ж–°еҶҷе…Ҙзҡ„ж•°жҚ®
 399:MyHardWare/Src/usart.c ****       USART_StartDMA_TX();
 400:MyHardWare/Src/usart.c ****     }
 401:MyHardWare/Src/usart.c ****   }
 402:MyHardWare/Src/usart.c **** }
 959              		.loc 1 402 1 view .LVU253
 960 000c 10BD     		pop	{r4, pc}
 961              	.L64:
 962              	.LBB4:
 379:MyHardWare/Src/usart.c ****     DMA_ClearITPendingBit(DMA2_Stream7, DMA_IT_TCIF7);
 963              		.loc 1 379 5 is_stmt 1 view .LVU254
 964 000e 124C     		ldr	r4, .L65+4
 965 0010 1049     		ldr	r1, .L65
 966 0012 2046     		mov	r0, r4
 967 0014 FFF7FEFF 		bl	DMA_ClearITPendingBit
 968              	.LVL67:
 380:MyHardWare/Src/usart.c ****     DMA_Cmd(DMA2_Stream7, DISABLE);
 969              		.loc 1 380 5 view .LVU255
 380:MyHardWare/Src/usart.c ****     DMA_Cmd(DMA2_Stream7, DISABLE);
 970              		.loc 1 380 30 is_stmt 0 view .LVU256
 971 0018 104B     		ldr	r3, .L65+8
 972 001a 0122     		movs	r2, #1
 973 001c 1A70     		strb	r2, [r3]
 381:MyHardWare/Src/usart.c **** 
 974              		.loc 1 381 5 is_stmt 1 view .LVU257
ARM GAS  C:\Users\asus\AppData\Local\Temp\ccX418yf.s 			page 27


 975 001e 0021     		movs	r1, #0
 976 0020 2046     		mov	r0, r4
 977 0022 FFF7FEFF 		bl	DMA_Cmd
 978              	.LVL68:
 385:MyHardWare/Src/usart.c **** 
 979              		.loc 1 385 5 view .LVU258
 385:MyHardWare/Src/usart.c **** 
 980              		.loc 1 385 46 is_stmt 0 view .LVU259
 981 0026 0E4B     		ldr	r3, .L65+12
 982 0028 1988     		ldrh	r1, [r3]
 385:MyHardWare/Src/usart.c **** 
 983              		.loc 1 385 60 view .LVU260
 984 002a 0E4B     		ldr	r3, .L65+16
 985 002c D3F8BC30 		ldr	r3, [r3, #188]
 385:MyHardWare/Src/usart.c **** 
 986              		.loc 1 385 46 view .LVU261
 987 0030 9BB2     		uxth	r3, r3
 385:MyHardWare/Src/usart.c **** 
 988              		.loc 1 385 14 view .LVU262
 989 0032 C91A     		subs	r1, r1, r3
 990              	.LVL69:
 389:MyHardWare/Src/usart.c ****     tx_queue.is_dma_enabled = 0;
 991              		.loc 1 389 5 is_stmt 1 view .LVU263
 992 0034 0C4C     		ldr	r4, .L65+20
 993 0036 89B2     		uxth	r1, r1
 389:MyHardWare/Src/usart.c ****     tx_queue.is_dma_enabled = 0;
 994              		.loc 1 389 5 is_stmt 0 view .LVU264
 995 0038 2046     		mov	r0, r4
 996 003a FFF7FEFF 		bl	RingBuffer_SkipRead
 997              	.LVL70:
 390:MyHardWare/Src/usart.c **** 
 998              		.loc 1 390 5 is_stmt 1 view .LVU265
 390:MyHardWare/Src/usart.c **** 
 999              		.loc 1 390 29 is_stmt 0 view .LVU266
 1000 003e 0023     		movs	r3, #0
 1001 0040 A372     		strb	r3, [r4, #10]
 394:MyHardWare/Src/usart.c ****       // йҳҹеҲ—иҝҳжңүж•°жҚ®пјҢз«ӢеҚіеҗҜеҠЁдёӢдёҖж®ө DMA дј иҫ“
 1002              		.loc 1 394 5 is_stmt 1 view .LVU267
 394:MyHardWare/Src/usart.c ****       // йҳҹеҲ—иҝҳжңүж•°жҚ®пјҢз«ӢеҚіеҗҜеҠЁдёӢдёҖж®ө DMA дј иҫ“
 1003              		.loc 1 394 10 is_stmt 0 view .LVU268
 1004 0042 2046     		mov	r0, r4
 1005 0044 FFF7FEFF 		bl	RingBuffer_IsEmpty
 1006              	.LVL71:
 394:MyHardWare/Src/usart.c ****       // йҳҹеҲ—иҝҳжңүж•°жҚ®пјҢз«ӢеҚіеҗҜеҠЁдёӢдёҖж®ө DMA дј иҫ“
 1007              		.loc 1 394 8 discriminator 1 view .LVU269
 1008 0048 0028     		cmp	r0, #0
 1009 004a DFD1     		bne	.L61
 399:MyHardWare/Src/usart.c ****     }
 1010              		.loc 1 399 7 is_stmt 1 view .LVU270
 1011 004c FFF7FEFF 		bl	USART_StartDMA_TX
 1012              	.LVL72:
 1013              	.LBE4:
 1014              		.loc 1 402 1 is_stmt 0 view .LVU271
 1015 0050 DCE7     		b	.L61
 1016              	.L66:
 1017 0052 00BF     		.align	2
 1018              	.L65:
ARM GAS  C:\Users\asus\AppData\Local\Temp\ccX418yf.s 			page 28


 1019 0054 00800028 		.word	671121408
 1020 0058 B8640240 		.word	1073898680
 1021 005c 00000000 		.word	dma_tx_transfer_complete
 1022 0060 00000000 		.word	last_dma_tx_count
 1023 0064 00640240 		.word	1073898496
 1024 0068 00000000 		.word	tx_queue
 1025              		.cfi_endproc
 1026              	.LFE136:
 1028              		.section	.text.UART1_ReadAvailable_DMA,"ax",%progbits
 1029              		.align	1
 1030              		.global	UART1_ReadAvailable_DMA
 1031              		.syntax unified
 1032              		.thumb
 1033              		.thumb_func
 1035              	UART1_ReadAvailable_DMA:
 1036              	.LFB137:
 403:MyHardWare/Src/usart.c **** /**
 404:MyHardWare/Src/usart.c ****  * @brief  иҺ·еҸ– UART1 еҸҜиҜ»еҸ–зҡ„ж•°жҚ®й•ҝеәҰпјҲDMA жҺҘж”¶жЁЎејҸпјү
 405:MyHardWare/Src/usart.c ****  * @retval зҺҜеҪўзј“еҶІеҢәдёӯеҸҜз”Ёзҡ„ж•°жҚ®еӯ—иҠӮж•°
 406:MyHardWare/Src/usart.c ****  */
 407:MyHardWare/Src/usart.c **** uint16_t UART1_ReadAvailable_DMA(void) {
 1037              		.loc 1 407 40 is_stmt 1 view -0
 1038              		.cfi_startproc
 1039              		@ args = 0, pretend = 0, frame = 0
 1040              		@ frame_needed = 0, uses_anonymous_args = 0
 1041 0000 08B5     		push	{r3, lr}
 1042              	.LCFI18:
 1043              		.cfi_def_cfa_offset 8
 1044              		.cfi_offset 3, -8
 1045              		.cfi_offset 14, -4
 408:MyHardWare/Src/usart.c ****   return RingBuffer_Available(&rx_queue);
 1046              		.loc 1 408 3 view .LVU273
 1047              		.loc 1 408 10 is_stmt 0 view .LVU274
 1048 0002 0248     		ldr	r0, .L69
 1049 0004 FFF7FEFF 		bl	RingBuffer_Available
 1050              	.LVL73:
 409:MyHardWare/Src/usart.c **** }
 1051              		.loc 1 409 1 view .LVU275
 1052 0008 08BD     		pop	{r3, pc}
 1053              	.L70:
 1054 000a 00BF     		.align	2
 1055              	.L69:
 1056 000c 00000000 		.word	rx_queue
 1057              		.cfi_endproc
 1058              	.LFE137:
 1060              		.section	.bss.last_dma_tx_count,"aw",%nobits
 1061              		.align	1
 1064              	last_dma_tx_count:
 1065 0000 0000     		.space	2
 1066              		.global	dma_rx_transfer_complete
 1067              		.section	.bss.dma_rx_transfer_complete,"aw",%nobits
 1070              	dma_rx_transfer_complete:
 1071 0000 00       		.space	1
 1072              		.global	dma_tx_transfer_complete
 1073              		.section	.bss.dma_tx_transfer_complete,"aw",%nobits
 1076              	dma_tx_transfer_complete:
 1077 0000 00       		.space	1
ARM GAS  C:\Users\asus\AppData\Local\Temp\ccX418yf.s 			page 29


 1078              		.global	rx_queue
 1079              		.section	.bss.rx_queue,"aw",%nobits
 1080              		.align	2
 1083              	rx_queue:
 1084 0000 00000000 		.space	12
 1084      00000000 
 1084      00000000 
 1085              		.global	tx_queue
 1086              		.section	.bss.tx_queue,"aw",%nobits
 1087              		.align	2
 1090              	tx_queue:
 1091 0000 00000000 		.space	12
 1091      00000000 
 1091      00000000 
 1092              		.section	.bss.dma_rx_buffer,"aw",%nobits
 1093              		.align	2
 1096              	dma_rx_buffer:
 1097 0000 00000000 		.space	256
 1097      00000000 
 1097      00000000 
 1097      00000000 
 1097      00000000 
 1098              		.section	.bss.dma_tx_buffer,"aw",%nobits
 1099              		.align	2
 1102              	dma_tx_buffer:
 1103 0000 00000000 		.space	256
 1103      00000000 
 1103      00000000 
 1103      00000000 
 1103      00000000 
 1104              		.text
 1105              	.Letext0:
 1106              		.file 2 "C:/Program Files (x86)/Arm GNU Toolchain arm-none-eabi/13.2 Rel1/arm-none-eabi/include/ma
 1107              		.file 3 "C:/Program Files (x86)/Arm GNU Toolchain arm-none-eabi/13.2 Rel1/arm-none-eabi/include/sy
 1108              		.file 4 "MyHardWare/Inc/ring_buffer.h"
 1109              		.file 5 "CMSIS/stm32f4xx.h"
 1110              		.file 6 "Lib/StdPeriphs/inc/stm32f4xx_dma.h"
 1111              		.file 7 "Lib/StdPeriphs/inc/stm32f4xx_gpio.h"
 1112              		.file 8 "Lib/StdPeriphs/inc/stm32f4xx_usart.h"
 1113              		.file 9 "Lib/StdPeriphs/inc/misc.h"
 1114              		.file 10 "MyHardWare/Inc/usart.h"
 1115              		.file 11 "MyHardWare/Inc/delay.h"
 1116              		.file 12 "Lib/StdPeriphs/inc/stm32f4xx_rcc.h"
ARM GAS  C:\Users\asus\AppData\Local\Temp\ccX418yf.s 			page 30


DEFINED SYMBOLS
                            *ABS*:00000000 usart.c
C:\Users\asus\AppData\Local\Temp\ccX418yf.s:21     .text.USART1_DMA_Init:00000000 $t
C:\Users\asus\AppData\Local\Temp\ccX418yf.s:26     .text.USART1_DMA_Init:00000000 USART1_DMA_Init
C:\Users\asus\AppData\Local\Temp\ccX418yf.s:260    .text.USART1_DMA_Init:00000100 $d
C:\Users\asus\AppData\Local\Temp\ccX418yf.s:267    .text.USART_StartDMA_TX:00000000 $t
C:\Users\asus\AppData\Local\Temp\ccX418yf.s:272    .text.USART_StartDMA_TX:00000000 USART_StartDMA_TX
C:\Users\asus\AppData\Local\Temp\ccX418yf.s:360    .text.USART_StartDMA_TX:00000048 $d
C:\Users\asus\AppData\Local\Temp\ccX418yf.s:1090   .bss.tx_queue:00000000 tx_queue
C:\Users\asus\AppData\Local\Temp\ccX418yf.s:1064   .bss.last_dma_tx_count:00000000 last_dma_tx_count
C:\Users\asus\AppData\Local\Temp\ccX418yf.s:368    .text.USART_GPIO_Config:00000000 $t
C:\Users\asus\AppData\Local\Temp\ccX418yf.s:374    .text.USART_GPIO_Config:00000000 USART_GPIO_Config
C:\Users\asus\AppData\Local\Temp\ccX418yf.s:449    .text.USART_GPIO_Config:00000058 $d
C:\Users\asus\AppData\Local\Temp\ccX418yf.s:454    .text.Usart_Config:00000000 $t
C:\Users\asus\AppData\Local\Temp\ccX418yf.s:460    .text.Usart_Config:00000000 Usart_Config
C:\Users\asus\AppData\Local\Temp\ccX418yf.s:536    .text.Usart_Config:00000058 $d
C:\Users\asus\AppData\Local\Temp\ccX418yf.s:541    .text.UART1_SendByte:00000000 $t
C:\Users\asus\AppData\Local\Temp\ccX418yf.s:547    .text.UART1_SendByte:00000000 UART1_SendByte
C:\Users\asus\AppData\Local\Temp\ccX418yf.s:585    .text.UART1_SendByte:0000001c $d
C:\Users\asus\AppData\Local\Temp\ccX418yf.s:590    .text.__io_putchar:00000000 $t
C:\Users\asus\AppData\Local\Temp\ccX418yf.s:596    .text.__io_putchar:00000000 __io_putchar
C:\Users\asus\AppData\Local\Temp\ccX418yf.s:671    .text.__io_putchar:00000040 $d
C:\Users\asus\AppData\Local\Temp\ccX418yf.s:676    .text.UART1_SendData:00000000 $t
C:\Users\asus\AppData\Local\Temp\ccX418yf.s:682    .text.UART1_SendData:00000000 UART1_SendData
C:\Users\asus\AppData\Local\Temp\ccX418yf.s:767    .text.UART1_SendData:00000040 $d
C:\Users\asus\AppData\Local\Temp\ccX418yf.s:772    .text.UART1_DMA_Start_RX:00000000 $t
C:\Users\asus\AppData\Local\Temp\ccX418yf.s:778    .text.UART1_DMA_Start_RX:00000000 UART1_DMA_Start_RX
C:\Users\asus\AppData\Local\Temp\ccX418yf.s:815    .text.UART1_DMA_Start_RX:0000001c $d
C:\Users\asus\AppData\Local\Temp\ccX418yf.s:1083   .bss.rx_queue:00000000 rx_queue
C:\Users\asus\AppData\Local\Temp\ccX418yf.s:822    .text.USART1_Init:00000000 $t
C:\Users\asus\AppData\Local\Temp\ccX418yf.s:828    .text.USART1_Init:00000000 USART1_Init
C:\Users\asus\AppData\Local\Temp\ccX418yf.s:865    .text.USART1_Init:00000028 $d
C:\Users\asus\AppData\Local\Temp\ccX418yf.s:1102   .bss.dma_tx_buffer:00000000 dma_tx_buffer
C:\Users\asus\AppData\Local\Temp\ccX418yf.s:1096   .bss.dma_rx_buffer:00000000 dma_rx_buffer
C:\Users\asus\AppData\Local\Temp\ccX418yf.s:873    .text.DMA2_Stream2_IRQHandler:00000000 $t
C:\Users\asus\AppData\Local\Temp\ccX418yf.s:879    .text.DMA2_Stream2_IRQHandler:00000000 DMA2_Stream2_IRQHandler
C:\Users\asus\AppData\Local\Temp\ccX418yf.s:925    .text.DMA2_Stream2_IRQHandler:0000002c $d
C:\Users\asus\AppData\Local\Temp\ccX418yf.s:1070   .bss.dma_rx_transfer_complete:00000000 dma_rx_transfer_complete
C:\Users\asus\AppData\Local\Temp\ccX418yf.s:933    .text.DMA2_Stream7_IRQHandler:00000000 $t
C:\Users\asus\AppData\Local\Temp\ccX418yf.s:939    .text.DMA2_Stream7_IRQHandler:00000000 DMA2_Stream7_IRQHandler
C:\Users\asus\AppData\Local\Temp\ccX418yf.s:1019   .text.DMA2_Stream7_IRQHandler:00000054 $d
C:\Users\asus\AppData\Local\Temp\ccX418yf.s:1076   .bss.dma_tx_transfer_complete:00000000 dma_tx_transfer_complete
C:\Users\asus\AppData\Local\Temp\ccX418yf.s:1029   .text.UART1_ReadAvailable_DMA:00000000 $t
C:\Users\asus\AppData\Local\Temp\ccX418yf.s:1035   .text.UART1_ReadAvailable_DMA:00000000 UART1_ReadAvailable_DMA
C:\Users\asus\AppData\Local\Temp\ccX418yf.s:1056   .text.UART1_ReadAvailable_DMA:0000000c $d
C:\Users\asus\AppData\Local\Temp\ccX418yf.s:1061   .bss.last_dma_tx_count:00000000 $d
C:\Users\asus\AppData\Local\Temp\ccX418yf.s:1071   .bss.dma_rx_transfer_complete:00000000 $d
C:\Users\asus\AppData\Local\Temp\ccX418yf.s:1077   .bss.dma_tx_transfer_complete:00000000 $d
C:\Users\asus\AppData\Local\Temp\ccX418yf.s:1080   .bss.rx_queue:00000000 $d
C:\Users\asus\AppData\Local\Temp\ccX418yf.s:1087   .bss.tx_queue:00000000 $d
C:\Users\asus\AppData\Local\Temp\ccX418yf.s:1093   .bss.dma_rx_buffer:00000000 $d
C:\Users\asus\AppData\Local\Temp\ccX418yf.s:1099   .bss.dma_tx_buffer:00000000 $d

UNDEFINED SYMBOLS
RCC_AHB1PeriphClockCmd
NVIC_Init
DMA_DeInit
ARM GAS  C:\Users\asus\AppData\Local\Temp\ccX418yf.s 			page 31


DMA_GetCmdStatus
DMA_Init
DMA_ITConfig
DMA_Cmd
DMA_SetCurrDataCounter
GPIO_Init
GPIO_PinAFConfig
RCC_APB2PeriphClockCmd
USART_DMACmd
USART_Init
USART_Cmd
USART_GetFlagStatus
USART_SendData
RingBuffer_Push
delay_us
RingBuffer_IsEmpty
RingBuffer_Init
DMA_GetITStatus
DMA_ClearITPendingBit
RingBuffer_SkipRead
RingBuffer_Available
