ARM GAS  /tmp/ccQjlPGL.s 			page 1


   1              		.cpu cortex-m4
   2              		.arch armv7e-m
   3              		.fpu fpv4-sp-d16
   4              		.eabi_attribute 27, 1
   5              		.eabi_attribute 28, 1
   6              		.eabi_attribute 20, 1
   7              		.eabi_attribute 21, 1
   8              		.eabi_attribute 23, 3
   9              		.eabi_attribute 24, 1
  10              		.eabi_attribute 25, 1
  11              		.eabi_attribute 26, 1
  12              		.eabi_attribute 30, 1
  13              		.eabi_attribute 34, 1
  14              		.eabi_attribute 18, 4
  15              		.file	"wheel.c"
  16              		.text
  17              	.Ltext0:
  18              		.cfi_sections	.debug_frame
  19              		.file 1 "MyHardWare/Src/wheel.c"
  20              		.section	.text.wheel_Init,"ax",%progbits
  21              		.align	1
  22              		.global	wheel_Init
  23              		.syntax unified
  24              		.thumb
  25              		.thumb_func
  27              	wheel_Init:
  28              	.LFB123:
   1:MyHardWare/Src/wheel.c **** #include "wheel.h"
   2:MyHardWare/Src/wheel.c **** #include "stm32f4xx.h"
   3:MyHardWare/Src/wheel.c **** #include "stm32f4xx_gpio.h"
   4:MyHardWare/Src/wheel.c **** #include "stm32f4xx_rcc.h"
   5:MyHardWare/Src/wheel.c **** #include "stm32f4xx_tim.h"
   6:MyHardWare/Src/wheel.c **** volatile Wheel_Data wheel[4];
   7:MyHardWare/Src/wheel.c **** 
   8:MyHardWare/Src/wheel.c **** void wheel_Init(void) {
  29              		.loc 1 8 23 view -0
  30              		.cfi_startproc
  31              		@ args = 0, pretend = 0, frame = 40
  32              		@ frame_needed = 0, uses_anonymous_args = 0
  33 0000 30B5     		push	{r4, r5, lr}
  34              	.LCFI0:
  35              		.cfi_def_cfa_offset 12
  36              		.cfi_offset 4, -12
  37              		.cfi_offset 5, -8
  38              		.cfi_offset 14, -4
  39 0002 8BB0     		sub	sp, sp, #44
  40              	.LCFI1:
  41              		.cfi_def_cfa_offset 56
   9:MyHardWare/Src/wheel.c ****   /*GPIO   设置*/
  10:MyHardWare/Src/wheel.c ****   RCC_AHB1PeriphClockCmd(Wheel_GPIO_CLK, ENABLE);
  42              		.loc 1 10 3 view .LVU1
  43 0004 0121     		movs	r1, #1
  44 0006 0846     		mov	r0, r1
  45 0008 FFF7FEFF 		bl	RCC_AHB1PeriphClockCmd
  46              	.LVL0:
  11:MyHardWare/Src/wheel.c ****   GPIO_InitTypeDef GPIO_InitStructre;
  47              		.loc 1 11 3 view .LVU2
ARM GAS  /tmp/ccQjlPGL.s 			page 2


  12:MyHardWare/Src/wheel.c ****   GPIO_InitStructre.GPIO_OType = GPIO_OType_PP;
  48              		.loc 1 12 3 view .LVU3
  49              		.loc 1 12 32 is_stmt 0 view .LVU4
  50 000c 0024     		movs	r4, #0
  51 000e 8DF82640 		strb	r4, [sp, #38]
  13:MyHardWare/Src/wheel.c ****   GPIO_InitStructre.GPIO_Mode = GPIO_Mode_AF;
  52              		.loc 1 13 3 is_stmt 1 view .LVU5
  53              		.loc 1 13 31 is_stmt 0 view .LVU6
  54 0012 0223     		movs	r3, #2
  55 0014 8DF82430 		strb	r3, [sp, #36]
  14:MyHardWare/Src/wheel.c ****   GPIO_InitStructre.GPIO_Pin = Wheel_GPIO_Pin;
  56              		.loc 1 14 3 is_stmt 1 view .LVU7
  57              		.loc 1 14 30 is_stmt 0 view .LVU8
  58 0018 4FF4E053 		mov	r3, #7168
  59 001c 0893     		str	r3, [sp, #32]
  15:MyHardWare/Src/wheel.c ****   GPIO_InitStructre.GPIO_Speed = GPIO_Speed_100MHz;
  60              		.loc 1 15 3 is_stmt 1 view .LVU9
  61              		.loc 1 15 32 is_stmt 0 view .LVU10
  62 001e 0325     		movs	r5, #3
  63 0020 8DF82550 		strb	r5, [sp, #37]
  16:MyHardWare/Src/wheel.c ****   GPIO_Init(Wheel_GPIO_Port, &GPIO_InitStructre);
  64              		.loc 1 16 3 is_stmt 1 view .LVU11
  65 0024 08A9     		add	r1, sp, #32
  66 0026 2348     		ldr	r0, .L3
  67 0028 FFF7FEFF 		bl	GPIO_Init
  68              	.LVL1:
  17:MyHardWare/Src/wheel.c ****   /*TIM时基单元设置*/
  18:MyHardWare/Src/wheel.c ****   RCC_APB1PeriphClockCmd(Wheel_TIM_CLK, ENABLE);
  69              		.loc 1 18 3 view .LVU12
  70 002c 0121     		movs	r1, #1
  71 002e 2846     		mov	r0, r5
  72 0030 FFF7FEFF 		bl	RCC_APB1PeriphClockCmd
  73              	.LVL2:
  19:MyHardWare/Src/wheel.c ****   TIM_TimeBaseInitTypeDef TimBase_InitStructre;
  74              		.loc 1 19 3 view .LVU13
  20:MyHardWare/Src/wheel.c ****   TimBase_InitStructre.TIM_ClockDivision = TIM_CKD_DIV1;
  75              		.loc 1 20 3 view .LVU14
  76              		.loc 1 20 42 is_stmt 0 view .LVU15
  77 0034 ADF81C40 		strh	r4, [sp, #28]	@ movhi
  21:MyHardWare/Src/wheel.c ****   TimBase_InitStructre.TIM_CounterMode = TIM_CounterMode_Up;
  78              		.loc 1 21 3 is_stmt 1 view .LVU16
  79              		.loc 1 21 40 is_stmt 0 view .LVU17
  80 0038 ADF81640 		strh	r4, [sp, #22]	@ movhi
  22:MyHardWare/Src/wheel.c ****   TimBase_InitStructre.TIM_Period = 1000;
  81              		.loc 1 22 3 is_stmt 1 view .LVU18
  82              		.loc 1 22 35 is_stmt 0 view .LVU19
  83 003c 4FF47A73 		mov	r3, #1000
  84 0040 0693     		str	r3, [sp, #24]
  23:MyHardWare/Src/wheel.c ****   TimBase_InitStructre.TIM_Prescaler = 84 - 1;
  85              		.loc 1 23 3 is_stmt 1 view .LVU20
  86              		.loc 1 23 38 is_stmt 0 view .LVU21
  87 0042 5323     		movs	r3, #83
  88 0044 ADF81430 		strh	r3, [sp, #20]	@ movhi
  24:MyHardWare/Src/wheel.c ****   TIM_TimeBaseInit(Wheel_TIM_A, &TimBase_InitStructre);
  89              		.loc 1 24 3 is_stmt 1 view .LVU22
  90 0048 05A9     		add	r1, sp, #20
  91 004a 4FF08040 		mov	r0, #1073741824
ARM GAS  /tmp/ccQjlPGL.s 			page 3


  92 004e FFF7FEFF 		bl	TIM_TimeBaseInit
  93              	.LVL3:
  25:MyHardWare/Src/wheel.c ****   TIM_TimeBaseInit(Wheel_TIM_B, &TimBase_InitStructre);
  94              		.loc 1 25 3 view .LVU23
  95 0052 05A9     		add	r1, sp, #20
  96 0054 1848     		ldr	r0, .L3+4
  97 0056 FFF7FEFF 		bl	TIM_TimeBaseInit
  98              	.LVL4:
  26:MyHardWare/Src/wheel.c ****   TIM_TimeBaseInit(Wheel_TIM_C, &TimBase_InitStructre);
  99              		.loc 1 26 3 view .LVU24
 100 005a 05A9     		add	r1, sp, #20
 101 005c 1748     		ldr	r0, .L3+8
 102 005e FFF7FEFF 		bl	TIM_TimeBaseInit
 103              	.LVL5:
  27:MyHardWare/Src/wheel.c ****   TIM_TimeBaseInit(Wheel_TIM_D, &TimBase_InitStructre);
 104              		.loc 1 27 3 view .LVU25
 105 0062 05A9     		add	r1, sp, #20
 106 0064 1648     		ldr	r0, .L3+12
 107 0066 FFF7FEFF 		bl	TIM_TimeBaseInit
 108              	.LVL6:
  28:MyHardWare/Src/wheel.c ****   /*PWM初始化*/
  29:MyHardWare/Src/wheel.c ****   TIM_OCInitTypeDef TIM_OCInitStructure;
 109              		.loc 1 29 3 view .LVU26
  30:MyHardWare/Src/wheel.c **** 
  31:MyHardWare/Src/wheel.c ****   TIM_OCInitStructure.TIM_OCMode =
 110              		.loc 1 31 3 view .LVU27
 111              		.loc 1 31 34 is_stmt 0 view .LVU28
 112 006a 6023     		movs	r3, #96
 113 006c ADF80030 		strh	r3, [sp]	@ movhi
  32:MyHardWare/Src/wheel.c ****       TIM_OCMode_PWM1; // PWM模式1：CNT<CCR时输出高电平
  33:MyHardWare/Src/wheel.c ****   TIM_OCInitStructure.TIM_OutputState = TIM_OutputState_Enable; // 使能输出
 114              		.loc 1 33 3 is_stmt 1 view .LVU29
 115              		.loc 1 33 39 is_stmt 0 view .LVU30
 116 0070 0125     		movs	r5, #1
 117 0072 ADF80250 		strh	r5, [sp, #2]	@ movhi
  34:MyHardWare/Src/wheel.c ****   TIM_OCInitStructure.TIM_Pulse = wheel[Wheel_A].pwm; // 初始占空比：50% (21/43)
 118              		.loc 1 34 3 is_stmt 1 view .LVU31
 119              		.loc 1 34 49 is_stmt 0 view .LVU32
 120 0076 134B     		ldr	r3, .L3+16
 121 0078 1B88     		ldrh	r3, [r3]
 122 007a 9BB2     		uxth	r3, r3
 123              		.loc 1 34 33 view .LVU33
 124 007c 0293     		str	r3, [sp, #8]
  35:MyHardWare/Src/wheel.c ****   TIM_OCInitStructure.TIM_OCPolarity =
 125              		.loc 1 35 3 is_stmt 1 view .LVU34
 126              		.loc 1 35 38 is_stmt 0 view .LVU35
 127 007e ADF80C40 		strh	r4, [sp, #12]	@ movhi
  36:MyHardWare/Src/wheel.c ****       TIM_OCPolarity_High; // 输出极性：高电平有效
  37:MyHardWare/Src/wheel.c ****   TIM_OCInitStructure.TIM_OCIdleState =
 128              		.loc 1 37 3 is_stmt 1 view .LVU36
 129              		.loc 1 37 39 is_stmt 0 view .LVU37
 130 0082 ADF81040 		strh	r4, [sp, #16]	@ movhi
  38:MyHardWare/Src/wheel.c ****       TIM_OCIdleState_Reset; // 空闲状态：低电平
  39:MyHardWare/Src/wheel.c **** 
  40:MyHardWare/Src/wheel.c ****   TIM_OC1Init(Wheel_TIM_A, &TIM_OCInitStructure);
 131              		.loc 1 40 3 is_stmt 1 view .LVU38
 132 0086 6946     		mov	r1, sp
ARM GAS  /tmp/ccQjlPGL.s 			page 4


 133 0088 4FF08040 		mov	r0, #1073741824
 134 008c FFF7FEFF 		bl	TIM_OC1Init
 135              	.LVL7:
  41:MyHardWare/Src/wheel.c ****   TIM_OC1PreloadConfig(Wheel_TIM_A, TIM_OCPreload_Enable); // 使能CCR预装载
 136              		.loc 1 41 3 view .LVU39
 137 0090 0821     		movs	r1, #8
 138 0092 4FF08040 		mov	r0, #1073741824
 139 0096 FFF7FEFF 		bl	TIM_OC1PreloadConfig
 140              	.LVL8:
  42:MyHardWare/Src/wheel.c **** 
  43:MyHardWare/Src/wheel.c ****   /* 使能定时器预装载寄存器 - 确保PWM更新同步 */
  44:MyHardWare/Src/wheel.c ****   TIM_ARRPreloadConfig(Wheel_TIM_A, ENABLE);
 141              		.loc 1 44 3 view .LVU40
 142 009a 2946     		mov	r1, r5
 143 009c 4FF08040 		mov	r0, #1073741824
 144 00a0 FFF7FEFF 		bl	TIM_ARRPreloadConfig
 145              	.LVL9:
  45:MyHardWare/Src/wheel.c **** 
  46:MyHardWare/Src/wheel.c ****   /* 先不启动定时器 - 等待用户控制启动 */
  47:MyHardWare/Src/wheel.c ****   TIM_Cmd(Wheel_TIM_A, DISABLE);
 146              		.loc 1 47 3 view .LVU41
 147 00a4 2146     		mov	r1, r4
 148 00a6 4FF08040 		mov	r0, #1073741824
 149 00aa FFF7FEFF 		bl	TIM_Cmd
 150              	.LVL10:
  48:MyHardWare/Src/wheel.c **** }
 151              		.loc 1 48 1 is_stmt 0 view .LVU42
 152 00ae 0BB0     		add	sp, sp, #44
 153              	.LCFI2:
 154              		.cfi_def_cfa_offset 12
 155              		@ sp needed
 156 00b0 30BD     		pop	{r4, r5, pc}
 157              	.L4:
 158 00b2 00BF     		.align	2
 159              	.L3:
 160 00b4 00000240 		.word	1073872896
 161 00b8 00040040 		.word	1073742848
 162 00bc 00080040 		.word	1073743872
 163 00c0 000C0040 		.word	1073744896
 164 00c4 00000000 		.word	wheel
 165              		.cfi_endproc
 166              	.LFE123:
 168              		.section	.text.Wheel_SetPWM,"ax",%progbits
 169              		.align	1
 170              		.global	Wheel_SetPWM
 171              		.syntax unified
 172              		.thumb
 173              		.thumb_func
 175              	Wheel_SetPWM:
 176              	.LVL11:
 177              	.LFB124:
  49:MyHardWare/Src/wheel.c **** void Wheel_SetPWM(Wheel wheel) { TIM_SetCompare1(Wheel_TIM_A, wheel); }
 178              		.loc 1 49 32 is_stmt 1 view -0
 179              		.cfi_startproc
 180              		@ args = 0, pretend = 0, frame = 0
 181              		@ frame_needed = 0, uses_anonymous_args = 0
 182              		.loc 1 49 32 is_stmt 0 view .LVU44
ARM GAS  /tmp/ccQjlPGL.s 			page 5


 183 0000 08B5     		push	{r3, lr}
 184              	.LCFI3:
 185              		.cfi_def_cfa_offset 8
 186              		.cfi_offset 3, -8
 187              		.cfi_offset 14, -4
 188 0002 0146     		mov	r1, r0
 189              		.loc 1 49 34 is_stmt 1 view .LVU45
 190 0004 4FF08040 		mov	r0, #1073741824
 191              	.LVL12:
 192              		.loc 1 49 34 is_stmt 0 view .LVU46
 193 0008 FFF7FEFF 		bl	TIM_SetCompare1
 194              	.LVL13:
 195              		.loc 1 49 71 view .LVU47
 196 000c 08BD     		pop	{r3, pc}
 197              		.cfi_endproc
 198              	.LFE124:
 200              		.global	wheel
 201              		.section	.bss.wheel,"aw",%nobits
 202              		.align	2
 205              	wheel:
 206 0000 00000000 		.space	24
 206      00000000 
 206      00000000 
 206      00000000 
 206      00000000 
 207              		.text
 208              	.Letext0:
 209              		.file 2 "/usr/lib/gcc/arm-none-eabi/13.2.1/include/stdint.h"
 210              		.file 3 "CMSIS/stm32f4xx.h"
 211              		.file 4 "Lib/StdPeriphs/inc/stm32f4xx_gpio.h"
 212              		.file 5 "Lib/StdPeriphs/inc/stm32f4xx_tim.h"
 213              		.file 6 "MyHardWare/Inc/wheel.h"
 214              		.file 7 "Lib/StdPeriphs/inc/stm32f4xx_rcc.h"
ARM GAS  /tmp/ccQjlPGL.s 			page 6


DEFINED SYMBOLS
                            *ABS*:00000000 wheel.c
     /tmp/ccQjlPGL.s:21     .text.wheel_Init:00000000 $t
     /tmp/ccQjlPGL.s:27     .text.wheel_Init:00000000 wheel_Init
     /tmp/ccQjlPGL.s:160    .text.wheel_Init:000000b4 $d
     /tmp/ccQjlPGL.s:205    .bss.wheel:00000000 wheel
     /tmp/ccQjlPGL.s:169    .text.Wheel_SetPWM:00000000 $t
     /tmp/ccQjlPGL.s:175    .text.Wheel_SetPWM:00000000 Wheel_SetPWM
     /tmp/ccQjlPGL.s:202    .bss.wheel:00000000 $d

UNDEFINED SYMBOLS
RCC_AHB1PeriphClockCmd
GPIO_Init
RCC_APB1PeriphClockCmd
TIM_TimeBaseInit
TIM_OC1Init
TIM_OC1PreloadConfig
TIM_ARRPreloadConfig
TIM_Cmd
TIM_SetCompare1
